{"/home/ryankhetlyr/Development/kings-cooking/eslint.config.js": {"path":"/home/ryankhetlyr/Development/kings-cooking/eslint.config.js","all":true,"statementMap":{"0":{"start":{"line":1,"column":0},"end":{"line":1,"column":27}},"1":{"start":{"line":2,"column":0},"end":{"line":2,"column":29}},"2":{"start":{"line":3,"column":0},"end":{"line":3,"column":50}},"3":{"start":{"line":4,"column":0},"end":{"line":4,"column":54}},"4":{"start":{"line":5,"column":0},"end":{"line":5,"column":40}},"6":{"start":{"line":7,"column":0},"end":{"line":7,"column":31}},"7":{"start":{"line":8,"column":0},"end":{"line":8,"column":152}},"8":{"start":{"line":9,"column":0},"end":{"line":9,"column":3}},"9":{"start":{"line":10,"column":0},"end":{"line":10,"column":82}},"10":{"start":{"line":11,"column":0},"end":{"line":11,"column":29}},"11":{"start":{"line":12,"column":0},"end":{"line":12,"column":22}},"12":{"start":{"line":13,"column":0},"end":{"line":13,"column":24}},"13":{"start":{"line":14,"column":0},"end":{"line":14,"column":31}},"14":{"start":{"line":15,"column":0},"end":{"line":15,"column":22}},"15":{"start":{"line":16,"column":0},"end":{"line":16,"column":61}},"16":{"start":{"line":17,"column":0},"end":{"line":17,"column":45}},"17":{"start":{"line":18,"column":0},"end":{"line":18,"column":8}},"18":{"start":{"line":19,"column":0},"end":{"line":19,"column":6}},"19":{"start":{"line":20,"column":0},"end":{"line":20,"column":14}},"20":{"start":{"line":21,"column":0},"end":{"line":21,"column":32}},"21":{"start":{"line":22,"column":0},"end":{"line":22,"column":36}},"22":{"start":{"line":23,"column":0},"end":{"line":23,"column":6}},"23":{"start":{"line":24,"column":0},"end":{"line":24,"column":12}},"24":{"start":{"line":25,"column":0},"end":{"line":25,"column":46}},"25":{"start":{"line":26,"column":0},"end":{"line":26,"column":47}},"26":{"start":{"line":27,"column":0},"end":{"line":27,"column":15}},"27":{"start":{"line":28,"column":0},"end":{"line":28,"column":38}},"28":{"start":{"line":29,"column":0},"end":{"line":29,"column":8}},"29":{"start":{"line":30,"column":0},"end":{"line":30,"column":44}},"30":{"start":{"line":31,"column":0},"end":{"line":31,"column":16}},"31":{"start":{"line":32,"column":0},"end":{"line":32,"column":36}},"32":{"start":{"line":33,"column":0},"end":{"line":33,"column":8}},"33":{"start":{"line":34,"column":0},"end":{"line":34,"column":52}},"34":{"start":{"line":35,"column":0},"end":{"line":35,"column":59}},"35":{"start":{"line":36,"column":0},"end":{"line":36,"column":16}},"36":{"start":{"line":37,"column":0},"end":{"line":37,"column":9}},"37":{"start":{"line":38,"column":0},"end":{"line":38,"column":33}},"38":{"start":{"line":39,"column":0},"end":{"line":39,"column":46}},"39":{"start":{"line":40,"column":0},"end":{"line":40,"column":10}},"40":{"start":{"line":41,"column":0},"end":{"line":41,"column":8}},"41":{"start":{"line":42,"column":0},"end":{"line":42,"column":6}},"42":{"start":{"line":43,"column":0},"end":{"line":43,"column":4}},"43":{"start":{"line":44,"column":0},"end":{"line":44,"column":1}}},"s":{"0":0,"1":0,"2":0,"3":0,"4":0,"6":0,"7":0,"8":0,"9":0,"10":0,"11":0,"12":0,"13":0,"14":0,"15":0,"16":0,"17":0,"18":0,"19":0,"20":0,"21":0,"22":0,"23":0,"24":0,"25":0,"26":0,"27":0,"28":0,"29":0,"30":0,"31":0,"32":0,"33":0,"34":0,"35":0,"36":0,"37":0,"38":0,"39":0,"40":0,"41":0,"42":0,"43":0},"branchMap":{"0":{"type":"branch","line":1,"loc":{"start":{"line":1,"column":1361},"end":{"line":44,"column":1}},"locations":[{"start":{"line":1,"column":1361},"end":{"line":44,"column":1}}]}},"b":{"0":[0]},"fnMap":{"0":{"name":"(empty-report)","decl":{"start":{"line":1,"column":1361},"end":{"line":44,"column":1}},"loc":{"start":{"line":1,"column":1361},"end":{"line":44,"column":1}},"line":1}},"f":{"0":0}}
,"/home/ryankhetlyr/Development/kings-cooking/kings-cooking-docs/update-tests.js": {"path":"/home/ryankhetlyr/Development/kings-cooking/kings-cooking-docs/update-tests.js","all":true,"statementMap":{"0":{"start":{"line":1,"column":0},"end":{"line":1,"column":55}},"1":{"start":{"line":2,"column":0},"end":{"line":2,"column":25}},"2":{"start":{"line":3,"column":0},"end":{"line":3,"column":29}},"4":{"start":{"line":5,"column":0},"end":{"line":5,"column":51}},"6":{"start":{"line":7,"column":0},"end":{"line":7,"column":18}},"7":{"start":{"line":8,"column":0},"end":{"line":8,"column":15}},"8":{"start":{"line":9,"column":0},"end":{"line":9,"column":36}},"9":{"start":{"line":10,"column":0},"end":{"line":10,"column":30}},"10":{"start":{"line":11,"column":0},"end":{"line":11,"column":32}},"11":{"start":{"line":12,"column":0},"end":{"line":12,"column":2}},"13":{"start":{"line":14,"column":0},"end":{"line":14,"column":23}},"14":{"start":{"line":15,"column":0},"end":{"line":15,"column":45}},"15":{"start":{"line":16,"column":0},"end":{"line":16,"column":50}},"17":{"start":{"line":18,"column":0},"end":{"line":18,"column":82}},"18":{"start":{"line":19,"column":0},"end":{"line":19,"column":109}},"19":{"start":{"line":20,"column":0},"end":{"line":20,"column":109}},"20":{"start":{"line":21,"column":0},"end":{"line":21,"column":83}},"21":{"start":{"line":22,"column":0},"end":{"line":22,"column":83}},"23":{"start":{"line":24,"column":0},"end":{"line":24,"column":82}},"24":{"start":{"line":25,"column":0},"end":{"line":25,"column":109}},"25":{"start":{"line":26,"column":0},"end":{"line":26,"column":109}},"26":{"start":{"line":27,"column":0},"end":{"line":27,"column":83}},"27":{"start":{"line":28,"column":0},"end":{"line":28,"column":83}},"29":{"start":{"line":30,"column":0},"end":{"line":30,"column":46}},"30":{"start":{"line":31,"column":0},"end":{"line":31,"column":34}},"31":{"start":{"line":32,"column":0},"end":{"line":32,"column":3}},"33":{"start":{"line":34,"column":0},"end":{"line":34,"column":21}}},"s":{"0":0,"1":0,"2":0,"4":0,"6":0,"7":0,"8":0,"9":0,"10":0,"11":0,"13":0,"14":0,"15":0,"17":0,"18":0,"19":0,"20":0,"21":0,"23":0,"24":0,"25":0,"26":0,"27":0,"29":0,"30":0,"31":0,"33":0},"branchMap":{"0":{"type":"branch","line":1,"loc":{"start":{"line":1,"column":1480},"end":{"line":34,"column":21}},"locations":[{"start":{"line":1,"column":1480},"end":{"line":34,"column":21}}]}},"b":{"0":[0]},"fnMap":{"0":{"name":"(empty-report)","decl":{"start":{"line":1,"column":1480},"end":{"line":34,"column":21}},"loc":{"start":{"line":1,"column":1480},"end":{"line":34,"column":21}},"line":1}},"f":{"0":0}}
,"/home/ryankhetlyr/Development/kings-cooking/src/App.tsx": {"path":"/home/ryankhetlyr/Development/kings-cooking/src/App.tsx","all":false,"statementMap":{"1":{"start":{"line":2,"column":0},"end":{"line":2,"column":53}},"2":{"start":{"line":3,"column":0},"end":{"line":3,"column":56}},"10":{"start":{"line":11,"column":0},"end":{"line":11,"column":30}},"11":{"start":{"line":12,"column":0},"end":{"line":12,"column":44}},"13":{"start":{"line":14,"column":0},"end":{"line":14,"column":87}},"14":{"start":{"line":15,"column":0},"end":{"line":15,"column":63}},"16":{"start":{"line":17,"column":0},"end":{"line":17,"column":55}},"17":{"start":{"line":18,"column":0},"end":{"line":18,"column":59}},"20":{"start":{"line":21,"column":0},"end":{"line":21,"column":51}},"21":{"start":{"line":22,"column":0},"end":{"line":22,"column":42}},"23":{"start":{"line":24,"column":0},"end":{"line":24,"column":46}},"24":{"start":{"line":25,"column":0},"end":{"line":25,"column":54}},"26":{"start":{"line":27,"column":0},"end":{"line":27,"column":50}},"27":{"start":{"line":28,"column":0},"end":{"line":28,"column":4}},"29":{"start":{"line":30,"column":0},"end":{"line":30,"column":42}},"30":{"start":{"line":31,"column":0},"end":{"line":31,"column":23}},"31":{"start":{"line":32,"column":0},"end":{"line":32,"column":29}},"32":{"start":{"line":33,"column":0},"end":{"line":33,"column":4}},"34":{"start":{"line":35,"column":0},"end":{"line":35,"column":10}},"35":{"start":{"line":36,"column":0},"end":{"line":36,"column":17}},"36":{"start":{"line":37,"column":0},"end":{"line":37,"column":24}},"37":{"start":{"line":38,"column":0},"end":{"line":38,"column":23}},"38":{"start":{"line":39,"column":0},"end":{"line":39,"column":34}},"39":{"start":{"line":40,"column":0},"end":{"line":40,"column":7}},"40":{"start":{"line":41,"column":0},"end":{"line":41,"column":50}},"42":{"start":{"line":43,"column":0},"end":{"line":43,"column":74}},"43":{"start":{"line":44,"column":0},"end":{"line":44,"column":34}},"44":{"start":{"line":45,"column":0},"end":{"line":45,"column":20}},"45":{"start":{"line":46,"column":0},"end":{"line":46,"column":28}},"46":{"start":{"line":47,"column":0},"end":{"line":47,"column":21}},"47":{"start":{"line":48,"column":0},"end":{"line":48,"column":43}},"48":{"start":{"line":49,"column":0},"end":{"line":49,"column":11}},"49":{"start":{"line":50,"column":0},"end":{"line":50,"column":72}},"50":{"start":{"line":51,"column":0},"end":{"line":51,"column":67}},"51":{"start":{"line":52,"column":0},"end":{"line":52,"column":68}},"52":{"start":{"line":53,"column":0},"end":{"line":53,"column":76}},"53":{"start":{"line":54,"column":0},"end":{"line":54,"column":68}},"54":{"start":{"line":55,"column":0},"end":{"line":55,"column":63}},"55":{"start":{"line":56,"column":0},"end":{"line":56,"column":69}},"56":{"start":{"line":57,"column":0},"end":{"line":57,"column":13}},"58":{"start":{"line":59,"column":0},"end":{"line":59,"column":55}},"60":{"start":{"line":61,"column":0},"end":{"line":61,"column":12}},"61":{"start":{"line":62,"column":0},"end":{"line":62,"column":12}},"63":{"start":{"line":64,"column":0},"end":{"line":64,"column":74}},"64":{"start":{"line":65,"column":0},"end":{"line":65,"column":33}},"65":{"start":{"line":66,"column":0},"end":{"line":66,"column":62}},"66":{"start":{"line":67,"column":0},"end":{"line":67,"column":21}},"67":{"start":{"line":68,"column":0},"end":{"line":68,"column":26}},"68":{"start":{"line":69,"column":0},"end":{"line":69,"column":35}},"69":{"start":{"line":70,"column":0},"end":{"line":70,"column":26}},"70":{"start":{"line":71,"column":0},"end":{"line":71,"column":11}},"71":{"start":{"line":72,"column":0},"end":{"line":72,"column":49}},"73":{"start":{"line":74,"column":0},"end":{"line":74,"column":19}},"74":{"start":{"line":75,"column":0},"end":{"line":75,"column":47}},"76":{"start":{"line":77,"column":0},"end":{"line":77,"column":19}},"77":{"start":{"line":78,"column":0},"end":{"line":78,"column":14}},"78":{"start":{"line":79,"column":0},"end":{"line":79,"column":12}},"80":{"start":{"line":81,"column":0},"end":{"line":81,"column":28}},"81":{"start":{"line":82,"column":0},"end":{"line":82,"column":27}},"82":{"start":{"line":83,"column":0},"end":{"line":83,"column":57}},"83":{"start":{"line":84,"column":0},"end":{"line":84,"column":20}},"84":{"start":{"line":85,"column":0},"end":{"line":85,"column":42}},"85":{"start":{"line":86,"column":0},"end":{"line":86,"column":46}},"86":{"start":{"line":87,"column":0},"end":{"line":87,"column":11}},"87":{"start":{"line":88,"column":0},"end":{"line":88,"column":48}},"88":{"start":{"line":89,"column":0},"end":{"line":89,"column":49}},"89":{"start":{"line":90,"column":0},"end":{"line":90,"column":49}},"90":{"start":{"line":91,"column":0},"end":{"line":91,"column":48}},"91":{"start":{"line":92,"column":0},"end":{"line":92,"column":58}},"92":{"start":{"line":93,"column":0},"end":{"line":93,"column":49}},"93":{"start":{"line":94,"column":0},"end":{"line":94,"column":13}},"94":{"start":{"line":95,"column":0},"end":{"line":95,"column":12}},"95":{"start":{"line":96,"column":0},"end":{"line":96,"column":10}},"97":{"start":{"line":98,"column":0},"end":{"line":98,"column":1}},"99":{"start":{"line":100,"column":0},"end":{"line":100,"column":19}}},"s":{"1":1,"2":1,"10":4,"11":4,"13":1,"14":1,"16":1,"17":1,"20":1,"21":1,"23":1,"24":1,"26":1,"27":1,"29":4,"30":1,"31":1,"32":1,"34":4,"35":4,"36":4,"37":4,"38":4,"39":4,"40":4,"42":4,"43":4,"44":4,"45":4,"46":4,"47":4,"48":4,"49":4,"50":4,"51":4,"52":4,"53":4,"54":4,"55":4,"56":4,"58":4,"60":4,"61":4,"63":4,"64":4,"65":4,"66":4,"67":4,"68":4,"69":4,"70":4,"71":4,"73":4,"74":4,"76":4,"77":4,"78":4,"80":4,"81":4,"82":4,"83":4,"84":4,"85":4,"86":4,"87":4,"88":4,"89":4,"90":4,"91":4,"92":4,"93":4,"94":4,"95":4,"97":4,"99":1},"branchMap":{"0":{"type":"branch","line":11,"loc":{"start":{"line":11,"column":0},"end":{"line":98,"column":1}},"locations":[{"start":{"line":11,"column":0},"end":{"line":98,"column":1}}]},"1":{"type":"branch","line":12,"loc":{"start":{"line":12,"column":31},"end":{"line":28,"column":4}},"locations":[{"start":{"line":12,"column":31},"end":{"line":28,"column":4}}]},"2":{"type":"branch","line":30,"loc":{"start":{"line":30,"column":29},"end":{"line":33,"column":4}},"locations":[{"start":{"line":30,"column":29},"end":{"line":33,"column":4}}]}},"b":{"0":[4],"1":[1],"2":[1]},"fnMap":{"0":{"name":"App","decl":{"start":{"line":11,"column":0},"end":{"line":98,"column":1}},"loc":{"start":{"line":11,"column":0},"end":{"line":98,"column":1}},"line":11},"1":{"name":"handleTestValidation","decl":{"start":{"line":12,"column":31},"end":{"line":28,"column":4}},"loc":{"start":{"line":12,"column":31},"end":{"line":28,"column":4}},"line":12},"2":{"name":"handleClearStorage","decl":{"start":{"line":30,"column":29},"end":{"line":33,"column":4}},"loc":{"start":{"line":30,"column":29},"end":{"line":33,"column":4}},"line":30}},"f":{"0":4,"1":1,"2":1}}
,"/home/ryankhetlyr/Development/kings-cooking/src/main.tsx": {"path":"/home/ryankhetlyr/Development/kings-cooking/src/main.tsx","all":true,"statementMap":{"0":{"start":{"line":1,"column":0},"end":{"line":1,"column":34}},"1":{"start":{"line":2,"column":0},"end":{"line":2,"column":45}},"2":{"start":{"line":3,"column":0},"end":{"line":3,"column":20}},"3":{"start":{"line":4,"column":0},"end":{"line":4,"column":27}},"5":{"start":{"line":6,"column":0},"end":{"line":6,"column":52}},"6":{"start":{"line":7,"column":0},"end":{"line":7,"column":14}},"7":{"start":{"line":8,"column":0},"end":{"line":8,"column":11}},"8":{"start":{"line":9,"column":0},"end":{"line":9,"column":16}},"9":{"start":{"line":10,"column":0},"end":{"line":10,"column":1}}},"s":{"0":0,"1":0,"2":0,"3":0,"5":0,"6":0,"7":0,"8":0,"9":0},"branchMap":{"0":{"type":"branch","line":1,"loc":{"start":{"line":1,"column":203},"end":{"line":10,"column":-148}},"locations":[{"start":{"line":1,"column":203},"end":{"line":10,"column":-148}}]}},"b":{"0":[0]},"fnMap":{"0":{"name":"(empty-report)","decl":{"start":{"line":1,"column":203},"end":{"line":10,"column":-148}},"loc":{"start":{"line":1,"column":203},"end":{"line":10,"column":-148}},"line":1}},"f":{"0":0}}
,"/home/ryankhetlyr/Development/kings-cooking/src/lib/storage/localStorage.ts": {"path":"/home/ryankhetlyr/Development/kings-cooking/src/lib/storage/localStorage.ts","all":false,"statementMap":{"13":{"start":{"line":14,"column":0},"end":{"line":14,"column":24}},"14":{"start":{"line":15,"column":0},"end":{"line":15,"column":72}},"24":{"start":{"line":25,"column":0},"end":{"line":25,"column":29}},"26":{"start":{"line":27,"column":0},"end":{"line":27,"column":35}},"29":{"start":{"line":30,"column":0},"end":{"line":30,"column":45}},"32":{"start":{"line":33,"column":0},"end":{"line":33,"column":45}},"35":{"start":{"line":36,"column":0},"end":{"line":36,"column":45}},"38":{"start":{"line":39,"column":0},"end":{"line":39,"column":41}},"41":{"start":{"line":42,"column":0},"end":{"line":42,"column":39}},"42":{"start":{"line":43,"column":0},"end":{"line":43,"column":11}},"68":{"start":{"line":69,"column":0},"end":{"line":69,"column":36}},"69":{"start":{"line":70,"column":0},"end":{"line":70,"column":14}},"70":{"start":{"line":71,"column":0},"end":{"line":71,"column":22}},"71":{"start":{"line":72,"column":0},"end":{"line":72,"column":13}},"72":{"start":{"line":73,"column":0},"end":{"line":73,"column":7}},"73":{"start":{"line":74,"column":0},"end":{"line":74,"column":45}},"74":{"start":{"line":75,"column":0},"end":{"line":75,"column":29}},"76":{"start":{"line":77,"column":0},"end":{"line":77,"column":47}},"77":{"start":{"line":78,"column":0},"end":{"line":78,"column":44}},"79":{"start":{"line":80,"column":0},"end":{"line":80,"column":25}},"80":{"start":{"line":81,"column":0},"end":{"line":81,"column":25}},"81":{"start":{"line":82,"column":0},"end":{"line":82,"column":12}},"82":{"start":{"line":83,"column":0},"end":{"line":83,"column":90}},"84":{"start":{"line":85,"column":0},"end":{"line":85,"column":35}},"85":{"start":{"line":86,"column":0},"end":{"line":86,"column":18}},"86":{"start":{"line":87,"column":0},"end":{"line":87,"column":5}},"87":{"start":{"line":88,"column":0},"end":{"line":88,"column":19}},"88":{"start":{"line":89,"column":0},"end":{"line":89,"column":70}},"89":{"start":{"line":90,"column":0},"end":{"line":90,"column":33}},"90":{"start":{"line":91,"column":0},"end":{"line":91,"column":16}},"91":{"start":{"line":92,"column":0},"end":{"line":92,"column":3}},"92":{"start":{"line":93,"column":0},"end":{"line":93,"column":1}},"111":{"start":{"line":112,"column":0},"end":{"line":112,"column":36}},"112":{"start":{"line":113,"column":0},"end":{"line":113,"column":14}},"113":{"start":{"line":114,"column":0},"end":{"line":114,"column":11}},"114":{"start":{"line":115,"column":0},"end":{"line":115,"column":22}},"115":{"start":{"line":116,"column":0},"end":{"line":116,"column":12}},"116":{"start":{"line":117,"column":0},"end":{"line":117,"column":7}},"118":{"start":{"line":119,"column":0},"end":{"line":119,"column":42}},"119":{"start":{"line":120,"column":0},"end":{"line":120,"column":57}},"120":{"start":{"line":121,"column":0},"end":{"line":121,"column":16}},"121":{"start":{"line":122,"column":0},"end":{"line":122,"column":19}},"122":{"start":{"line":123,"column":0},"end":{"line":123,"column":70}},"123":{"start":{"line":124,"column":0},"end":{"line":124,"column":17}},"124":{"start":{"line":125,"column":0},"end":{"line":125,"column":3}},"125":{"start":{"line":126,"column":0},"end":{"line":126,"column":1}},"132":{"start":{"line":133,"column":0},"end":{"line":133,"column":47}},"133":{"start":{"line":134,"column":0},"end":{"line":134,"column":31}},"134":{"start":{"line":135,"column":0},"end":{"line":135,"column":1}},"140":{"start":{"line":141,"column":0},"end":{"line":141,"column":42}},"141":{"start":{"line":142,"column":0},"end":{"line":142,"column":48}},"142":{"start":{"line":143,"column":0},"end":{"line":143,"column":33}},"143":{"start":{"line":144,"column":0},"end":{"line":144,"column":5}},"144":{"start":{"line":145,"column":0},"end":{"line":145,"column":1}},"150":{"start":{"line":151,"column":0},"end":{"line":151,"column":45}},"151":{"start":{"line":152,"column":0},"end":{"line":152,"column":41}},"152":{"start":{"line":153,"column":0},"end":{"line":153,"column":50}},"158":{"start":{"line":159,"column":0},"end":{"line":159,"column":24}},"160":{"start":{"line":161,"column":0},"end":{"line":161,"column":33}},"161":{"start":{"line":162,"column":0},"end":{"line":162,"column":55}},"163":{"start":{"line":164,"column":0},"end":{"line":164,"column":39}},"164":{"start":{"line":165,"column":0},"end":{"line":165,"column":61}},"167":{"start":{"line":168,"column":0},"end":{"line":168,"column":37}},"168":{"start":{"line":169,"column":0},"end":{"line":169,"column":64}},"170":{"start":{"line":171,"column":0},"end":{"line":171,"column":41}},"171":{"start":{"line":172,"column":0},"end":{"line":172,"column":68}},"174":{"start":{"line":175,"column":0},"end":{"line":175,"column":38}},"175":{"start":{"line":176,"column":0},"end":{"line":176,"column":60}},"177":{"start":{"line":178,"column":0},"end":{"line":178,"column":44}},"178":{"start":{"line":179,"column":0},"end":{"line":179,"column":66}},"180":{"start":{"line":181,"column":0},"end":{"line":181,"column":38}},"181":{"start":{"line":182,"column":0},"end":{"line":182,"column":60}},"183":{"start":{"line":184,"column":0},"end":{"line":184,"column":44}},"184":{"start":{"line":185,"column":0},"end":{"line":185,"column":66}},"187":{"start":{"line":188,"column":0},"end":{"line":188,"column":46}},"188":{"start":{"line":189,"column":0},"end":{"line":189,"column":61}},"190":{"start":{"line":191,"column":0},"end":{"line":191,"column":52}},"191":{"start":{"line":192,"column":0},"end":{"line":192,"column":67}},"194":{"start":{"line":195,"column":0},"end":{"line":195,"column":39}},"195":{"start":{"line":196,"column":0},"end":{"line":196,"column":83}},"197":{"start":{"line":198,"column":0},"end":{"line":198,"column":46}},"198":{"start":{"line":199,"column":0},"end":{"line":199,"column":70}},"201":{"start":{"line":202,"column":0},"end":{"line":202,"column":29}},"202":{"start":{"line":203,"column":0},"end":{"line":203,"column":2}}},"s":{"13":1,"14":1,"24":1,"26":1,"29":1,"32":1,"35":1,"38":1,"41":1,"42":1,"68":1,"69":11,"70":11,"71":11,"72":11,"73":11,"74":11,"76":7,"77":7,"79":11,"80":5,"81":11,"82":1,"84":1,"85":1,"86":1,"87":11,"88":1,"89":1,"90":1,"91":1,"92":11,"111":1,"112":10,"113":10,"114":10,"115":10,"116":10,"118":10,"119":10,"120":10,"121":10,"122":2,"123":2,"124":2,"125":10,"132":1,"133":0,"134":0,"140":1,"141":2,"142":12,"143":2,"144":2,"150":1,"151":1,"152":1,"158":1,"160":1,"161":3,"163":1,"164":3,"167":1,"168":1,"170":1,"171":1,"174":1,"175":1,"177":1,"178":1,"180":1,"181":0,"183":1,"184":0,"187":1,"188":2,"190":1,"191":3,"194":1,"195":0,"197":1,"198":0,"201":1,"202":1},"branchMap":{"0":{"type":"branch","line":69,"loc":{"start":{"line":69,"column":7},"end":{"line":93,"column":1}},"locations":[{"start":{"line":69,"column":7},"end":{"line":93,"column":1}}]},"1":{"type":"branch","line":75,"loc":{"start":{"line":75,"column":17},"end":{"line":75,"column":29}},"locations":[{"start":{"line":75,"column":17},"end":{"line":75,"column":29}}]},"2":{"type":"branch","line":75,"loc":{"start":{"line":75,"column":24},"end":{"line":80,"column":24}},"locations":[{"start":{"line":75,"column":24},"end":{"line":80,"column":24}}]},"3":{"type":"branch","line":80,"loc":{"start":{"line":80,"column":24},"end":{"line":82,"column":11}},"locations":[{"start":{"line":80,"column":24},"end":{"line":82,"column":11}}]},"4":{"type":"branch","line":82,"loc":{"start":{"line":82,"column":4},"end":{"line":87,"column":5}},"locations":[{"start":{"line":82,"column":4},"end":{"line":87,"column":5}}]},"5":{"type":"branch","line":88,"loc":{"start":{"line":88,"column":2},"end":{"line":92,"column":3}},"locations":[{"start":{"line":88,"column":2},"end":{"line":92,"column":3}}]},"6":{"type":"branch","line":112,"loc":{"start":{"line":112,"column":7},"end":{"line":126,"column":1}},"locations":[{"start":{"line":112,"column":7},"end":{"line":126,"column":1}}]},"7":{"type":"branch","line":122,"loc":{"start":{"line":122,"column":2},"end":{"line":125,"column":3}},"locations":[{"start":{"line":122,"column":2},"end":{"line":125,"column":3}}]},"8":{"type":"branch","line":141,"loc":{"start":{"line":141,"column":7},"end":{"line":145,"column":1}},"locations":[{"start":{"line":141,"column":7},"end":{"line":145,"column":1}}]},"9":{"type":"branch","line":142,"loc":{"start":{"line":142,"column":38},"end":{"line":144,"column":3}},"locations":[{"start":{"line":142,"column":38},"end":{"line":144,"column":3}}]},"10":{"type":"branch","line":161,"loc":{"start":{"line":161,"column":13},"end":{"line":162,"column":55}},"locations":[{"start":{"line":161,"column":13},"end":{"line":162,"column":55}}]},"11":{"type":"branch","line":164,"loc":{"start":{"line":164,"column":13},"end":{"line":165,"column":61}},"locations":[{"start":{"line":164,"column":13},"end":{"line":165,"column":61}}]},"12":{"type":"branch","line":168,"loc":{"start":{"line":168,"column":17},"end":{"line":169,"column":64}},"locations":[{"start":{"line":168,"column":17},"end":{"line":169,"column":64}}]},"13":{"type":"branch","line":171,"loc":{"start":{"line":171,"column":17},"end":{"line":172,"column":68}},"locations":[{"start":{"line":171,"column":17},"end":{"line":172,"column":68}}]},"14":{"type":"branch","line":175,"loc":{"start":{"line":175,"column":18},"end":{"line":176,"column":60}},"locations":[{"start":{"line":175,"column":18},"end":{"line":176,"column":60}}]},"15":{"type":"branch","line":178,"loc":{"start":{"line":178,"column":18},"end":{"line":179,"column":66}},"locations":[{"start":{"line":178,"column":18},"end":{"line":179,"column":66}}]},"16":{"type":"branch","line":188,"loc":{"start":{"line":188,"column":15},"end":{"line":189,"column":61}},"locations":[{"start":{"line":188,"column":15},"end":{"line":189,"column":61}}]},"17":{"type":"branch","line":191,"loc":{"start":{"line":191,"column":15},"end":{"line":192,"column":67}},"locations":[{"start":{"line":191,"column":15},"end":{"line":192,"column":67}}]}},"b":{"0":[11],"1":[4],"2":[7],"3":[5],"4":[1],"5":[1],"6":[10],"7":[2],"8":[2],"9":[12],"10":[3],"11":[3],"12":[1],"13":[1],"14":[1],"15":[1],"16":[2],"17":[3]},"fnMap":{"0":{"name":"getValidatedItem","decl":{"start":{"line":69,"column":7},"end":{"line":93,"column":1}},"loc":{"start":{"line":69,"column":7},"end":{"line":93,"column":1}},"line":69},"1":{"name":"setValidatedItem","decl":{"start":{"line":112,"column":7},"end":{"line":126,"column":1}},"loc":{"start":{"line":112,"column":7},"end":{"line":126,"column":1}},"line":112},"2":{"name":"removeItem","decl":{"start":{"line":133,"column":7},"end":{"line":135,"column":1}},"loc":{"start":{"line":133,"column":7},"end":{"line":135,"column":1}},"line":133},"3":{"name":"clearGameStorage","decl":{"start":{"line":141,"column":7},"end":{"line":145,"column":1}},"loc":{"start":{"line":141,"column":7},"end":{"line":145,"column":1}},"line":141},"4":{"name":"getMyName","decl":{"start":{"line":161,"column":13},"end":{"line":162,"column":55}},"loc":{"start":{"line":161,"column":13},"end":{"line":162,"column":55}},"line":161},"5":{"name":"setMyName","decl":{"start":{"line":164,"column":13},"end":{"line":165,"column":61}},"loc":{"start":{"line":164,"column":13},"end":{"line":165,"column":61}},"line":164},"6":{"name":"getMyPlayerId","decl":{"start":{"line":168,"column":17},"end":{"line":169,"column":64}},"loc":{"start":{"line":168,"column":17},"end":{"line":169,"column":64}},"line":168},"7":{"name":"setMyPlayerId","decl":{"start":{"line":171,"column":17},"end":{"line":172,"column":68}},"loc":{"start":{"line":171,"column":17},"end":{"line":172,"column":68}},"line":171},"8":{"name":"getPlayer1Name","decl":{"start":{"line":175,"column":18},"end":{"line":176,"column":60}},"loc":{"start":{"line":175,"column":18},"end":{"line":176,"column":60}},"line":175},"9":{"name":"setPlayer1Name","decl":{"start":{"line":178,"column":18},"end":{"line":179,"column":66}},"loc":{"start":{"line":178,"column":18},"end":{"line":179,"column":66}},"line":178},"10":{"name":"getPlayer2Name","decl":{"start":{"line":181,"column":18},"end":{"line":182,"column":60}},"loc":{"start":{"line":181,"column":18},"end":{"line":182,"column":60}},"line":181},"11":{"name":"setPlayer2Name","decl":{"start":{"line":184,"column":18},"end":{"line":185,"column":66}},"loc":{"start":{"line":184,"column":18},"end":{"line":185,"column":66}},"line":184},"12":{"name":"getGameMode","decl":{"start":{"line":188,"column":15},"end":{"line":189,"column":61}},"loc":{"start":{"line":188,"column":15},"end":{"line":189,"column":61}},"line":188},"13":{"name":"setGameMode","decl":{"start":{"line":191,"column":15},"end":{"line":192,"column":67}},"loc":{"start":{"line":191,"column":15},"end":{"line":192,"column":67}},"line":191},"14":{"name":"getGameState","decl":{"start":{"line":195,"column":16},"end":{"line":196,"column":83}},"loc":{"start":{"line":195,"column":16},"end":{"line":196,"column":83}},"line":195},"15":{"name":"setGameState","decl":{"start":{"line":198,"column":16},"end":{"line":199,"column":70}},"loc":{"start":{"line":198,"column":16},"end":{"line":199,"column":70}},"line":198}},"f":{"0":11,"1":10,"2":0,"3":2,"4":3,"5":3,"6":1,"7":1,"8":1,"9":1,"10":0,"11":0,"12":2,"13":3,"14":0,"15":0}}
,"/home/ryankhetlyr/Development/kings-cooking/src/lib/validation/schemas.ts": {"path":"/home/ryankhetlyr/Development/kings-cooking/src/lib/validation/schemas.ts","all":false,"statementMap":{"12":{"start":{"line":13,"column":0},"end":{"line":13,"column":24}},"30":{"start":{"line":31,"column":0},"end":{"line":31,"column":68}},"37":{"start":{"line":38,"column":0},"end":{"line":38,"column":64}},"44":{"start":{"line":45,"column":0},"end":{"line":45,"column":64}},"55":{"start":{"line":56,"column":0},"end":{"line":56,"column":68}},"62":{"start":{"line":63,"column":0},"end":{"line":63,"column":59}},"75":{"start":{"line":76,"column":0},"end":{"line":76,"column":39}},"76":{"start":{"line":77,"column":0},"end":{"line":77,"column":26}},"77":{"start":{"line":78,"column":0},"end":{"line":78,"column":26}},"78":{"start":{"line":79,"column":0},"end":{"line":79,"column":14}},"91":{"start":{"line":92,"column":0},"end":{"line":92,"column":37}},"92":{"start":{"line":93,"column":0},"end":{"line":93,"column":24}},"93":{"start":{"line":94,"column":0},"end":{"line":94,"column":26}},"94":{"start":{"line":95,"column":0},"end":{"line":95,"column":27}},"95":{"start":{"line":96,"column":0},"end":{"line":96,"column":37}},"96":{"start":{"line":97,"column":0},"end":{"line":97,"column":24}},"97":{"start":{"line":98,"column":0},"end":{"line":98,"column":3}},"111":{"start":{"line":112,"column":0},"end":{"line":112,"column":42}},"112":{"start":{"line":113,"column":0},"end":{"line":113,"column":21}},"113":{"start":{"line":114,"column":0},"end":{"line":114,"column":34}},"114":{"start":{"line":115,"column":0},"end":{"line":115,"column":3}},"132":{"start":{"line":133,"column":0},"end":{"line":133,"column":36}},"133":{"start":{"line":134,"column":0},"end":{"line":134,"column":42}},"134":{"start":{"line":135,"column":0},"end":{"line":135,"column":15}},"135":{"start":{"line":136,"column":0},"end":{"line":136,"column":38}},"136":{"start":{"line":137,"column":0},"end":{"line":137,"column":26}},"137":{"start":{"line":138,"column":0},"end":{"line":138,"column":5}},"138":{"start":{"line":139,"column":0},"end":{"line":139,"column":21}},"139":{"start":{"line":140,"column":0},"end":{"line":140,"column":35}},"140":{"start":{"line":141,"column":0},"end":{"line":141,"column":24}},"141":{"start":{"line":142,"column":0},"end":{"line":142,"column":3}},"174":{"start":{"line":175,"column":0},"end":{"line":175,"column":41}},"175":{"start":{"line":176,"column":0},"end":{"line":176,"column":30}},"176":{"start":{"line":177,"column":0},"end":{"line":177,"column":23}},"179":{"start":{"line":180,"column":0},"end":{"line":180,"column":70}},"182":{"start":{"line":183,"column":0},"end":{"line":183,"column":68}},"183":{"start":{"line":184,"column":0},"end":{"line":184,"column":68}},"186":{"start":{"line":187,"column":0},"end":{"line":187,"column":38}},"187":{"start":{"line":188,"column":0},"end":{"line":188,"column":38}},"190":{"start":{"line":191,"column":0},"end":{"line":191,"column":39}},"191":{"start":{"line":192,"column":0},"end":{"line":192,"column":34}},"194":{"start":{"line":195,"column":0},"end":{"line":195,"column":32}},"195":{"start":{"line":196,"column":0},"end":{"line":196,"column":32}},"198":{"start":{"line":199,"column":0},"end":{"line":199,"column":66}},"199":{"start":{"line":200,"column":0},"end":{"line":200,"column":38}},"202":{"start":{"line":203,"column":0},"end":{"line":203,"column":35}},"205":{"start":{"line":206,"column":0},"end":{"line":206,"column":23}},"206":{"start":{"line":207,"column":0},"end":{"line":207,"column":3}},"234":{"start":{"line":235,"column":0},"end":{"line":235,"column":61}},"235":{"start":{"line":236,"column":0},"end":{"line":236,"column":37}},"236":{"start":{"line":237,"column":0},"end":{"line":237,"column":1}},"260":{"start":{"line":261,"column":0},"end":{"line":261,"column":38}},"261":{"start":{"line":262,"column":0},"end":{"line":262,"column":15}},"262":{"start":{"line":263,"column":0},"end":{"line":263,"column":46}},"263":{"start":{"line":264,"column":0},"end":{"line":264,"column":41}},"264":{"start":{"line":265,"column":0},"end":{"line":265,"column":1}},"274":{"start":{"line":275,"column":0},"end":{"line":275,"column":53}},"275":{"start":{"line":276,"column":0},"end":{"line":276,"column":33}},"276":{"start":{"line":277,"column":0},"end":{"line":277,"column":1}},"284":{"start":{"line":285,"column":0},"end":{"line":285,"column":34}},"285":{"start":{"line":286,"column":0},"end":{"line":286,"column":15}},"286":{"start":{"line":287,"column":0},"end":{"line":287,"column":42}},"287":{"start":{"line":288,"column":0},"end":{"line":288,"column":37}},"288":{"start":{"line":289,"column":0},"end":{"line":289,"column":1}}},"s":{"12":1,"30":1,"37":1,"44":1,"55":1,"62":1,"75":1,"76":1,"77":1,"78":1,"91":1,"92":1,"93":1,"94":1,"95":1,"96":1,"97":1,"111":1,"112":1,"113":1,"114":1,"132":1,"133":1,"134":1,"135":1,"136":1,"137":1,"138":1,"139":1,"140":1,"141":1,"174":1,"175":1,"176":1,"179":1,"182":1,"183":1,"186":1,"187":1,"190":1,"191":1,"194":1,"195":1,"198":1,"199":1,"202":1,"205":1,"206":1,"234":1,"235":3,"236":3,"260":1,"261":2,"262":2,"263":2,"264":2,"274":1,"275":0,"276":0,"284":1,"285":0,"286":0,"287":0,"288":0},"branchMap":{"0":{"type":"branch","line":235,"loc":{"start":{"line":235,"column":7},"end":{"line":237,"column":1}},"locations":[{"start":{"line":235,"column":7},"end":{"line":237,"column":1}}]},"1":{"type":"branch","line":261,"loc":{"start":{"line":261,"column":7},"end":{"line":265,"column":1}},"locations":[{"start":{"line":261,"column":7},"end":{"line":265,"column":1}}]}},"b":{"0":[3],"1":[2]},"fnMap":{"0":{"name":"validateGameState","decl":{"start":{"line":235,"column":7},"end":{"line":237,"column":1}},"loc":{"start":{"line":235,"column":7},"end":{"line":237,"column":1}},"line":235},"1":{"name":"safeValidateGameState","decl":{"start":{"line":261,"column":7},"end":{"line":265,"column":1}},"loc":{"start":{"line":261,"column":7},"end":{"line":265,"column":1}},"line":261},"2":{"name":"validatePiece","decl":{"start":{"line":275,"column":7},"end":{"line":277,"column":1}},"loc":{"start":{"line":275,"column":7},"end":{"line":277,"column":1}},"line":275},"3":{"name":"safeValidatePiece","decl":{"start":{"line":285,"column":7},"end":{"line":289,"column":1}},"loc":{"start":{"line":285,"column":7},"end":{"line":289,"column":1}},"line":285}},"f":{"0":3,"1":2,"2":0,"3":0}}
}
