{"/home/ryankhetlyr/Development/kings-cooking/src/components/HistoryComparisonModal.tsx": {"path":"/home/ryankhetlyr/Development/kings-cooking/src/components/HistoryComparisonModal.tsx","all":false,"statementMap":{"8":{"start":{"line":9,"column":0},"end":{"line":9,"column":80}},"9":{"start":{"line":10,"column":0},"end":{"line":10,"column":41}},"11":{"start":{"line":12,"column":0},"end":{"line":12,"column":65}},"50":{"start":{"line":51,"column":0},"end":{"line":51,"column":40}},"51":{"start":{"line":52,"column":0},"end":{"line":52,"column":9}},"52":{"start":{"line":53,"column":0},"end":{"line":53,"column":10}},"53":{"start":{"line":54,"column":0},"end":{"line":54,"column":10}},"54":{"start":{"line":55,"column":0},"end":{"line":55,"column":15}},"55":{"start":{"line":56,"column":0},"end":{"line":56,"column":21}},"56":{"start":{"line":57,"column":0},"end":{"line":57,"column":57}},"57":{"start":{"line":58,"column":0},"end":{"line":58,"column":58}},"58":{"start":{"line":59,"column":0},"end":{"line":59,"column":52}},"61":{"start":{"line":62,"column":0},"end":{"line":62,"column":18}},"63":{"start":{"line":64,"column":0},"end":{"line":64,"column":40}},"68":{"start":{"line":69,"column":0},"end":{"line":69,"column":41}},"69":{"start":{"line":70,"column":0},"end":{"line":70,"column":70}},"71":{"start":{"line":72,"column":0},"end":{"line":72,"column":41}},"73":{"start":{"line":74,"column":0},"end":{"line":74,"column":34}},"74":{"start":{"line":75,"column":0},"end":{"line":75,"column":40}},"76":{"start":{"line":77,"column":0},"end":{"line":77,"column":10}},"77":{"start":{"line":78,"column":0},"end":{"line":78,"column":17}},"78":{"start":{"line":79,"column":0},"end":{"line":79,"column":20}},"79":{"start":{"line":80,"column":0},"end":{"line":80,"column":48}},"80":{"start":{"line":81,"column":0},"end":{"line":81,"column":49}},"81":{"start":{"line":82,"column":0},"end":{"line":82,"column":39}},"82":{"start":{"line":83,"column":0},"end":{"line":83,"column":43}},"83":{"start":{"line":84,"column":0},"end":{"line":84,"column":84}},"84":{"start":{"line":85,"column":0},"end":{"line":85,"column":9}},"85":{"start":{"line":86,"column":0},"end":{"line":86,"column":17}},"86":{"start":{"line":87,"column":0},"end":{"line":87,"column":7}},"87":{"start":{"line":88,"column":0},"end":{"line":88,"column":5}},"90":{"start":{"line":91,"column":0},"end":{"line":91,"column":21}},"91":{"start":{"line":92,"column":0},"end":{"line":92,"column":32}},"97":{"start":{"line":98,"column":0},"end":{"line":98,"column":56}},"98":{"start":{"line":99,"column":0},"end":{"line":99,"column":26}},"99":{"start":{"line":100,"column":0},"end":{"line":100,"column":26}},"101":{"start":{"line":102,"column":0},"end":{"line":102,"column":9}},"103":{"start":{"line":104,"column":0},"end":{"line":104,"column":75}},"104":{"start":{"line":105,"column":0},"end":{"line":105,"column":88}},"107":{"start":{"line":108,"column":0},"end":{"line":108,"column":51}},"109":{"start":{"line":110,"column":0},"end":{"line":110,"column":23}},"110":{"start":{"line":111,"column":0},"end":{"line":111,"column":24}},"111":{"start":{"line":112,"column":0},"end":{"line":112,"column":65}},"112":{"start":{"line":113,"column":0},"end":{"line":113,"column":9}},"115":{"start":{"line":116,"column":0},"end":{"line":116,"column":24}},"116":{"start":{"line":117,"column":0},"end":{"line":117,"column":18}},"117":{"start":{"line":118,"column":0},"end":{"line":118,"column":15}},"118":{"start":{"line":119,"column":0},"end":{"line":119,"column":21}},"119":{"start":{"line":120,"column":0},"end":{"line":120,"column":52}},"120":{"start":{"line":121,"column":0},"end":{"line":121,"column":23}},"121":{"start":{"line":122,"column":0},"end":{"line":122,"column":22}},"122":{"start":{"line":123,"column":0},"end":{"line":123,"column":57}},"123":{"start":{"line":124,"column":0},"end":{"line":124,"column":9}},"124":{"start":{"line":125,"column":0},"end":{"line":125,"column":15}},"125":{"start":{"line":126,"column":0},"end":{"line":126,"column":29}},"126":{"start":{"line":127,"column":0},"end":{"line":127,"column":5}},"127":{"start":{"line":128,"column":0},"end":{"line":128,"column":4}},"133":{"start":{"line":134,"column":0},"end":{"line":134,"column":46}},"134":{"start":{"line":135,"column":0},"end":{"line":135,"column":30}},"135":{"start":{"line":136,"column":0},"end":{"line":136,"column":23}},"136":{"start":{"line":137,"column":0},"end":{"line":137,"column":22}},"137":{"start":{"line":138,"column":0},"end":{"line":138,"column":54}},"138":{"start":{"line":139,"column":0},"end":{"line":139,"column":9}},"139":{"start":{"line":140,"column":0},"end":{"line":140,"column":13}},"140":{"start":{"line":141,"column":0},"end":{"line":141,"column":5}},"142":{"start":{"line":143,"column":0},"end":{"line":143,"column":26}},"143":{"start":{"line":144,"column":0},"end":{"line":144,"column":26}},"145":{"start":{"line":146,"column":0},"end":{"line":146,"column":9}},"148":{"start":{"line":149,"column":0},"end":{"line":149,"column":23}},"149":{"start":{"line":150,"column":0},"end":{"line":150,"column":24}},"150":{"start":{"line":151,"column":0},"end":{"line":151,"column":67}},"151":{"start":{"line":152,"column":0},"end":{"line":152,"column":9}},"154":{"start":{"line":155,"column":0},"end":{"line":155,"column":24}},"155":{"start":{"line":156,"column":0},"end":{"line":156,"column":18}},"156":{"start":{"line":157,"column":0},"end":{"line":157,"column":15}},"157":{"start":{"line":158,"column":0},"end":{"line":158,"column":21}},"158":{"start":{"line":159,"column":0},"end":{"line":159,"column":54}},"159":{"start":{"line":160,"column":0},"end":{"line":160,"column":23}},"160":{"start":{"line":161,"column":0},"end":{"line":161,"column":22}},"161":{"start":{"line":162,"column":0},"end":{"line":162,"column":61}},"162":{"start":{"line":163,"column":0},"end":{"line":163,"column":9}},"163":{"start":{"line":164,"column":0},"end":{"line":164,"column":15}},"164":{"start":{"line":165,"column":0},"end":{"line":165,"column":29}},"165":{"start":{"line":166,"column":0},"end":{"line":166,"column":5}},"166":{"start":{"line":167,"column":0},"end":{"line":167,"column":4}},"172":{"start":{"line":173,"column":0},"end":{"line":173,"column":36}},"173":{"start":{"line":174,"column":0},"end":{"line":174,"column":21}},"174":{"start":{"line":175,"column":0},"end":{"line":175,"column":22}},"175":{"start":{"line":176,"column":0},"end":{"line":176,"column":85}},"176":{"start":{"line":177,"column":0},"end":{"line":177,"column":7}},"177":{"start":{"line":178,"column":0},"end":{"line":178,"column":4}},"182":{"start":{"line":183,"column":0},"end":{"line":183,"column":19}},"183":{"start":{"line":184,"column":0},"end":{"line":184,"column":17}},"184":{"start":{"line":185,"column":0},"end":{"line":185,"column":46}},"185":{"start":{"line":186,"column":0},"end":{"line":186,"column":20}},"186":{"start":{"line":187,"column":0},"end":{"line":187,"column":42}},"187":{"start":{"line":188,"column":0},"end":{"line":188,"column":8}},"188":{"start":{"line":189,"column":0},"end":{"line":189,"column":5}},"190":{"start":{"line":191,"column":0},"end":{"line":191,"column":21}},"191":{"start":{"line":192,"column":0},"end":{"line":192,"column":15}},"193":{"start":{"line":194,"column":0},"end":{"line":194,"column":27}},"195":{"start":{"line":196,"column":0},"end":{"line":196,"column":10}},"196":{"start":{"line":197,"column":0},"end":{"line":197,"column":14}},"197":{"start":{"line":198,"column":0},"end":{"line":198,"column":25}},"198":{"start":{"line":199,"column":0},"end":{"line":199,"column":37}},"199":{"start":{"line":200,"column":0},"end":{"line":200,"column":39}},"200":{"start":{"line":201,"column":0},"end":{"line":201,"column":38}},"201":{"start":{"line":202,"column":0},"end":{"line":202,"column":32}},"202":{"start":{"line":203,"column":0},"end":{"line":203,"column":32}},"203":{"start":{"line":204,"column":0},"end":{"line":204,"column":30}},"204":{"start":{"line":205,"column":0},"end":{"line":205,"column":8}},"206":{"start":{"line":207,"column":0},"end":{"line":207,"column":56}},"207":{"start":{"line":208,"column":0},"end":{"line":208,"column":12}},"208":{"start":{"line":209,"column":0},"end":{"line":209,"column":27}},"209":{"start":{"line":210,"column":0},"end":{"line":210,"column":51}},"210":{"start":{"line":211,"column":0},"end":{"line":211,"column":23}},"211":{"start":{"line":212,"column":0},"end":{"line":212,"column":27}},"212":{"start":{"line":213,"column":0},"end":{"line":213,"column":39}},"213":{"start":{"line":214,"column":0},"end":{"line":214,"column":46}},"215":{"start":{"line":216,"column":0},"end":{"line":216,"column":40}},"216":{"start":{"line":217,"column":0},"end":{"line":217,"column":66}},"217":{"start":{"line":218,"column":0},"end":{"line":218,"column":19}},"218":{"start":{"line":219,"column":0},"end":{"line":219,"column":30}},"219":{"start":{"line":220,"column":0},"end":{"line":220,"column":27}},"220":{"start":{"line":221,"column":0},"end":{"line":221,"column":31}},"221":{"start":{"line":222,"column":0},"end":{"line":222,"column":38}},"222":{"start":{"line":223,"column":0},"end":{"line":223,"column":38}},"223":{"start":{"line":224,"column":0},"end":{"line":224,"column":37}},"224":{"start":{"line":225,"column":0},"end":{"line":225,"column":13}},"226":{"start":{"line":227,"column":0},"end":{"line":227,"column":21}},"227":{"start":{"line":228,"column":0},"end":{"line":228,"column":16}},"229":{"start":{"line":230,"column":0},"end":{"line":230,"column":38}},"230":{"start":{"line":231,"column":0},"end":{"line":231,"column":46}},"232":{"start":{"line":233,"column":0},"end":{"line":233,"column":16}},"234":{"start":{"line":235,"column":0},"end":{"line":235,"column":30}},"235":{"start":{"line":236,"column":0},"end":{"line":236,"column":35}},"236":{"start":{"line":237,"column":0},"end":{"line":237,"column":41}},"237":{"start":{"line":238,"column":0},"end":{"line":238,"column":47}},"238":{"start":{"line":239,"column":0},"end":{"line":239,"column":14}},"240":{"start":{"line":241,"column":0},"end":{"line":241,"column":30}},"241":{"start":{"line":242,"column":0},"end":{"line":242,"column":18}},"242":{"start":{"line":243,"column":0},"end":{"line":243,"column":71}},"243":{"start":{"line":244,"column":0},"end":{"line":244,"column":28}},"244":{"start":{"line":245,"column":0},"end":{"line":245,"column":34}},"246":{"start":{"line":247,"column":0},"end":{"line":247,"column":38}},"247":{"start":{"line":248,"column":0},"end":{"line":248,"column":20}},"249":{"start":{"line":250,"column":0},"end":{"line":250,"column":16}},"251":{"start":{"line":252,"column":0},"end":{"line":252,"column":40}},"252":{"start":{"line":253,"column":0},"end":{"line":253,"column":19}},"253":{"start":{"line":254,"column":0},"end":{"line":254,"column":27}},"254":{"start":{"line":255,"column":0},"end":{"line":255,"column":54}},"255":{"start":{"line":256,"column":0},"end":{"line":256,"column":37}},"256":{"start":{"line":257,"column":0},"end":{"line":257,"column":37}},"257":{"start":{"line":258,"column":0},"end":{"line":258,"column":54}},"259":{"start":{"line":260,"column":0},"end":{"line":260,"column":31}},"260":{"start":{"line":261,"column":0},"end":{"line":261,"column":18}},"261":{"start":{"line":262,"column":0},"end":{"line":262,"column":65}},"263":{"start":{"line":264,"column":0},"end":{"line":264,"column":19}},"265":{"start":{"line":266,"column":0},"end":{"line":266,"column":31}},"267":{"start":{"line":268,"column":0},"end":{"line":268,"column":21}},"269":{"start":{"line":270,"column":0},"end":{"line":270,"column":19}},"270":{"start":{"line":271,"column":0},"end":{"line":271,"column":27}},"271":{"start":{"line":272,"column":0},"end":{"line":272,"column":46}},"272":{"start":{"line":273,"column":0},"end":{"line":273,"column":60}},"273":{"start":{"line":274,"column":0},"end":{"line":274,"column":37}},"274":{"start":{"line":275,"column":0},"end":{"line":275,"column":50}},"275":{"start":{"line":276,"column":0},"end":{"line":276,"column":13}},"277":{"start":{"line":278,"column":0},"end":{"line":278,"column":21}},"279":{"start":{"line":280,"column":0},"end":{"line":280,"column":19}},"280":{"start":{"line":281,"column":0},"end":{"line":281,"column":27}},"281":{"start":{"line":282,"column":0},"end":{"line":282,"column":36}},"282":{"start":{"line":283,"column":0},"end":{"line":283,"column":37}},"283":{"start":{"line":284,"column":0},"end":{"line":284,"column":39}},"284":{"start":{"line":285,"column":0},"end":{"line":285,"column":53}},"285":{"start":{"line":286,"column":0},"end":{"line":286,"column":13}},"287":{"start":{"line":288,"column":0},"end":{"line":288,"column":21}},"289":{"start":{"line":290,"column":0},"end":{"line":290,"column":19}},"290":{"start":{"line":291,"column":0},"end":{"line":291,"column":27}},"291":{"start":{"line":292,"column":0},"end":{"line":292,"column":31}},"292":{"start":{"line":293,"column":0},"end":{"line":293,"column":37}},"293":{"start":{"line":294,"column":0},"end":{"line":294,"column":39}},"294":{"start":{"line":295,"column":0},"end":{"line":295,"column":49}},"295":{"start":{"line":296,"column":0},"end":{"line":296,"column":13}},"297":{"start":{"line":298,"column":0},"end":{"line":298,"column":21}},"298":{"start":{"line":299,"column":0},"end":{"line":299,"column":16}},"299":{"start":{"line":300,"column":0},"end":{"line":300,"column":14}},"300":{"start":{"line":301,"column":0},"end":{"line":301,"column":12}},"301":{"start":{"line":302,"column":0},"end":{"line":302,"column":16}},"303":{"start":{"line":304,"column":0},"end":{"line":304,"column":2}},"325":{"start":{"line":326,"column":0},"end":{"line":326,"column":28}},"326":{"start":{"line":327,"column":0},"end":{"line":327,"column":12}},"327":{"start":{"line":328,"column":0},"end":{"line":328,"column":15}},"328":{"start":{"line":329,"column":0},"end":{"line":329,"column":18}},"329":{"start":{"line":330,"column":0},"end":{"line":330,"column":45}},"330":{"start":{"line":331,"column":0},"end":{"line":331,"column":53}},"335":{"start":{"line":336,"column":0},"end":{"line":336,"column":19}},"336":{"start":{"line":337,"column":0},"end":{"line":337,"column":32}},"337":{"start":{"line":338,"column":0},"end":{"line":338,"column":24}},"338":{"start":{"line":339,"column":0},"end":{"line":339,"column":47}},"339":{"start":{"line":340,"column":0},"end":{"line":340,"column":29}},"340":{"start":{"line":341,"column":0},"end":{"line":341,"column":26}},"341":{"start":{"line":342,"column":0},"end":{"line":342,"column":11}},"342":{"start":{"line":343,"column":0},"end":{"line":343,"column":14}},"343":{"start":{"line":344,"column":0},"end":{"line":344,"column":5}},"344":{"start":{"line":345,"column":0},"end":{"line":345,"column":9}},"349":{"start":{"line":350,"column":0},"end":{"line":350,"column":75}},"350":{"start":{"line":351,"column":0},"end":{"line":351,"column":48}},"351":{"start":{"line":352,"column":0},"end":{"line":352,"column":27}},"352":{"start":{"line":353,"column":0},"end":{"line":353,"column":63}},"353":{"start":{"line":354,"column":0},"end":{"line":354,"column":36}},"354":{"start":{"line":355,"column":0},"end":{"line":355,"column":4}},"359":{"start":{"line":360,"column":0},"end":{"line":360,"column":27}},"360":{"start":{"line":361,"column":0},"end":{"line":361,"column":15}},"361":{"start":{"line":362,"column":0},"end":{"line":362,"column":18}},"362":{"start":{"line":363,"column":0},"end":{"line":363,"column":25}},"363":{"start":{"line":364,"column":0},"end":{"line":364,"column":26}},"365":{"start":{"line":366,"column":0},"end":{"line":366,"column":8}},"366":{"start":{"line":367,"column":0},"end":{"line":367,"column":79}},"367":{"start":{"line":368,"column":0},"end":{"line":368,"column":64}},"368":{"start":{"line":369,"column":0},"end":{"line":369,"column":26}},"369":{"start":{"line":370,"column":0},"end":{"line":370,"column":21}},"371":{"start":{"line":372,"column":0},"end":{"line":372,"column":55}},"372":{"start":{"line":373,"column":0},"end":{"line":373,"column":38}},"373":{"start":{"line":374,"column":0},"end":{"line":374,"column":63}},"374":{"start":{"line":375,"column":0},"end":{"line":375,"column":13}},"375":{"start":{"line":376,"column":0},"end":{"line":376,"column":63}},"376":{"start":{"line":377,"column":0},"end":{"line":377,"column":10}},"379":{"start":{"line":380,"column":0},"end":{"line":380,"column":10}},"380":{"start":{"line":381,"column":0},"end":{"line":381,"column":40}},"381":{"start":{"line":382,"column":0},"end":{"line":382,"column":42}},"383":{"start":{"line":384,"column":0},"end":{"line":384,"column":43}},"384":{"start":{"line":385,"column":0},"end":{"line":385,"column":57}},"385":{"start":{"line":386,"column":0},"end":{"line":386,"column":49}},"386":{"start":{"line":387,"column":0},"end":{"line":387,"column":45}},"387":{"start":{"line":388,"column":0},"end":{"line":388,"column":59}},"388":{"start":{"line":389,"column":0},"end":{"line":389,"column":71}},"389":{"start":{"line":390,"column":0},"end":{"line":390,"column":15}},"390":{"start":{"line":391,"column":0},"end":{"line":391,"column":40}},"391":{"start":{"line":392,"column":0},"end":{"line":392,"column":59}},"393":{"start":{"line":394,"column":0},"end":{"line":394,"column":16}},"394":{"start":{"line":395,"column":0},"end":{"line":395,"column":14}},"397":{"start":{"line":398,"column":0},"end":{"line":398,"column":63}},"398":{"start":{"line":399,"column":0},"end":{"line":399,"column":45}},"399":{"start":{"line":400,"column":0},"end":{"line":400,"column":43}},"400":{"start":{"line":401,"column":0},"end":{"line":401,"column":81}},"401":{"start":{"line":402,"column":0},"end":{"line":402,"column":16}},"402":{"start":{"line":403,"column":0},"end":{"line":403,"column":14}},"405":{"start":{"line":406,"column":0},"end":{"line":406,"column":43}},"406":{"start":{"line":407,"column":0},"end":{"line":407,"column":63}},"407":{"start":{"line":408,"column":0},"end":{"line":408,"column":49}},"408":{"start":{"line":409,"column":0},"end":{"line":409,"column":48}},"409":{"start":{"line":410,"column":0},"end":{"line":410,"column":59}},"410":{"start":{"line":411,"column":0},"end":{"line":411,"column":72}},"411":{"start":{"line":412,"column":0},"end":{"line":412,"column":15}},"412":{"start":{"line":413,"column":0},"end":{"line":413,"column":43}},"413":{"start":{"line":414,"column":0},"end":{"line":414,"column":59}},"415":{"start":{"line":416,"column":0},"end":{"line":416,"column":16}},"416":{"start":{"line":417,"column":0},"end":{"line":417,"column":14}},"417":{"start":{"line":418,"column":0},"end":{"line":418,"column":12}},"419":{"start":{"line":420,"column":0},"end":{"line":420,"column":42}},"420":{"start":{"line":421,"column":0},"end":{"line":421,"column":11}},"421":{"start":{"line":422,"column":0},"end":{"line":422,"column":65}},"422":{"start":{"line":423,"column":0},"end":{"line":423,"column":12}},"423":{"start":{"line":424,"column":0},"end":{"line":424,"column":11}},"424":{"start":{"line":425,"column":0},"end":{"line":425,"column":74}},"425":{"start":{"line":426,"column":0},"end":{"line":426,"column":12}},"426":{"start":{"line":427,"column":0},"end":{"line":427,"column":11}},"427":{"start":{"line":428,"column":0},"end":{"line":428,"column":68}},"428":{"start":{"line":429,"column":0},"end":{"line":429,"column":12}},"429":{"start":{"line":430,"column":0},"end":{"line":430,"column":12}},"430":{"start":{"line":431,"column":0},"end":{"line":431,"column":10}},"432":{"start":{"line":433,"column":0},"end":{"line":433,"column":2}}},"s":{"8":1,"9":1,"11":1,"50":1,"51":33,"52":33,"53":33,"54":33,"55":33,"56":33,"57":33,"58":33,"61":33,"63":33,"68":33,"69":24,"71":24,"73":10,"74":10,"76":10,"77":10,"78":10,"79":10,"80":9,"81":9,"82":9,"83":9,"84":10,"85":3,"86":3,"87":10,"90":21,"91":33,"97":33,"98":3,"99":3,"101":3,"103":3,"104":3,"107":3,"109":3,"110":3,"111":3,"112":3,"115":3,"116":0,"117":3,"118":3,"119":0,"120":0,"121":0,"122":0,"123":0,"124":3,"125":3,"126":3,"127":3,"133":33,"134":1,"135":0,"136":0,"137":0,"138":0,"139":0,"140":0,"142":1,"143":1,"145":1,"148":1,"149":1,"150":1,"151":1,"154":1,"155":0,"156":1,"157":1,"158":0,"159":0,"160":0,"161":0,"162":0,"163":1,"164":1,"165":1,"166":1,"172":33,"173":1,"174":1,"175":1,"176":1,"177":1,"182":33,"183":25,"184":23,"185":23,"186":23,"187":23,"188":23,"190":2,"191":33,"193":33,"195":31,"196":31,"197":31,"198":31,"199":31,"200":31,"201":31,"202":31,"203":31,"204":31,"206":31,"207":31,"208":31,"209":31,"210":31,"211":31,"212":31,"213":31,"215":31,"216":31,"217":31,"218":31,"219":31,"220":31,"221":31,"222":31,"223":31,"224":31,"226":31,"227":31,"229":31,"230":31,"232":31,"234":31,"235":31,"236":31,"237":31,"238":31,"240":31,"241":5,"242":5,"243":5,"244":5,"246":5,"247":5,"249":33,"251":33,"252":33,"253":33,"254":33,"255":33,"256":33,"257":33,"259":33,"260":3,"261":3,"263":3,"265":28,"267":33,"269":33,"270":33,"271":33,"272":33,"273":33,"274":33,"275":33,"277":33,"279":33,"280":33,"281":33,"282":33,"283":33,"284":33,"285":33,"287":33,"289":33,"290":33,"291":33,"292":33,"293":33,"294":33,"295":33,"297":33,"298":33,"299":33,"300":33,"301":33,"303":33,"325":1,"326":31,"327":31,"328":31,"329":31,"330":31,"335":31,"336":23,"337":5,"338":5,"339":5,"340":5,"341":5,"342":5,"343":5,"344":31,"349":31,"350":46,"351":46,"352":46,"353":46,"354":46,"359":31,"360":23,"361":23,"362":23,"363":23,"365":23,"366":23,"367":23,"368":23,"369":23,"371":23,"372":23,"373":23,"374":23,"375":23,"376":23,"379":31,"380":31,"381":31,"383":31,"384":31,"385":31,"386":31,"387":12,"388":12,"389":31,"390":31,"391":25,"393":31,"394":31,"397":31,"398":31,"399":31,"400":31,"401":31,"402":31,"405":31,"406":31,"407":31,"408":31,"409":11,"410":11,"411":31,"412":31,"413":26,"415":31,"416":31,"417":31,"419":31,"420":31,"421":31,"422":31,"423":31,"424":31,"425":31,"426":31,"427":31,"428":31,"429":31,"430":31,"432":31},"branchMap":{"0":{"type":"branch","line":51,"loc":{"start":{"line":51,"column":38},"end":{"line":304,"column":2}},"locations":[{"start":{"line":51,"column":38},"end":{"line":304,"column":2}}]},"1":{"type":"branch","line":194,"loc":{"start":{"line":194,"column":15},"end":{"line":194,"column":27}},"locations":[{"start":{"line":194,"column":15},"end":{"line":194,"column":27}}]},"2":{"type":"branch","line":194,"loc":{"start":{"line":194,"column":22},"end":{"line":241,"column":30}},"locations":[{"start":{"line":194,"column":22},"end":{"line":241,"column":30}}]},"3":{"type":"branch","line":241,"loc":{"start":{"line":241,"column":13},"end":{"line":248,"column":20}},"locations":[{"start":{"line":241,"column":13},"end":{"line":248,"column":20}}]},"4":{"type":"branch","line":260,"loc":{"start":{"line":260,"column":15},"end":{"line":264,"column":19}},"locations":[{"start":{"line":260,"column":15},"end":{"line":264,"column":19}}]},"5":{"type":"branch","line":264,"loc":{"start":{"line":264,"column":16},"end":{"line":266,"column":31}},"locations":[{"start":{"line":264,"column":16},"end":{"line":266,"column":31}}]},"6":{"type":"branch","line":273,"loc":{"start":{"line":273,"column":24},"end":{"line":273,"column":60}},"locations":[{"start":{"line":273,"column":24},"end":{"line":273,"column":60}}]},"7":{"type":"branch","line":69,"loc":{"start":{"line":69,"column":34},"end":{"line":92,"column":5}},"locations":[{"start":{"line":69,"column":34},"end":{"line":92,"column":5}}]},"8":{"type":"branch","line":72,"loc":{"start":{"line":72,"column":40},"end":{"line":88,"column":5}},"locations":[{"start":{"line":72,"column":40},"end":{"line":88,"column":5}}]},"9":{"type":"branch","line":80,"loc":{"start":{"line":80,"column":44},"end":{"line":81,"column":49}},"locations":[{"start":{"line":80,"column":44},"end":{"line":81,"column":49}}]},"10":{"type":"branch","line":81,"loc":{"start":{"line":81,"column":45},"end":{"line":84,"column":84}},"locations":[{"start":{"line":81,"column":45},"end":{"line":84,"column":84}}]},"11":{"type":"branch","line":84,"loc":{"start":{"line":84,"column":44},"end":{"line":84,"column":84}},"locations":[{"start":{"line":84,"column":44},"end":{"line":84,"column":84}}]},"12":{"type":"branch","line":85,"loc":{"start":{"line":85,"column":8},"end":{"line":87,"column":7}},"locations":[{"start":{"line":85,"column":8},"end":{"line":87,"column":7}}]},"13":{"type":"branch","line":88,"loc":{"start":{"line":88,"column":4},"end":{"line":91,"column":21}},"locations":[{"start":{"line":88,"column":4},"end":{"line":91,"column":21}}]},"14":{"type":"branch","line":98,"loc":{"start":{"line":98,"column":28},"end":{"line":128,"column":4}},"locations":[{"start":{"line":98,"column":28},"end":{"line":128,"column":4}}]},"15":{"type":"branch","line":119,"loc":{"start":{"line":119,"column":4},"end":{"line":125,"column":6}},"locations":[{"start":{"line":119,"column":4},"end":{"line":125,"column":6}}]},"16":{"type":"branch","line":134,"loc":{"start":{"line":134,"column":33},"end":{"line":167,"column":4}},"locations":[{"start":{"line":134,"column":33},"end":{"line":167,"column":4}}]},"17":{"type":"branch","line":135,"loc":{"start":{"line":135,"column":29},"end":{"line":141,"column":5}},"locations":[{"start":{"line":135,"column":29},"end":{"line":141,"column":5}}]},"18":{"type":"branch","line":158,"loc":{"start":{"line":158,"column":4},"end":{"line":164,"column":6}},"locations":[{"start":{"line":158,"column":4},"end":{"line":164,"column":6}}]},"19":{"type":"branch","line":173,"loc":{"start":{"line":173,"column":23},"end":{"line":178,"column":4}},"locations":[{"start":{"line":173,"column":23},"end":{"line":178,"column":4}}]},"20":{"type":"branch","line":183,"loc":{"start":{"line":183,"column":12},"end":{"line":192,"column":5}},"locations":[{"start":{"line":183,"column":12},"end":{"line":192,"column":5}}]},"21":{"type":"branch","line":184,"loc":{"start":{"line":184,"column":16},"end":{"line":189,"column":5}},"locations":[{"start":{"line":184,"column":16},"end":{"line":189,"column":5}}]},"22":{"type":"branch","line":189,"loc":{"start":{"line":189,"column":4},"end":{"line":191,"column":21}},"locations":[{"start":{"line":189,"column":4},"end":{"line":191,"column":21}}]},"23":{"type":"branch","line":186,"loc":{"start":{"line":186,"column":13},"end":{"line":188,"column":8}},"locations":[{"start":{"line":186,"column":13},"end":{"line":188,"column":8}}]},"24":{"type":"branch","line":214,"loc":{"start":{"line":214,"column":19},"end":{"line":214,"column":46}},"locations":[{"start":{"line":214,"column":19},"end":{"line":214,"column":46}}]},"25":{"type":"branch","line":255,"loc":{"start":{"line":255,"column":23},"end":{"line":255,"column":54}},"locations":[{"start":{"line":255,"column":23},"end":{"line":255,"column":54}}]},"26":{"type":"branch","line":326,"loc":{"start":{"line":326,"column":26},"end":{"line":433,"column":2}},"locations":[{"start":{"line":326,"column":26},"end":{"line":433,"column":2}}]},"27":{"type":"branch","line":391,"loc":{"start":{"line":391,"column":34},"end":{"line":392,"column":59}},"locations":[{"start":{"line":391,"column":34},"end":{"line":392,"column":59}}]},"28":{"type":"branch","line":413,"loc":{"start":{"line":413,"column":37},"end":{"line":414,"column":59}},"locations":[{"start":{"line":413,"column":37},"end":{"line":414,"column":59}}]},"29":{"type":"branch","line":336,"loc":{"start":{"line":336,"column":12},"end":{"line":345,"column":5}},"locations":[{"start":{"line":336,"column":12},"end":{"line":345,"column":5}}]},"30":{"type":"branch","line":337,"loc":{"start":{"line":337,"column":31},"end":{"line":344,"column":5}},"locations":[{"start":{"line":337,"column":31},"end":{"line":344,"column":5}}]},"31":{"type":"branch","line":338,"loc":{"start":{"line":338,"column":17},"end":{"line":343,"column":9}},"locations":[{"start":{"line":338,"column":17},"end":{"line":343,"column":9}}]},"32":{"type":"branch","line":339,"loc":{"start":{"line":339,"column":22},"end":{"line":339,"column":46}},"locations":[{"start":{"line":339,"column":22},"end":{"line":339,"column":46}}]},"33":{"type":"branch","line":350,"loc":{"start":{"line":350,"column":25},"end":{"line":355,"column":4}},"locations":[{"start":{"line":350,"column":25},"end":{"line":355,"column":4}}]},"34":{"type":"branch","line":351,"loc":{"start":{"line":351,"column":29},"end":{"line":351,"column":48}},"locations":[{"start":{"line":351,"column":29},"end":{"line":351,"column":48}}]},"35":{"type":"branch","line":360,"loc":{"start":{"line":360,"column":26},"end":{"line":377,"column":10}},"locations":[{"start":{"line":360,"column":26},"end":{"line":377,"column":10}}]},"36":{"type":"branch","line":367,"loc":{"start":{"line":367,"column":21},"end":{"line":367,"column":58}},"locations":[{"start":{"line":367,"column":21},"end":{"line":367,"column":58}}]},"37":{"type":"branch","line":367,"loc":{"start":{"line":367,"column":49},"end":{"line":367,"column":74}},"locations":[{"start":{"line":367,"column":49},"end":{"line":367,"column":74}}]},"38":{"type":"branch","line":367,"loc":{"start":{"line":367,"column":58},"end":{"line":367,"column":79}},"locations":[{"start":{"line":367,"column":58},"end":{"line":367,"column":79}}]},"39":{"type":"branch","line":368,"loc":{"start":{"line":368,"column":31},"end":{"line":368,"column":59}},"locations":[{"start":{"line":368,"column":31},"end":{"line":368,"column":59}}]},"40":{"type":"branch","line":368,"loc":{"start":{"line":368,"column":45},"end":{"line":368,"column":61}},"locations":[{"start":{"line":368,"column":45},"end":{"line":368,"column":61}}]},"41":{"type":"branch","line":387,"loc":{"start":{"line":387,"column":27},"end":{"line":390,"column":13}},"locations":[{"start":{"line":387,"column":27},"end":{"line":390,"column":13}}]},"42":{"type":"branch","line":409,"loc":{"start":{"line":409,"column":30},"end":{"line":412,"column":13}},"locations":[{"start":{"line":409,"column":30},"end":{"line":412,"column":13}}]}},"b":{"0":[33],"1":[2],"2":[31],"3":[5],"4":[3],"5":[28],"6":[28],"7":[24],"8":[10],"9":[9],"10":[9],"11":[7],"12":[3],"13":[21],"14":[3],"15":[0],"16":[1],"17":[0],"18":[0],"19":[1],"20":[25],"21":[23],"22":[2],"23":[23],"24":[6],"25":[3],"26":[31],"27":[25],"28":[26],"29":[23],"30":[5],"31":[5],"32":[0],"33":[46],"34":[0],"35":[23],"36":[9],"37":[5],"38":[18],"39":[9],"40":[14],"41":[12],"42":[11]},"fnMap":{"0":{"name":"HistoryComparisonModal","decl":{"start":{"line":51,"column":38},"end":{"line":304,"column":2}},"loc":{"start":{"line":51,"column":38},"end":{"line":304,"column":2}},"line":51},"1":{"name":"handleSendMyState","decl":{"start":{"line":98,"column":28},"end":{"line":128,"column":4}},"loc":{"start":{"line":98,"column":28},"end":{"line":128,"column":4}},"line":98},"2":{"name":"handleAcceptTheirState","decl":{"start":{"line":134,"column":33},"end":{"line":167,"column":4}},"loc":{"start":{"line":134,"column":33},"end":{"line":167,"column":4}},"line":134},"3":{"name":"handleReview","decl":{"start":{"line":173,"column":23},"end":{"line":178,"column":4}},"loc":{"start":{"line":173,"column":23},"end":{"line":178,"column":4}},"line":173},"4":{"name":"onClick","decl":{"start":{"line":214,"column":19},"end":{"line":214,"column":46}},"loc":{"start":{"line":214,"column":19},"end":{"line":214,"column":46}},"line":214},"5":{"name":"onClick","decl":{"start":{"line":255,"column":23},"end":{"line":255,"column":54}},"loc":{"start":{"line":255,"column":23},"end":{"line":255,"column":54}},"line":255},"6":{"name":"HistoryComparison","decl":{"start":{"line":326,"column":26},"end":{"line":433,"column":2}},"loc":{"start":{"line":326,"column":26},"end":{"line":433,"column":2}},"line":326},"7":{"name":"formatPosition","decl":{"start":{"line":350,"column":25},"end":{"line":355,"column":4}},"loc":{"start":{"line":350,"column":25},"end":{"line":355,"column":4}},"line":350},"8":{"name":"renderMoveEntry","decl":{"start":{"line":360,"column":26},"end":{"line":377,"column":10}},"loc":{"start":{"line":360,"column":26},"end":{"line":377,"column":10}},"line":360}},"f":{"0":33,"1":3,"2":1,"3":1,"4":6,"5":3,"6":31,"7":46,"8":23}}
,"/home/ryankhetlyr/Development/kings-cooking/src/components/HistoryViewer.tsx": {"path":"/home/ryankhetlyr/Development/kings-cooking/src/components/HistoryViewer.tsx","all":false,"statementMap":{"9":{"start":{"line":10,"column":0},"end":{"line":10,"column":71}},"10":{"start":{"line":11,"column":0},"end":{"line":11,"column":41}},"44":{"start":{"line":45,"column":0},"end":{"line":45,"column":31}},"45":{"start":{"line":46,"column":0},"end":{"line":46,"column":10}},"46":{"start":{"line":47,"column":0},"end":{"line":47,"column":23}},"47":{"start":{"line":48,"column":0},"end":{"line":48,"column":15}},"48":{"start":{"line":49,"column":0},"end":{"line":49,"column":25}},"49":{"start":{"line":50,"column":0},"end":{"line":50,"column":41}},"50":{"start":{"line":51,"column":0},"end":{"line":51,"column":64}},"51":{"start":{"line":52,"column":0},"end":{"line":52,"column":74}},"52":{"start":{"line":53,"column":0},"end":{"line":53,"column":54}},"57":{"start":{"line":58,"column":0},"end":{"line":58,"column":19}},"58":{"start":{"line":59,"column":0},"end":{"line":59,"column":47}},"59":{"start":{"line":60,"column":0},"end":{"line":60,"column":45}},"60":{"start":{"line":61,"column":0},"end":{"line":61,"column":27}},"61":{"start":{"line":62,"column":0},"end":{"line":62,"column":53}},"62":{"start":{"line":63,"column":0},"end":{"line":63,"column":26}},"63":{"start":{"line":64,"column":0},"end":{"line":64,"column":9}},"64":{"start":{"line":65,"column":0},"end":{"line":65,"column":5}},"65":{"start":{"line":66,"column":0},"end":{"line":66,"column":37}},"70":{"start":{"line":71,"column":0},"end":{"line":71,"column":82}},"71":{"start":{"line":72,"column":0},"end":{"line":72,"column":53}},"72":{"start":{"line":73,"column":0},"end":{"line":73,"column":61}},"73":{"start":{"line":74,"column":0},"end":{"line":74,"column":33}},"74":{"start":{"line":75,"column":0},"end":{"line":75,"column":5}},"75":{"start":{"line":76,"column":0},"end":{"line":76,"column":4}},"80":{"start":{"line":81,"column":0},"end":{"line":81,"column":75}},"81":{"start":{"line":82,"column":0},"end":{"line":82,"column":48}},"82":{"start":{"line":83,"column":0},"end":{"line":83,"column":27}},"83":{"start":{"line":84,"column":0},"end":{"line":84,"column":63}},"84":{"start":{"line":85,"column":0},"end":{"line":85,"column":36}},"85":{"start":{"line":86,"column":0},"end":{"line":86,"column":4}},"90":{"start":{"line":91,"column":0},"end":{"line":91,"column":54}},"91":{"start":{"line":92,"column":0},"end":{"line":92,"column":71}},"92":{"start":{"line":93,"column":0},"end":{"line":93,"column":4}},"95":{"start":{"line":96,"column":0},"end":{"line":96,"column":41}},"96":{"start":{"line":97,"column":0},"end":{"line":97,"column":43}},"98":{"start":{"line":99,"column":0},"end":{"line":99,"column":10}},"99":{"start":{"line":100,"column":0},"end":{"line":100,"column":36}},"101":{"start":{"line":102,"column":0},"end":{"line":102,"column":13}},"102":{"start":{"line":103,"column":0},"end":{"line":103,"column":21}},"103":{"start":{"line":104,"column":0},"end":{"line":104,"column":32}},"104":{"start":{"line":105,"column":0},"end":{"line":105,"column":34}},"105":{"start":{"line":106,"column":0},"end":{"line":106,"column":39}},"106":{"start":{"line":107,"column":0},"end":{"line":107,"column":50}},"107":{"start":{"line":108,"column":0},"end":{"line":108,"column":33}},"109":{"start":{"line":110,"column":0},"end":{"line":110,"column":55}},"110":{"start":{"line":111,"column":0},"end":{"line":111,"column":41}},"111":{"start":{"line":112,"column":0},"end":{"line":112,"column":13}},"112":{"start":{"line":113,"column":0},"end":{"line":113,"column":57}},"113":{"start":{"line":114,"column":0},"end":{"line":114,"column":34}},"114":{"start":{"line":115,"column":0},"end":{"line":115,"column":15}},"115":{"start":{"line":116,"column":0},"end":{"line":116,"column":15}},"118":{"start":{"line":119,"column":0},"end":{"line":119,"column":10}},"119":{"start":{"line":120,"column":0},"end":{"line":120,"column":28}},"120":{"start":{"line":121,"column":0},"end":{"line":121,"column":28}},"121":{"start":{"line":122,"column":0},"end":{"line":122,"column":39}},"122":{"start":{"line":123,"column":0},"end":{"line":123,"column":76}},"124":{"start":{"line":125,"column":0},"end":{"line":125,"column":33}},"125":{"start":{"line":126,"column":0},"end":{"line":126,"column":71}},"127":{"start":{"line":128,"column":0},"end":{"line":128,"column":12}},"129":{"start":{"line":130,"column":0},"end":{"line":130,"column":69}},"130":{"start":{"line":131,"column":0},"end":{"line":131,"column":49}},"131":{"start":{"line":132,"column":0},"end":{"line":132,"column":80}},"132":{"start":{"line":133,"column":0},"end":{"line":133,"column":71}},"134":{"start":{"line":135,"column":0},"end":{"line":135,"column":24}},"135":{"start":{"line":136,"column":0},"end":{"line":136,"column":22}},"136":{"start":{"line":137,"column":0},"end":{"line":137,"column":40}},"137":{"start":{"line":138,"column":0},"end":{"line":138,"column":63}},"138":{"start":{"line":139,"column":0},"end":{"line":139,"column":78}},"139":{"start":{"line":140,"column":0},"end":{"line":140,"column":35}},"140":{"start":{"line":141,"column":0},"end":{"line":141,"column":69}},"142":{"start":{"line":143,"column":0},"end":{"line":143,"column":75}},"143":{"start":{"line":144,"column":0},"end":{"line":144,"column":52}},"144":{"start":{"line":145,"column":0},"end":{"line":145,"column":48}},"145":{"start":{"line":146,"column":0},"end":{"line":146,"column":27}},"146":{"start":{"line":147,"column":0},"end":{"line":147,"column":50}},"147":{"start":{"line":148,"column":0},"end":{"line":148,"column":42}},"148":{"start":{"line":149,"column":0},"end":{"line":149,"column":27}},"149":{"start":{"line":150,"column":0},"end":{"line":150,"column":39}},"150":{"start":{"line":151,"column":0},"end":{"line":151,"column":27}},"151":{"start":{"line":152,"column":0},"end":{"line":152,"column":53}},"152":{"start":{"line":153,"column":0},"end":{"line":153,"column":51}},"153":{"start":{"line":154,"column":0},"end":{"line":154,"column":87}},"154":{"start":{"line":155,"column":0},"end":{"line":155,"column":23}},"156":{"start":{"line":157,"column":0},"end":{"line":157,"column":29}},"158":{"start":{"line":159,"column":0},"end":{"line":159,"column":24}},"160":{"start":{"line":161,"column":0},"end":{"line":161,"column":17}},"161":{"start":{"line":162,"column":0},"end":{"line":162,"column":18}},"164":{"start":{"line":165,"column":0},"end":{"line":165,"column":45}},"165":{"start":{"line":166,"column":0},"end":{"line":166,"column":32}},"166":{"start":{"line":167,"column":0},"end":{"line":167,"column":23}},"167":{"start":{"line":168,"column":0},"end":{"line":168,"column":31}},"168":{"start":{"line":169,"column":0},"end":{"line":169,"column":63}},"169":{"start":{"line":170,"column":0},"end":{"line":170,"column":43}},"170":{"start":{"line":171,"column":0},"end":{"line":171,"column":57}},"171":{"start":{"line":172,"column":0},"end":{"line":172,"column":17}},"173":{"start":{"line":174,"column":0},"end":{"line":174,"column":25}},"176":{"start":{"line":177,"column":0},"end":{"line":177,"column":32}},"177":{"start":{"line":178,"column":0},"end":{"line":178,"column":23}},"178":{"start":{"line":179,"column":0},"end":{"line":179,"column":31}},"179":{"start":{"line":180,"column":0},"end":{"line":180,"column":40}},"180":{"start":{"line":181,"column":0},"end":{"line":181,"column":43}},"181":{"start":{"line":182,"column":0},"end":{"line":182,"column":50}},"182":{"start":{"line":183,"column":0},"end":{"line":183,"column":17}},"184":{"start":{"line":185,"column":0},"end":{"line":185,"column":25}},"186":{"start":{"line":187,"column":0},"end":{"line":187,"column":18}},"187":{"start":{"line":188,"column":0},"end":{"line":188,"column":13}},"189":{"start":{"line":190,"column":0},"end":{"line":190,"column":12}},"192":{"start":{"line":193,"column":0},"end":{"line":193,"column":32}},"193":{"start":{"line":194,"column":0},"end":{"line":194,"column":25}},"194":{"start":{"line":195,"column":0},"end":{"line":195,"column":39}},"195":{"start":{"line":196,"column":0},"end":{"line":196,"column":56}},"196":{"start":{"line":197,"column":0},"end":{"line":197,"column":27}},"197":{"start":{"line":198,"column":0},"end":{"line":198,"column":45}},"198":{"start":{"line":199,"column":0},"end":{"line":199,"column":49}},"199":{"start":{"line":200,"column":0},"end":{"line":200,"column":10}},"201":{"start":{"line":202,"column":0},"end":{"line":202,"column":10}},"203":{"start":{"line":204,"column":0},"end":{"line":204,"column":2}},"229":{"start":{"line":230,"column":0},"end":{"line":230,"column":27}},"230":{"start":{"line":231,"column":0},"end":{"line":231,"column":9}},"231":{"start":{"line":232,"column":0},"end":{"line":232,"column":10}},"232":{"start":{"line":233,"column":0},"end":{"line":233,"column":10}},"233":{"start":{"line":234,"column":0},"end":{"line":234,"column":19}},"234":{"start":{"line":235,"column":0},"end":{"line":235,"column":21}},"235":{"start":{"line":236,"column":0},"end":{"line":236,"column":51}},"236":{"start":{"line":237,"column":0},"end":{"line":237,"column":54}},"241":{"start":{"line":242,"column":0},"end":{"line":242,"column":19}},"242":{"start":{"line":243,"column":0},"end":{"line":243,"column":43}},"244":{"start":{"line":245,"column":0},"end":{"line":245,"column":24}},"245":{"start":{"line":246,"column":0},"end":{"line":246,"column":48}},"246":{"start":{"line":247,"column":0},"end":{"line":247,"column":29}},"247":{"start":{"line":248,"column":0},"end":{"line":248,"column":26}},"248":{"start":{"line":249,"column":0},"end":{"line":249,"column":11}},"249":{"start":{"line":250,"column":0},"end":{"line":250,"column":14}},"250":{"start":{"line":251,"column":0},"end":{"line":251,"column":5}},"251":{"start":{"line":252,"column":0},"end":{"line":252,"column":15}},"256":{"start":{"line":257,"column":0},"end":{"line":257,"column":19}},"257":{"start":{"line":258,"column":0},"end":{"line":258,"column":58}},"258":{"start":{"line":259,"column":0},"end":{"line":259,"column":35}},"259":{"start":{"line":260,"column":0},"end":{"line":260,"column":18}},"260":{"start":{"line":261,"column":0},"end":{"line":261,"column":7}},"261":{"start":{"line":262,"column":0},"end":{"line":262,"column":6}},"263":{"start":{"line":264,"column":0},"end":{"line":264,"column":17}},"264":{"start":{"line":265,"column":0},"end":{"line":265,"column":57}},"265":{"start":{"line":266,"column":0},"end":{"line":266,"column":73}},"266":{"start":{"line":267,"column":0},"end":{"line":267,"column":5}},"268":{"start":{"line":269,"column":0},"end":{"line":269,"column":21}},"269":{"start":{"line":270,"column":0},"end":{"line":270,"column":24}},"271":{"start":{"line":272,"column":0},"end":{"line":272,"column":27}},"273":{"start":{"line":274,"column":0},"end":{"line":274,"column":10}},"274":{"start":{"line":275,"column":0},"end":{"line":275,"column":14}},"275":{"start":{"line":276,"column":0},"end":{"line":276,"column":25}},"276":{"start":{"line":277,"column":0},"end":{"line":277,"column":37}},"277":{"start":{"line":278,"column":0},"end":{"line":278,"column":39}},"278":{"start":{"line":279,"column":0},"end":{"line":279,"column":38}},"279":{"start":{"line":280,"column":0},"end":{"line":280,"column":32}},"280":{"start":{"line":281,"column":0},"end":{"line":281,"column":32}},"281":{"start":{"line":282,"column":0},"end":{"line":282,"column":30}},"282":{"start":{"line":283,"column":0},"end":{"line":283,"column":8}},"284":{"start":{"line":285,"column":0},"end":{"line":285,"column":56}},"285":{"start":{"line":286,"column":0},"end":{"line":286,"column":12}},"286":{"start":{"line":287,"column":0},"end":{"line":287,"column":27}},"287":{"start":{"line":288,"column":0},"end":{"line":288,"column":34}},"288":{"start":{"line":289,"column":0},"end":{"line":289,"column":23}},"289":{"start":{"line":290,"column":0},"end":{"line":290,"column":27}},"290":{"start":{"line":291,"column":0},"end":{"line":291,"column":39}},"291":{"start":{"line":292,"column":0},"end":{"line":292,"column":46}},"293":{"start":{"line":294,"column":0},"end":{"line":294,"column":40}},"294":{"start":{"line":295,"column":0},"end":{"line":295,"column":55}},"295":{"start":{"line":296,"column":0},"end":{"line":296,"column":19}},"296":{"start":{"line":297,"column":0},"end":{"line":297,"column":30}},"297":{"start":{"line":298,"column":0},"end":{"line":298,"column":27}},"298":{"start":{"line":299,"column":0},"end":{"line":299,"column":31}},"299":{"start":{"line":300,"column":0},"end":{"line":300,"column":38}},"300":{"start":{"line":301,"column":0},"end":{"line":301,"column":38}},"301":{"start":{"line":302,"column":0},"end":{"line":302,"column":13}},"303":{"start":{"line":304,"column":0},"end":{"line":304,"column":21}},"304":{"start":{"line":305,"column":0},"end":{"line":305,"column":16}},"306":{"start":{"line":307,"column":0},"end":{"line":307,"column":38}},"307":{"start":{"line":308,"column":0},"end":{"line":308,"column":41}},"308":{"start":{"line":309,"column":0},"end":{"line":309,"column":43}},"309":{"start":{"line":310,"column":0},"end":{"line":310,"column":16}},"310":{"start":{"line":311,"column":0},"end":{"line":311,"column":48}},"311":{"start":{"line":312,"column":0},"end":{"line":312,"column":45}},"312":{"start":{"line":313,"column":0},"end":{"line":313,"column":65}},"314":{"start":{"line":315,"column":0},"end":{"line":315,"column":24}},"315":{"start":{"line":316,"column":0},"end":{"line":316,"column":22}},"316":{"start":{"line":317,"column":0},"end":{"line":317,"column":40}},"317":{"start":{"line":318,"column":0},"end":{"line":318,"column":63}},"318":{"start":{"line":319,"column":0},"end":{"line":319,"column":78}},"319":{"start":{"line":320,"column":0},"end":{"line":320,"column":35}},"320":{"start":{"line":321,"column":0},"end":{"line":321,"column":69}},"322":{"start":{"line":323,"column":0},"end":{"line":323,"column":69}},"323":{"start":{"line":324,"column":0},"end":{"line":324,"column":52}},"324":{"start":{"line":325,"column":0},"end":{"line":325,"column":48}},"325":{"start":{"line":326,"column":0},"end":{"line":326,"column":27}},"326":{"start":{"line":327,"column":0},"end":{"line":327,"column":50}},"327":{"start":{"line":328,"column":0},"end":{"line":328,"column":42}},"328":{"start":{"line":329,"column":0},"end":{"line":329,"column":27}},"329":{"start":{"line":330,"column":0},"end":{"line":330,"column":39}},"330":{"start":{"line":331,"column":0},"end":{"line":331,"column":27}},"331":{"start":{"line":332,"column":0},"end":{"line":332,"column":53}},"332":{"start":{"line":333,"column":0},"end":{"line":333,"column":51}},"333":{"start":{"line":334,"column":0},"end":{"line":334,"column":87}},"334":{"start":{"line":335,"column":0},"end":{"line":335,"column":23}},"336":{"start":{"line":337,"column":0},"end":{"line":337,"column":29}},"338":{"start":{"line":339,"column":0},"end":{"line":339,"column":24}},"340":{"start":{"line":341,"column":0},"end":{"line":341,"column":17}},"341":{"start":{"line":342,"column":0},"end":{"line":342,"column":18}},"342":{"start":{"line":343,"column":0},"end":{"line":343,"column":16}},"344":{"start":{"line":345,"column":0},"end":{"line":345,"column":40}},"345":{"start":{"line":346,"column":0},"end":{"line":346,"column":76}},"347":{"start":{"line":348,"column":0},"end":{"line":348,"column":21}},"348":{"start":{"line":349,"column":0},"end":{"line":349,"column":16}},"349":{"start":{"line":350,"column":0},"end":{"line":350,"column":14}},"350":{"start":{"line":351,"column":0},"end":{"line":351,"column":12}},"351":{"start":{"line":352,"column":0},"end":{"line":352,"column":16}},"353":{"start":{"line":354,"column":0},"end":{"line":354,"column":2}}},"s":{"9":1,"10":1,"44":1,"45":42,"46":42,"47":42,"48":42,"49":42,"50":42,"51":42,"52":42,"57":42,"58":35,"59":20,"60":20,"61":20,"62":20,"63":20,"64":20,"65":42,"70":42,"71":2,"72":2,"73":2,"74":2,"75":2,"80":42,"81":486,"82":485,"83":485,"84":485,"85":486,"90":42,"91":243,"92":243,"95":42,"96":42,"98":42,"99":42,"101":42,"102":42,"103":42,"104":42,"105":42,"106":42,"107":42,"109":42,"110":42,"111":42,"112":42,"113":42,"114":42,"115":42,"118":42,"119":42,"120":42,"121":42,"122":42,"124":42,"125":2,"127":40,"129":40,"130":40,"131":183,"132":183,"134":183,"135":183,"136":183,"137":183,"138":183,"139":183,"140":183,"142":183,"143":183,"144":183,"145":183,"146":183,"147":183,"148":183,"149":183,"150":1,"151":1,"152":1,"153":1,"154":1,"156":1,"158":183,"160":40,"161":40,"164":40,"165":40,"166":15,"167":15,"168":15,"169":15,"170":15,"171":15,"173":15,"176":40,"177":3,"178":3,"179":3,"180":3,"181":3,"182":3,"184":3,"186":40,"187":40,"189":42,"192":42,"193":4,"194":4,"195":4,"196":4,"197":4,"198":4,"199":4,"201":42,"203":42,"229":1,"230":4,"231":4,"232":4,"233":4,"234":4,"235":4,"236":4,"241":4,"242":4,"244":4,"245":2,"246":2,"247":2,"248":2,"249":4,"250":4,"251":4,"256":4,"257":4,"258":1,"259":1,"260":1,"261":1,"263":4,"264":4,"265":4,"266":4,"268":0,"269":4,"271":4,"273":4,"274":4,"275":4,"276":4,"277":4,"278":4,"279":4,"280":4,"281":4,"282":4,"284":4,"285":4,"286":4,"287":4,"288":4,"289":4,"290":4,"291":4,"293":4,"294":4,"295":4,"296":4,"297":4,"298":4,"299":4,"300":4,"301":4,"303":4,"304":4,"306":4,"307":4,"308":4,"309":4,"310":4,"311":4,"312":60,"314":60,"315":60,"316":60,"317":60,"318":60,"319":60,"320":60,"322":60,"323":60,"324":60,"325":60,"326":60,"327":60,"328":60,"329":60,"330":0,"331":0,"332":0,"333":0,"334":0,"336":0,"338":60,"340":4,"341":4,"342":4,"344":4,"345":4,"347":4,"348":4,"349":4,"350":4,"351":4,"353":4},"branchMap":{"0":{"type":"branch","line":45,"loc":{"start":{"line":45,"column":29},"end":{"line":204,"column":2}},"locations":[{"start":{"line":45,"column":29},"end":{"line":204,"column":2}}]},"1":{"type":"branch","line":114,"loc":{"start":{"line":114,"column":11},"end":{"line":114,"column":30}},"locations":[{"start":{"line":114,"column":11},"end":{"line":114,"column":30}}]},"2":{"type":"branch","line":114,"loc":{"start":{"line":114,"column":24},"end":{"line":114,"column":34}},"locations":[{"start":{"line":114,"column":24},"end":{"line":114,"column":34}}]},"3":{"type":"branch","line":123,"loc":{"start":{"line":123,"column":36},"end":{"line":123,"column":62}},"locations":[{"start":{"line":123,"column":36},"end":{"line":123,"column":62}}]},"4":{"type":"branch","line":123,"loc":{"start":{"line":123,"column":49},"end":{"line":123,"column":73}},"locations":[{"start":{"line":123,"column":49},"end":{"line":123,"column":73}}]},"5":{"type":"branch","line":125,"loc":{"start":{"line":125,"column":28},"end":{"line":126,"column":71}},"locations":[{"start":{"line":125,"column":28},"end":{"line":126,"column":71}}]},"6":{"type":"branch","line":126,"loc":{"start":{"line":126,"column":67},"end":{"line":188,"column":13}},"locations":[{"start":{"line":126,"column":67},"end":{"line":188,"column":13}}]},"7":{"type":"branch","line":166,"loc":{"start":{"line":166,"column":15},"end":{"line":174,"column":25}},"locations":[{"start":{"line":166,"column":15},"end":{"line":174,"column":25}}]},"8":{"type":"branch","line":177,"loc":{"start":{"line":177,"column":15},"end":{"line":185,"column":25}},"locations":[{"start":{"line":177,"column":15},"end":{"line":185,"column":25}}]},"9":{"type":"branch","line":193,"loc":{"start":{"line":193,"column":7},"end":{"line":200,"column":10}},"locations":[{"start":{"line":193,"column":7},"end":{"line":200,"column":10}}]},"10":{"type":"branch","line":58,"loc":{"start":{"line":58,"column":12},"end":{"line":66,"column":5}},"locations":[{"start":{"line":58,"column":12},"end":{"line":66,"column":5}}]},"11":{"type":"branch","line":59,"loc":{"start":{"line":59,"column":23},"end":{"line":59,"column":46}},"locations":[{"start":{"line":59,"column":23},"end":{"line":59,"column":46}}]},"12":{"type":"branch","line":59,"loc":{"start":{"line":59,"column":46},"end":{"line":65,"column":5}},"locations":[{"start":{"line":59,"column":46},"end":{"line":65,"column":5}}]},"13":{"type":"branch","line":71,"loc":{"start":{"line":71,"column":24},"end":{"line":76,"column":4}},"locations":[{"start":{"line":71,"column":24},"end":{"line":76,"column":4}}]},"14":{"type":"branch","line":72,"loc":{"start":{"line":72,"column":22},"end":{"line":72,"column":52}},"locations":[{"start":{"line":72,"column":22},"end":{"line":72,"column":52}}]},"15":{"type":"branch","line":81,"loc":{"start":{"line":81,"column":25},"end":{"line":86,"column":4}},"locations":[{"start":{"line":81,"column":25},"end":{"line":86,"column":4}}]},"16":{"type":"branch","line":82,"loc":{"start":{"line":82,"column":29},"end":{"line":82,"column":48}},"locations":[{"start":{"line":82,"column":29},"end":{"line":82,"column":48}}]},"17":{"type":"branch","line":82,"loc":{"start":{"line":82,"column":36},"end":{"line":85,"column":36}},"locations":[{"start":{"line":82,"column":36},"end":{"line":85,"column":36}}]},"18":{"type":"branch","line":91,"loc":{"start":{"line":91,"column":29},"end":{"line":93,"column":4}},"locations":[{"start":{"line":91,"column":29},"end":{"line":93,"column":4}}]},"19":{"type":"branch","line":107,"loc":{"start":{"line":107,"column":17},"end":{"line":107,"column":50}},"locations":[{"start":{"line":107,"column":17},"end":{"line":107,"column":50}}]},"20":{"type":"branch","line":131,"loc":{"start":{"line":131,"column":31},"end":{"line":161,"column":15}},"locations":[{"start":{"line":131,"column":31},"end":{"line":161,"column":15}}]},"21":{"type":"branch","line":138,"loc":{"start":{"line":138,"column":25},"end":{"line":138,"column":58}},"locations":[{"start":{"line":138,"column":25},"end":{"line":138,"column":58}}]},"22":{"type":"branch","line":138,"loc":{"start":{"line":138,"column":41},"end":{"line":138,"column":63}},"locations":[{"start":{"line":138,"column":41},"end":{"line":138,"column":63}}]},"23":{"type":"branch","line":139,"loc":{"start":{"line":139,"column":45},"end":{"line":139,"column":73}},"locations":[{"start":{"line":139,"column":45},"end":{"line":139,"column":73}}]},"24":{"type":"branch","line":139,"loc":{"start":{"line":139,"column":61},"end":{"line":139,"column":75}},"locations":[{"start":{"line":139,"column":61},"end":{"line":139,"column":75}}]},"25":{"type":"branch","line":141,"loc":{"start":{"line":141,"column":34},"end":{"line":141,"column":59}},"locations":[{"start":{"line":141,"column":34},"end":{"line":141,"column":59}}]},"26":{"type":"branch","line":141,"loc":{"start":{"line":141,"column":50},"end":{"line":141,"column":69}},"locations":[{"start":{"line":141,"column":50},"end":{"line":141,"column":69}}]},"27":{"type":"branch","line":150,"loc":{"start":{"line":150,"column":26},"end":{"line":157,"column":29}},"locations":[{"start":{"line":150,"column":26},"end":{"line":157,"column":29}}]},"28":{"type":"branch","line":169,"loc":{"start":{"line":169,"column":27},"end":{"line":169,"column":63}},"locations":[{"start":{"line":169,"column":27},"end":{"line":169,"column":63}}]},"29":{"type":"branch","line":196,"loc":{"start":{"line":196,"column":19},"end":{"line":196,"column":56}},"locations":[{"start":{"line":196,"column":19},"end":{"line":196,"column":56}}]},"30":{"type":"branch","line":230,"loc":{"start":{"line":230,"column":25},"end":{"line":354,"column":2}},"locations":[{"start":{"line":230,"column":25},"end":{"line":354,"column":2}}]},"31":{"type":"branch","line":272,"loc":{"start":{"line":272,"column":15},"end":{"line":272,"column":27}},"locations":[{"start":{"line":272,"column":15},"end":{"line":272,"column":27}}]},"32":{"type":"branch","line":242,"loc":{"start":{"line":242,"column":12},"end":{"line":252,"column":5}},"locations":[{"start":{"line":242,"column":12},"end":{"line":252,"column":5}}]},"33":{"type":"branch","line":245,"loc":{"start":{"line":245,"column":17},"end":{"line":250,"column":9}},"locations":[{"start":{"line":245,"column":17},"end":{"line":250,"column":9}}]},"34":{"type":"branch","line":246,"loc":{"start":{"line":246,"column":23},"end":{"line":246,"column":47}},"locations":[{"start":{"line":246,"column":23},"end":{"line":246,"column":47}}]},"35":{"type":"branch","line":257,"loc":{"start":{"line":257,"column":12},"end":{"line":270,"column":5}},"locations":[{"start":{"line":257,"column":12},"end":{"line":270,"column":5}}]},"36":{"type":"branch","line":267,"loc":{"start":{"line":267,"column":4},"end":{"line":269,"column":21}},"locations":[{"start":{"line":267,"column":4},"end":{"line":269,"column":21}}]},"37":{"type":"branch","line":258,"loc":{"start":{"line":258,"column":25},"end":{"line":262,"column":6}},"locations":[{"start":{"line":258,"column":25},"end":{"line":262,"column":6}}]},"38":{"type":"branch","line":266,"loc":{"start":{"line":266,"column":13},"end":{"line":266,"column":73}},"locations":[{"start":{"line":266,"column":13},"end":{"line":266,"column":73}}]},"39":{"type":"branch","line":292,"loc":{"start":{"line":292,"column":19},"end":{"line":292,"column":46}},"locations":[{"start":{"line":292,"column":19},"end":{"line":292,"column":46}}]},"40":{"type":"branch","line":312,"loc":{"start":{"line":312,"column":27},"end":{"line":341,"column":15}},"locations":[{"start":{"line":312,"column":27},"end":{"line":341,"column":15}}]},"41":{"type":"branch","line":318,"loc":{"start":{"line":318,"column":25},"end":{"line":318,"column":58}},"locations":[{"start":{"line":318,"column":25},"end":{"line":318,"column":58}}]},"42":{"type":"branch","line":318,"loc":{"start":{"line":318,"column":41},"end":{"line":318,"column":63}},"locations":[{"start":{"line":318,"column":41},"end":{"line":318,"column":63}}]},"43":{"type":"branch","line":319,"loc":{"start":{"line":319,"column":45},"end":{"line":319,"column":73}},"locations":[{"start":{"line":319,"column":45},"end":{"line":319,"column":73}}]},"44":{"type":"branch","line":319,"loc":{"start":{"line":319,"column":61},"end":{"line":319,"column":75}},"locations":[{"start":{"line":319,"column":61},"end":{"line":319,"column":75}}]},"45":{"type":"branch","line":321,"loc":{"start":{"line":321,"column":34},"end":{"line":321,"column":59}},"locations":[{"start":{"line":321,"column":34},"end":{"line":321,"column":59}}]},"46":{"type":"branch","line":321,"loc":{"start":{"line":321,"column":50},"end":{"line":321,"column":69}},"locations":[{"start":{"line":321,"column":50},"end":{"line":321,"column":69}}]},"47":{"type":"branch","line":330,"loc":{"start":{"line":330,"column":26},"end":{"line":337,"column":29}},"locations":[{"start":{"line":330,"column":26},"end":{"line":337,"column":29}}]}},"b":{"0":[42],"1":[37],"2":[5],"3":[37],"4":[5],"5":[2],"6":[40],"7":[15],"8":[3],"9":[4],"10":[35],"11":[25],"12":[20],"13":[2],"14":[1],"15":[486],"16":[1],"17":[485],"18":[243],"19":[3],"20":[183],"21":[25],"22":[158],"23":[25],"24":[158],"25":[25],"26":[158],"27":[1],"28":[4],"29":[6],"30":[4],"31":[0],"32":[4],"33":[2],"34":[0],"35":[4],"36":[0],"37":[1],"38":[4],"39":[1],"40":[60],"41":[4],"42":[56],"43":[4],"44":[56],"45":[4],"46":[56],"47":[0]},"fnMap":{"0":{"name":"HistoryViewer","decl":{"start":{"line":45,"column":29},"end":{"line":204,"column":2}},"loc":{"start":{"line":45,"column":29},"end":{"line":204,"column":2}},"line":45},"1":{"name":"handleKeyDown","decl":{"start":{"line":71,"column":24},"end":{"line":76,"column":4}},"loc":{"start":{"line":71,"column":24},"end":{"line":76,"column":4}},"line":71},"2":{"name":"formatPosition","decl":{"start":{"line":81,"column":25},"end":{"line":86,"column":4}},"loc":{"start":{"line":81,"column":25},"end":{"line":86,"column":4}},"line":81},"3":{"name":"formatMoveNotation","decl":{"start":{"line":91,"column":29},"end":{"line":93,"column":4}},"loc":{"start":{"line":91,"column":29},"end":{"line":93,"column":4}},"line":91},"4":{"name":"onClick","decl":{"start":{"line":107,"column":17},"end":{"line":107,"column":50}},"loc":{"start":{"line":107,"column":17},"end":{"line":107,"column":50}},"line":107},"5":{"name":"onClick","decl":{"start":{"line":169,"column":27},"end":{"line":169,"column":63}},"loc":{"start":{"line":169,"column":27},"end":{"line":169,"column":63}},"line":169},"6":{"name":"onClose","decl":{"start":{"line":196,"column":19},"end":{"line":196,"column":56}},"loc":{"start":{"line":196,"column":19},"end":{"line":196,"column":56}},"line":196},"7":{"name":"FullHistoryModal","decl":{"start":{"line":230,"column":25},"end":{"line":354,"column":2}},"loc":{"start":{"line":230,"column":25},"end":{"line":354,"column":2}},"line":230},"8":{"name":"handleEscape","decl":{"start":{"line":258,"column":25},"end":{"line":262,"column":6}},"loc":{"start":{"line":258,"column":25},"end":{"line":262,"column":6}},"line":258},"9":{"name":"onClick","decl":{"start":{"line":292,"column":19},"end":{"line":292,"column":46}},"loc":{"start":{"line":292,"column":19},"end":{"line":292,"column":46}},"line":292}},"f":{"0":42,"1":2,"2":486,"3":243,"4":3,"5":4,"6":6,"7":4,"8":1,"9":1}}
,"/home/ryankhetlyr/Development/kings-cooking/src/components/game/ColorSelectionScreen.tsx": {"path":"/home/ryankhetlyr/Development/kings-cooking/src/components/game/ColorSelectionScreen.tsx","all":false,"statementMap":{"7":{"start":{"line":8,"column":0},"end":{"line":8,"column":55}},"26":{"start":{"line":27,"column":0},"end":{"line":27,"column":38}},"27":{"start":{"line":28,"column":0},"end":{"line":28,"column":14}},"28":{"start":{"line":29,"column":0},"end":{"line":29,"column":11}},"29":{"start":{"line":30,"column":0},"end":{"line":30,"column":16}},"30":{"start":{"line":31,"column":0},"end":{"line":31,"column":45}},"31":{"start":{"line":32,"column":0},"end":{"line":32,"column":64}},"32":{"start":{"line":33,"column":0},"end":{"line":33,"column":24}},"33":{"start":{"line":34,"column":0},"end":{"line":34,"column":27}},"34":{"start":{"line":35,"column":0},"end":{"line":35,"column":12}},"35":{"start":{"line":36,"column":0},"end":{"line":36,"column":52}},"36":{"start":{"line":37,"column":0},"end":{"line":37,"column":5}},"37":{"start":{"line":38,"column":0},"end":{"line":38,"column":4}},"39":{"start":{"line":40,"column":0},"end":{"line":40,"column":10}},"40":{"start":{"line":41,"column":0},"end":{"line":41,"column":38}},"41":{"start":{"line":42,"column":0},"end":{"line":42,"column":57}},"42":{"start":{"line":43,"column":0},"end":{"line":43,"column":54}},"44":{"start":{"line":45,"column":0},"end":{"line":45,"column":43}},"45":{"start":{"line":46,"column":0},"end":{"line":46,"column":15}},"46":{"start":{"line":47,"column":0},"end":{"line":47,"column":23}},"47":{"start":{"line":48,"column":0},"end":{"line":48,"column":52}},"48":{"start":{"line":49,"column":0},"end":{"line":49,"column":40}},"49":{"start":{"line":50,"column":0},"end":{"line":50,"column":53}},"51":{"start":{"line":52,"column":0},"end":{"line":52,"column":54}},"52":{"start":{"line":53,"column":0},"end":{"line":53,"column":57}},"53":{"start":{"line":54,"column":0},"end":{"line":54,"column":62}},"54":{"start":{"line":55,"column":0},"end":{"line":55,"column":17}},"56":{"start":{"line":57,"column":0},"end":{"line":57,"column":15}},"57":{"start":{"line":58,"column":0},"end":{"line":58,"column":23}},"58":{"start":{"line":59,"column":0},"end":{"line":59,"column":51}},"59":{"start":{"line":60,"column":0},"end":{"line":60,"column":40}},"60":{"start":{"line":61,"column":0},"end":{"line":61,"column":53}},"62":{"start":{"line":63,"column":0},"end":{"line":63,"column":54}},"63":{"start":{"line":64,"column":0},"end":{"line":64,"column":56}},"64":{"start":{"line":65,"column":0},"end":{"line":65,"column":63}},"65":{"start":{"line":66,"column":0},"end":{"line":66,"column":17}},"66":{"start":{"line":67,"column":0},"end":{"line":67,"column":12}},"67":{"start":{"line":68,"column":0},"end":{"line":68,"column":10}},"69":{"start":{"line":70,"column":0},"end":{"line":70,"column":1}}},"s":{"7":1,"26":1,"27":9,"28":9,"29":9,"30":9,"31":9,"32":2,"33":0,"34":2,"35":2,"36":2,"37":2,"39":9,"40":9,"41":9,"42":9,"44":9,"45":9,"46":9,"47":9,"48":9,"49":9,"51":9,"52":9,"53":9,"54":9,"56":9,"57":9,"58":9,"59":9,"60":9,"62":9,"63":9,"64":9,"65":9,"66":9,"67":9,"69":9},"branchMap":{"0":{"type":"branch","line":27,"loc":{"start":{"line":27,"column":7},"end":{"line":70,"column":1}},"locations":[{"start":{"line":27,"column":7},"end":{"line":70,"column":1}}]},"1":{"type":"branch","line":32,"loc":{"start":{"line":32,"column":28},"end":{"line":38,"column":4}},"locations":[{"start":{"line":32,"column":28},"end":{"line":38,"column":4}}]},"2":{"type":"branch","line":33,"loc":{"start":{"line":33,"column":23},"end":{"line":35,"column":11}},"locations":[{"start":{"line":33,"column":23},"end":{"line":35,"column":11}}]},"3":{"type":"branch","line":48,"loc":{"start":{"line":48,"column":19},"end":{"line":48,"column":52}},"locations":[{"start":{"line":48,"column":19},"end":{"line":48,"column":52}}]},"4":{"type":"branch","line":59,"loc":{"start":{"line":59,"column":19},"end":{"line":59,"column":51}},"locations":[{"start":{"line":59,"column":19},"end":{"line":59,"column":51}}]}},"b":{"0":[9],"1":[2],"2":[0],"3":[1],"4":[1]},"fnMap":{"0":{"name":"ColorSelectionScreen","decl":{"start":{"line":27,"column":7},"end":{"line":70,"column":1}},"loc":{"start":{"line":27,"column":7},"end":{"line":70,"column":1}},"line":27},"1":{"name":"handleColorSelect","decl":{"start":{"line":32,"column":28},"end":{"line":38,"column":4}},"loc":{"start":{"line":32,"column":28},"end":{"line":38,"column":4}},"line":32},"2":{"name":"onClick","decl":{"start":{"line":48,"column":19},"end":{"line":48,"column":52}},"loc":{"start":{"line":48,"column":19},"end":{"line":48,"column":52}},"line":48},"3":{"name":"onClick","decl":{"start":{"line":59,"column":19},"end":{"line":59,"column":51}},"loc":{"start":{"line":59,"column":19},"end":{"line":59,"column":51}},"line":59}},"f":{"0":9,"1":2,"2":1,"3":1}}
,"/home/ryankhetlyr/Development/kings-cooking/src/components/game/CourtArea.tsx": {"path":"/home/ryankhetlyr/Development/kings-cooking/src/components/game/CourtArea.tsx","all":false,"statementMap":{"7":{"start":{"line":8,"column":0},"end":{"line":8,"column":50}},"8":{"start":{"line":9,"column":0},"end":{"line":9,"column":44}},"37":{"start":{"line":38,"column":0},"end":{"line":38,"column":72}},"38":{"start":{"line":39,"column":0},"end":{"line":39,"column":34}},"39":{"start":{"line":40,"column":0},"end":{"line":40,"column":36}},"40":{"start":{"line":41,"column":0},"end":{"line":41,"column":36}},"41":{"start":{"line":42,"column":0},"end":{"line":42,"column":35}},"42":{"start":{"line":43,"column":0},"end":{"line":43,"column":82}},"43":{"start":{"line":44,"column":0},"end":{"line":44,"column":34}},"44":{"start":{"line":45,"column":0},"end":{"line":45,"column":2}},"53":{"start":{"line":54,"column":0},"end":{"line":54,"column":45}},"54":{"start":{"line":55,"column":0},"end":{"line":55,"column":44}},"55":{"start":{"line":56,"column":0},"end":{"line":56,"column":27}},"56":{"start":{"line":57,"column":0},"end":{"line":57,"column":64}},"57":{"start":{"line":58,"column":0},"end":{"line":58,"column":1}},"86":{"start":{"line":87,"column":0},"end":{"line":87,"column":27}},"87":{"start":{"line":88,"column":0},"end":{"line":88,"column":13}},"88":{"start":{"line":89,"column":0},"end":{"line":89,"column":15}},"89":{"start":{"line":90,"column":0},"end":{"line":90,"column":17}},"90":{"start":{"line":91,"column":0},"end":{"line":91,"column":18}},"91":{"start":{"line":92,"column":0},"end":{"line":92,"column":17}},"92":{"start":{"line":93,"column":0},"end":{"line":93,"column":16}},"93":{"start":{"line":94,"column":0},"end":{"line":94,"column":20}},"94":{"start":{"line":95,"column":0},"end":{"line":95,"column":28}},"95":{"start":{"line":96,"column":0},"end":{"line":96,"column":16}},"96":{"start":{"line":97,"column":0},"end":{"line":97,"column":15}},"97":{"start":{"line":98,"column":0},"end":{"line":98,"column":37}},"100":{"start":{"line":101,"column":0},"end":{"line":101,"column":53}},"102":{"start":{"line":103,"column":0},"end":{"line":103,"column":10}},"103":{"start":{"line":104,"column":0},"end":{"line":104,"column":38}},"104":{"start":{"line":105,"column":0},"end":{"line":105,"column":41}},"105":{"start":{"line":106,"column":0},"end":{"line":106,"column":64}},"106":{"start":{"line":107,"column":0},"end":{"line":107,"column":12}},"108":{"start":{"line":109,"column":0},"end":{"line":109,"column":46}},"110":{"start":{"line":111,"column":0},"end":{"line":111,"column":46}},"111":{"start":{"line":112,"column":0},"end":{"line":112,"column":62}},"112":{"start":{"line":113,"column":0},"end":{"line":113,"column":44}},"113":{"start":{"line":114,"column":0},"end":{"line":114,"column":42}},"114":{"start":{"line":115,"column":0},"end":{"line":115,"column":60}},"116":{"start":{"line":117,"column":0},"end":{"line":117,"column":50}},"117":{"start":{"line":118,"column":0},"end":{"line":118,"column":21}},"118":{"start":{"line":119,"column":0},"end":{"line":119,"column":41}},"119":{"start":{"line":120,"column":0},"end":{"line":120,"column":46}},"120":{"start":{"line":121,"column":0},"end":{"line":121,"column":56}},"122":{"start":{"line":123,"column":0},"end":{"line":123,"column":39}},"123":{"start":{"line":124,"column":0},"end":{"line":124,"column":23}},"124":{"start":{"line":125,"column":0},"end":{"line":125,"column":16}},"126":{"start":{"line":127,"column":0},"end":{"line":127,"column":16}},"127":{"start":{"line":128,"column":0},"end":{"line":128,"column":14}},"130":{"start":{"line":131,"column":0},"end":{"line":131,"column":48}},"131":{"start":{"line":132,"column":0},"end":{"line":132,"column":62}},"132":{"start":{"line":133,"column":0},"end":{"line":133,"column":44}},"133":{"start":{"line":134,"column":0},"end":{"line":134,"column":44}},"134":{"start":{"line":135,"column":0},"end":{"line":135,"column":60}},"136":{"start":{"line":137,"column":0},"end":{"line":137,"column":52}},"137":{"start":{"line":138,"column":0},"end":{"line":138,"column":21}},"138":{"start":{"line":139,"column":0},"end":{"line":139,"column":43}},"139":{"start":{"line":140,"column":0},"end":{"line":140,"column":46}},"140":{"start":{"line":141,"column":0},"end":{"line":141,"column":67}},"142":{"start":{"line":143,"column":0},"end":{"line":143,"column":39}},"143":{"start":{"line":144,"column":0},"end":{"line":144,"column":23}},"144":{"start":{"line":145,"column":0},"end":{"line":145,"column":16}},"146":{"start":{"line":147,"column":0},"end":{"line":147,"column":16}},"147":{"start":{"line":148,"column":0},"end":{"line":148,"column":14}},"148":{"start":{"line":149,"column":0},"end":{"line":149,"column":12}},"151":{"start":{"line":152,"column":0},"end":{"line":152,"column":25}},"152":{"start":{"line":153,"column":0},"end":{"line":153,"column":48}},"153":{"start":{"line":154,"column":0},"end":{"line":154,"column":25}},"154":{"start":{"line":155,"column":0},"end":{"line":155,"column":43}},"155":{"start":{"line":156,"column":0},"end":{"line":156,"column":39}},"156":{"start":{"line":157,"column":0},"end":{"line":157,"column":41}},"157":{"start":{"line":158,"column":0},"end":{"line":158,"column":35}},"158":{"start":{"line":159,"column":0},"end":{"line":159,"column":71}},"159":{"start":{"line":160,"column":0},"end":{"line":160,"column":38}},"160":{"start":{"line":161,"column":0},"end":{"line":161,"column":28}},"161":{"start":{"line":162,"column":0},"end":{"line":162,"column":27}},"162":{"start":{"line":163,"column":0},"end":{"line":163,"column":20}},"163":{"start":{"line":164,"column":0},"end":{"line":164,"column":12}},"164":{"start":{"line":165,"column":0},"end":{"line":165,"column":14}},"166":{"start":{"line":167,"column":0},"end":{"line":167,"column":10}},"168":{"start":{"line":169,"column":0},"end":{"line":169,"column":2}}},"s":{"7":1,"8":1,"37":1,"38":1,"39":1,"40":1,"41":1,"42":1,"43":1,"44":1,"53":4,"54":4,"55":4,"56":4,"57":4,"86":1,"87":104,"88":104,"89":104,"90":104,"91":104,"92":104,"93":104,"94":104,"95":104,"96":104,"97":104,"100":104,"102":104,"103":104,"104":104,"105":104,"106":104,"108":104,"110":104,"111":104,"112":104,"113":104,"114":102,"116":2,"117":3,"118":3,"119":3,"120":3,"122":3,"123":3,"124":2,"126":104,"127":104,"130":104,"131":104,"132":104,"133":104,"134":103,"136":1,"137":1,"138":1,"139":1,"140":1,"142":1,"143":1,"144":1,"146":104,"147":104,"148":104,"151":104,"152":57,"153":57,"154":57,"155":57,"156":57,"157":57,"158":57,"159":0,"160":0,"161":0,"162":57,"163":57,"164":57,"166":104,"168":104},"branchMap":{"0":{"type":"branch","line":54,"loc":{"start":{"line":54,"column":0},"end":{"line":58,"column":1}},"locations":[{"start":{"line":54,"column":0},"end":{"line":58,"column":1}}]},"1":{"type":"branch","line":56,"loc":{"start":{"line":56,"column":16},"end":{"line":56,"column":27}},"locations":[{"start":{"line":56,"column":16},"end":{"line":56,"column":27}}]},"2":{"type":"branch","line":57,"loc":{"start":{"line":57,"column":25},"end":{"line":57,"column":51}},"locations":[{"start":{"line":57,"column":25},"end":{"line":57,"column":51}}]},"3":{"type":"branch","line":57,"loc":{"start":{"line":57,"column":43},"end":{"line":57,"column":64}},"locations":[{"start":{"line":57,"column":43},"end":{"line":57,"column":64}}]},"4":{"type":"branch","line":87,"loc":{"start":{"line":87,"column":25},"end":{"line":169,"column":2}},"locations":[{"start":{"line":87,"column":25},"end":{"line":169,"column":2}}]},"5":{"type":"branch","line":106,"loc":{"start":{"line":106,"column":24},"end":{"line":106,"column":44}},"locations":[{"start":{"line":106,"column":24},"end":{"line":106,"column":44}}]},"6":{"type":"branch","line":106,"loc":{"start":{"line":106,"column":34},"end":{"line":106,"column":51}},"locations":[{"start":{"line":106,"column":34},"end":{"line":106,"column":51}}]},"7":{"type":"branch","line":114,"loc":{"start":{"line":114,"column":37},"end":{"line":115,"column":60}},"locations":[{"start":{"line":114,"column":37},"end":{"line":115,"column":60}}]},"8":{"type":"branch","line":115,"loc":{"start":{"line":115,"column":53},"end":{"line":125,"column":16}},"locations":[{"start":{"line":115,"column":53},"end":{"line":125,"column":16}}]},"9":{"type":"branch","line":134,"loc":{"start":{"line":134,"column":39},"end":{"line":135,"column":60}},"locations":[{"start":{"line":134,"column":39},"end":{"line":135,"column":60}}]},"10":{"type":"branch","line":135,"loc":{"start":{"line":135,"column":53},"end":{"line":145,"column":16}},"locations":[{"start":{"line":135,"column":53},"end":{"line":145,"column":16}}]},"11":{"type":"branch","line":152,"loc":{"start":{"line":152,"column":7},"end":{"line":165,"column":14}},"locations":[{"start":{"line":152,"column":7},"end":{"line":165,"column":14}}]},"12":{"type":"branch","line":159,"loc":{"start":{"line":159,"column":17},"end":{"line":159,"column":55}},"locations":[{"start":{"line":159,"column":17},"end":{"line":159,"column":55}}]},"13":{"type":"branch","line":159,"loc":{"start":{"line":159,"column":38},"end":{"line":159,"column":70}},"locations":[{"start":{"line":159,"column":38},"end":{"line":159,"column":70}}]},"14":{"type":"branch","line":159,"loc":{"start":{"line":159,"column":55},"end":{"line":163,"column":16}},"locations":[{"start":{"line":159,"column":55},"end":{"line":163,"column":16}}]},"15":{"type":"branch","line":117,"loc":{"start":{"line":117,"column":31},"end":{"line":124,"column":23}},"locations":[{"start":{"line":117,"column":31},"end":{"line":124,"column":23}}]},"16":{"type":"branch","line":137,"loc":{"start":{"line":137,"column":33},"end":{"line":144,"column":23}},"locations":[{"start":{"line":137,"column":33},"end":{"line":144,"column":23}}]}},"b":{"0":[4],"1":[0],"2":[3],"3":[1],"4":[104],"5":[49],"6":[55],"7":[102],"8":[2],"9":[103],"10":[1],"11":[57],"12":[0],"13":[0],"14":[0],"15":[3],"16":[1]},"fnMap":{"0":{"name":"getPieceIcon","decl":{"start":{"line":54,"column":0},"end":{"line":58,"column":1}},"loc":{"start":{"line":54,"column":0},"end":{"line":58,"column":1}},"line":54},"1":{"name":"CourtArea","decl":{"start":{"line":87,"column":25},"end":{"line":169,"column":2}},"loc":{"start":{"line":87,"column":25},"end":{"line":169,"column":2}},"line":87}},"f":{"0":4,"1":104}}
,"/home/ryankhetlyr/Development/kings-cooking/src/components/game/DarkModeToggle.tsx": {"path":"/home/ryankhetlyr/Development/kings-cooking/src/components/game/DarkModeToggle.tsx","all":false,"statementMap":{"5":{"start":{"line":6,"column":0},"end":{"line":6,"column":63}},"6":{"start":{"line":7,"column":0},"end":{"line":7,"column":49}},"45":{"start":{"line":46,"column":0},"end":{"line":46,"column":32}},"46":{"start":{"line":47,"column":0},"end":{"line":47,"column":16}},"47":{"start":{"line":48,"column":0},"end":{"line":48,"column":34}},"48":{"start":{"line":49,"column":0},"end":{"line":49,"column":42}},"50":{"start":{"line":51,"column":0},"end":{"line":51,"column":62}},"52":{"start":{"line":53,"column":0},"end":{"line":53,"column":9}},"53":{"start":{"line":54,"column":0},"end":{"line":54,"column":54}},"54":{"start":{"line":55,"column":0},"end":{"line":55,"column":52}},"55":{"start":{"line":56,"column":0},"end":{"line":56,"column":22}},"56":{"start":{"line":57,"column":0},"end":{"line":57,"column":7}},"57":{"start":{"line":58,"column":0},"end":{"line":58,"column":13}},"59":{"start":{"line":60,"column":0},"end":{"line":60,"column":5}},"62":{"start":{"line":63,"column":0},"end":{"line":63,"column":9}},"63":{"start":{"line":64,"column":0},"end":{"line":64,"column":91}},"64":{"start":{"line":65,"column":0},"end":{"line":65,"column":22}},"65":{"start":{"line":66,"column":0},"end":{"line":66,"column":7}},"66":{"start":{"line":67,"column":0},"end":{"line":67,"column":13}},"68":{"start":{"line":69,"column":0},"end":{"line":69,"column":5}},"70":{"start":{"line":71,"column":0},"end":{"line":71,"column":19}},"71":{"start":{"line":72,"column":0},"end":{"line":72,"column":5}},"74":{"start":{"line":75,"column":0},"end":{"line":75,"column":19}},"75":{"start":{"line":76,"column":0},"end":{"line":76,"column":42}},"76":{"start":{"line":77,"column":0},"end":{"line":77,"column":43}},"79":{"start":{"line":80,"column":0},"end":{"line":80,"column":9}},"80":{"start":{"line":81,"column":0},"end":{"line":81,"column":46}},"81":{"start":{"line":82,"column":0},"end":{"line":82,"column":13}},"83":{"start":{"line":84,"column":0},"end":{"line":84,"column":5}},"86":{"start":{"line":87,"column":0},"end":{"line":87,"column":27}},"87":{"start":{"line":88,"column":0},"end":{"line":88,"column":41}},"90":{"start":{"line":91,"column":0},"end":{"line":91,"column":19}},"91":{"start":{"line":92,"column":0},"end":{"line":92,"column":9}},"92":{"start":{"line":93,"column":0},"end":{"line":93,"column":31}},"93":{"start":{"line":94,"column":0},"end":{"line":94,"column":15}},"94":{"start":{"line":95,"column":0},"end":{"line":95,"column":7}},"96":{"start":{"line":97,"column":0},"end":{"line":97,"column":75}},"98":{"start":{"line":99,"column":0},"end":{"line":99,"column":62}},"100":{"start":{"line":101,"column":0},"end":{"line":101,"column":13}},"101":{"start":{"line":102,"column":0},"end":{"line":102,"column":58}},"102":{"start":{"line":103,"column":0},"end":{"line":103,"column":24}},"103":{"start":{"line":104,"column":0},"end":{"line":104,"column":51}},"104":{"start":{"line":105,"column":0},"end":{"line":105,"column":11}},"105":{"start":{"line":106,"column":0},"end":{"line":106,"column":17}},"107":{"start":{"line":108,"column":0},"end":{"line":108,"column":9}},"108":{"start":{"line":109,"column":0},"end":{"line":109,"column":8}},"110":{"start":{"line":111,"column":0},"end":{"line":111,"column":58}},"111":{"start":{"line":112,"column":0},"end":{"line":112,"column":74}},"112":{"start":{"line":113,"column":0},"end":{"line":113,"column":13}},"114":{"start":{"line":115,"column":0},"end":{"line":115,"column":13}},"115":{"start":{"line":116,"column":0},"end":{"line":116,"column":5}},"116":{"start":{"line":117,"column":0},"end":{"line":117,"column":19}},"118":{"start":{"line":119,"column":0},"end":{"line":119,"column":35}},"119":{"start":{"line":120,"column":0},"end":{"line":120,"column":62}},"120":{"start":{"line":121,"column":0},"end":{"line":121,"column":4}},"122":{"start":{"line":123,"column":0},"end":{"line":123,"column":10}},"123":{"start":{"line":124,"column":0},"end":{"line":124,"column":11}},"124":{"start":{"line":125,"column":0},"end":{"line":125,"column":19}},"125":{"start":{"line":126,"column":0},"end":{"line":126,"column":27}},"126":{"start":{"line":127,"column":0},"end":{"line":127,"column":31}},"127":{"start":{"line":128,"column":0},"end":{"line":128,"column":85}},"128":{"start":{"line":129,"column":0},"end":{"line":12
[...]
,"/home/ryankhetlyr/Development/kings-cooking/src/lib/urlEncoding/urlParser.ts": {"path":"/home/ryankhetlyr/Development/kings-cooking/src/lib/urlEncoding/urlParser.ts","all":false,"statementMap":{"11":{"start":{"line":12,"column":0},"end":{"line":12,"column":50}},"13":{"start":{"line":14,"column":0},"end":{"line":14,"column":64}},"27":{"start":{"line":28,"column":0},"end":{"line":28,"column":25}},"28":{"start":{"line":29,"column":0},"end":{"line":29,"column":17}},"29":{"start":{"line":30,"column":0},"end":{"line":30,"column":15}},"30":{"start":{"line":31,"column":0},"end":{"line":31,"column":27}},"31":{"start":{"line":32,"column":0},"end":{"line":32,"column":11}},"32":{"start":{"line":33,"column":0},"end":{"line":33,"column":60}},"33":{"start":{"line":34,"column":0},"end":{"line":34,"column":15}},"34":{"start":{"line":35,"column":0},"end":{"line":35,"column":41}},"35":{"start":{"line":36,"column":0},"end":{"line":36,"column":36}},"36":{"start":{"line":37,"column":0},"end":{"line":37,"column":37}},"37":{"start":{"line":38,"column":0},"end":{"line":38,"column":51}},"38":{"start":{"line":39,"column":0},"end":{"line":39,"column":3}},"39":{"start":{"line":40,"column":0},"end":{"line":40,"column":27}},"40":{"start":{"line":41,"column":0},"end":{"line":41,"column":1}},"80":{"start":{"line":81,"column":0},"end":{"line":81,"column":57}},"82":{"start":{"line":83,"column":0},"end":{"line":83,"column":64}},"84":{"start":{"line":85,"column":0},"end":{"line":85,"column":26}},"85":{"start":{"line":86,"column":0},"end":{"line":86,"column":12}},"86":{"start":{"line":87,"column":0},"end":{"line":87,"column":21}},"87":{"start":{"line":88,"column":0},"end":{"line":88,"column":35}},"88":{"start":{"line":89,"column":0},"end":{"line":89,"column":6}},"89":{"start":{"line":90,"column":0},"end":{"line":90,"column":3}},"92":{"start":{"line":93,"column":0},"end":{"line":93,"column":47}},"94":{"start":{"line":95,"column":0},"end":{"line":95,"column":17}},"95":{"start":{"line":96,"column":0},"end":{"line":96,"column":12}},"96":{"start":{"line":97,"column":0},"end":{"line":97,"column":21}},"97":{"start":{"line":98,"column":0},"end":{"line":98,"column":83}},"98":{"start":{"line":99,"column":0},"end":{"line":99,"column":6}},"99":{"start":{"line":100,"column":0},"end":{"line":100,"column":3}},"101":{"start":{"line":102,"column":0},"end":{"line":102,"column":10}},"102":{"start":{"line":103,"column":0},"end":{"line":103,"column":18}},"103":{"start":{"line":104,"column":0},"end":{"line":104,"column":12}},"104":{"start":{"line":105,"column":0},"end":{"line":105,"column":4}},"105":{"start":{"line":106,"column":0},"end":{"line":106,"column":1}},"127":{"start":{"line":128,"column":0},"end":{"line":128,"column":37}},"128":{"start":{"line":129,"column":0},"end":{"line":129,"column":21}},"129":{"start":{"line":130,"column":0},"end":{"line":130,"column":16}},"131":{"start":{"line":132,"column":0},"end":{"line":132,"column":40}},"132":{"start":{"line":133,"column":0},"end":{"line":133,"column":1}},"143":{"start":{"line":144,"column":0},"end":{"line":144,"column":72}},"144":{"start":{"line":145,"column":0},"end":{"line":145,"column":32}},"146":{"start":{"line":147,"column":0},"end":{"line":147,"column":7}},"149":{"start":{"line":150,"column":0},"end":{"line":150,"column":45}},"150":{"start":{"line":151,"column":0},"end":{"line":151,"column":31}},"151":{"start":{"line":152,"column":0},"end":{"line":152,"column":36}},"152":{"start":{"line":153,"column":0},"end":{"line":153,"column":29}},"153":{"start":{"line":154,"column":0},"end":{"line":154,"column":6}},"156":{"start":{"line":157,"column":0},"end":{"line":157,"column":58}},"157":{"start":{"line":158,"column":0},"end":{"line":158,"column":14}},"158":{"start":{"line":159,"column":0},"end":{"line":159,"column":23}},"159":{"start":{"line":160,"column":0},"end":{"line":160,"column":150}},"160":{"start":{"line":161,"column":0},"end":{"line":161,"column":8}},"161":{"start":{"line":162,"column":0},"end":{"line":162,"column":5}},"164":{"start":{"line":165,"column":0},"end":{"line":165,"column":64}},"167":{"start":{"line":168,"column":0},"end":{"line":168,"column":29}},"168":{"start":{"line":169,"column":0},"end":{"line":169,"column":60}},"169":{"start":{"line":170,"column":0},"end":{"line":170,"column":5}},"171":{"start":{"line":172,"column":0},"end":{"line":172,"column":30}},"172":{"start":{"line":173,"column":0},"end":{"line":173,"column":14}},"173":{"start":{"line":174,"column":0},"end":{"line":174,"column":22}},"174":{"start":{"line":175,"column":0},"end":{"line":175,"column":15}},"175":{"start":{"line":176,"column":0},"end":{"line":176,"column":17}},"176":{"start":{"line":177,"column":0},"end":{"line":177,"column":8}},"177":{"start":{"line":178,"column":0},"end":{"line":178,"column":5}},"179":{"start":{"line":180,"column":0},"end":{"line":180,"column":12}},"180":{"start":{"line":181,"column":0},"end":{"line":181,"column":20}},"181":{"start":{"line":182,"column":0},"end":{"line":182,"column":13}},"182":{"start":{"line":183,"column":0},"end":{"line":183,"column":6}},"183":{"start":{"line":184,"column":0},"end":{"line":184,"column":19}},"184":{"start":{"line":185,"column":0},"end":{"line":185,"column":12}},"185":{"start":{"line":186,"column":0},"end":{"line":186,"column":21}},"186":{"start":{"line":187,"column":0},"end":{"line":187,"column":111}},"187":{"start":{"line":188,"column":0},"end":{"line":188,"column":6}},"188":{"start":{"line":189,"column":0},"end":{"line":189,"column":3}},"189":{"start":{"line":190,"column":0},"end":{"line":190,"column":1}},"199":{"start":{"line":200,"column":0},"end":{"line":200,"column":73}},"201":{"start":{"line":202,"column":0},"end":{"line":202,"column":44}},"202":{"start":{"line":203,"column":0},"end":{"line":203,"column":1}}},"s":{"11":1,"13":1,"27":5,"28":5,"29":5,"30":5,"31":5,"32":5,"33":5,"34":5,"35":2923,"36":2923,"37":2923,"38":2923,"39":5,"40":5,"80":1,"82":9,"84":9,"85":1,"86":1,"87":1,"88":1,"89":1,"92":8,"94":9,"95":1,"96":1,"97":1,"98":1,"99":1,"101":7,"102":7,"103":7,"104":7,"105":7,"127":1,"128":5,"129":5,"131":5,"132":5,"143":5,"144":5,"146":5,"149":5,"150":5,"151":5,"152":5,"153":5,"156":5,"157":1,"158":1,"159":1,"160":1,"161":1,"164":4,"167":5,"168":1,"169":1,"171":5,"172":1,"173":1,"174":1,"175":1,"176":1,"177":1,"179":3,"180":3,"181":3,"182":3,"183":5,"184":0,"185":0,"186":0,"187":0,"188":0,"189":5,"199":1,"201":1,"202":1},"branchMap":{"0":{"type":"branch","line":28,"loc":{"start":{"line":28,"column":0},"end":{"line":41,"column":1}},"locations":[{"start":{"line":28,"column":0},"end":{"line":41,"column":1}}]},"1":{"type":"branch","line":35,"loc":{"start":{"line":35,"column":40},"end":{"line":39,"column":3}},"locations":[{"start":{"line":35,"column":40},"end":{"line":39,"column":3}}]},"2":{"type":"branch","line":81,"loc":{"start":{"line":81,"column":7},"end":{"line":106,"column":1}},"locations":[{"start":{"line":81,"column":7},"end":{"line":106,"column":1}}]},"3":{"type":"branch","line":83,"loc":{"start":{"line":83,"column":39},"end":{"line":83,"column":59}},"locations":[{"start":{"line":83,"column":39},"end":{"line":83,"column":59}}]},"4":{"type":"branch","line":83,"loc":{"start":{"line":83,"column":55},"end":{"line":83,"column":64}},"locations":[{"start":{"line":83,"column":55},"end":{"line":83,"column":64}}]},"5":{"type":"branch","line":85,"loc":{"start":{"line":85,"column":25},"end":{"line":90,"column":3}},"locations":[{"start":{"line":85,"column":25},"end":{"line":90,"column":3}}]},"6":{"type":"branch","line":90,"loc":{"start":{"line":90,"column":2},"end":{"line":95,"column":16}},"locations":[{"start":{"line":90,"column":2},"end":{"line":95,"column":16}}]},"7":{"type":"branch","line":95,"loc":{"start":{"line":95,"column":16},"end":{"line":100,"column":3}},"locations":[{"start":{"line":95,"column":16},"end":{"line":100,"column":3}}]},"8":{"type":"branch","line":100,"loc":{"start":{"line":100,"column":2},"end":{"line":106,"column":1}},"locations":[{"start":{"line":100,"column":2},"end":{"line":106,"column":1}}]},"9":{"type":"branch","line":128,"loc":{"start":{"line":128,"column":7},"end":{"line":133,"column":1}},"locations":[{"start":{"line":128,"column":7},"end":{"line":133,"column":1}}]},"10":{"type":"branch","line":144,"loc":{"start":{"line":144,"column":0},"end":{"line":190,"column":1}},"locations":[{"start":{"line":144,"column":0},"end":{"line":190,"column":1}}]},"11":{"type":"branch","line":157,"loc":{"start":{"line":157,"column":57},"end":{"line":162,"column":5}},"locations":[{"start":{"line":157,"column":57},"end":{"line":162,"column":5}}]},"12":{"type":"branch","line":162,"loc":{"start":{"line":162,"column":4},"end":{"line":168,"column":28}},"locations":[{"start":{"line":162,"column":4},"end":{"line":168,"column":28}}]},"13":{"type":"branch","line":168,"loc":{"start":{"line":168,"column":28},"end":{"line":170,"column":5}},"locations":[{"start":{"line":168,"column":28},"end":{"line":170,"column":5}}]},"14":{"type":"branch","line":170,"loc":{"start":{"line":170,"column":4},"end":{"line":172,"column":29}},"locations":[{"start":{"line":170,"column":4},"end":{"line":172,"column":29}}]},"15":{"type":"branch","line":172,"loc":{"start":{"line":172,"column":29},"end":{"line":178,"column":5}},"locations":[{"start":{"line":172,"column":29},"end":{"line":178,"column":5}}]},"16":{"type":"branch","line":178,"loc":{"start":{"line":178,"column":4},"end":{"line":184,"column":11}},"locations":[{"start":{"line":178,"column":4},"end":{"line":184,"column":11}}]},"17":{"type":"branch","line":184,"loc":{"start":{"line":184,"column":2},"end":{"line":189,"column":3}},"locations":[{"start":{"line":184,"column":2},"end":{"line":189,"column":3}}]},"18":{"type":"branch","line":200,"loc":{"start":{"line":200,"column":7},"end":{"line":203,"column":1}},"locations":[{"start":{"line":200,"column":7},"end":{"line":203,"column":1}}]}},"b":{"0":[5],"1":[2923],"2":[9],"3":[7],"4":[2],"5":[1],"6":[8],"7":[1],"8":[7],"9":[5],"10":[5],"11":[1],"12":[4],"13":[1],"14":[4],"15":[1],"16":[3],"17":[0],"18":[1]},"fnMap":{"0":{"name":"computeChecksum","decl":{"start":{"line":28,"column":0},"end":{"line":41,"column":1}},"loc":{"start":{"line":28,"column":0},"end":{"line":41,"column":1}},"line":28},"1":{"name":"parseUrlHash","decl":{"start":{"line":81,"column":7},"end":{"line":106,"column":1}},"loc":{"start":{"line":81,"column":7},"end":{"line":106,"column":1}},"line":81},"2":{"name":"applyPayloadToEngine","decl":{"start":{"line":128,"column":7},"end":{"line":133,"column":1}},"loc":{"start":{"line":128,"column":7},"end":{"line":133,"column":1}},"line":128},"3":{"name":"applyFullStatePayload","decl":{"start":{"line":144,"column":0},"end":{"line":190,"column":1}},"loc":{"start":{"line":144,"column":0},"end":{"line":190,"column":1}},"line":144},"4":{"name":"extractOpponentName","decl":{"start":{"line":200,"column":7},"end":{"line":203,"column":1}},"loc":{"start":{"line":200,"column":7},"end":{"line":203,"column":1}},"line":200}},"f":{"0":5,"1":9,"2":5,"3":5,"4":1}}
,"/home/ryankhetlyr/Development/kings-cooking/src/lib/validation/schemas.ts": {"path":"/home/ryankhetlyr/Development/kings-cooking/src/lib/validation/schemas.ts","all":false,"statementMap":{"12":{"start":{"line":13,"column":0},"end":{"line":13,"column":24}},"30":{"start":{"line":31,"column":0},"end":{"line":31,"column":68}},"37":{"start":{"line":38,"column":0},"end":{"line":38,"column":64}},"44":{"start":{"line":45,"column":0},"end":{"line":45,"column":64}},"56":{"start":{"line":57,"column":0},"end":{"line":57,"column":85}},"63":{"start":{"line":64,"column":0},"end":{"line":64,"column":58}},"76":{"start":{"line":77,"column":0},"end":{"line":77,"column":39}},"77":{"start":{"line":78,"column":0},"end":{"line":78,"column":26}},"78":{"start":{"line":79,"column":0},"end":{"line":79,"column":26}},"79":{"start":{"line":80,"column":0},"end":{"line":80,"column":14}},"92":{"start":{"line":93,"column":0},"end":{"line":93,"column":37}},"93":{"start":{"line":94,"column":0},"end":{"line":94,"column":24}},"94":{"start":{"line":95,"column":0},"end":{"line":95,"column":26}},"95":{"start":{"line":96,"column":0},"end":{"line":96,"column":27}},"96":{"start":{"line":97,"column":0},"end":{"line":97,"column":37}},"97":{"start":{"line":98,"column":0},"end":{"line":98,"column":24}},"98":{"start":{"line":99,"column":0},"end":{"line":99,"column":3}},"112":{"start":{"line":113,"column":0},"end":{"line":113,"column":42}},"113":{"start":{"line":114,"column":0},"end":{"line":114,"column":21}},"114":{"start":{"line":115,"column":0},"end":{"line":115,"column":34}},"115":{"start":{"line":116,"column":0},"end":{"line":116,"column":3}},"133":{"start":{"line":134,"column":0},"end":{"line":134,"column":36}},"134":{"start":{"line":135,"column":0},"end":{"line":135,"column":42}},"135":{"start":{"line":136,"column":0},"end":{"line":136,"column":15}},"136":{"start":{"line":137,"column":0},"end":{"line":137,"column":38}},"137":{"start":{"line":138,"column":0},"end":{"line":138,"column":26}},"138":{"start":{"line":139,"column":0},"end":{"line":139,"column":5}},"139":{"start":{"line":140,"column":0},"end":{"line":140,"column":21}},"140":{"start":{"line":141,"column":0},"end":{"line":141,"column":35}},"141":{"start":{"line":142,"column":0},"end":{"line":142,"column":24}},"142":{"start":{"line":143,"column":0},"end":{"line":143,"column":3}},"175":{"start":{"line":176,"column":0},"end":{"line":176,"column":41}},"176":{"start":{"line":177,"column":0},"end":{"line":177,"column":30}},"177":{"start":{"line":178,"column":0},"end":{"line":178,"column":23}},"180":{"start":{"line":181,"column":0},"end":{"line":181,"column":70}},"183":{"start":{"line":184,"column":0},"end":{"line":184,"column":67}},"184":{"start":{"line":185,"column":0},"end":{"line":185,"column":66}},"187":{"start":{"line":188,"column":0},"end":{"line":188,"column":38}},"188":{"start":{"line":189,"column":0},"end":{"line":189,"column":37}},"191":{"start":{"line":192,"column":0},"end":{"line":192,"column":39}},"192":{"start":{"line":193,"column":0},"end":{"line":193,"column":34}},"195":{"start":{"line":196,"column":0},"end":{"line":196,"column":32}},"196":{"start":{"line":197,"column":0},"end":{"line":197,"column":31}},"199":{"start":{"line":200,"column":0},"end":{"line":200,"column":65}},"200":{"start":{"line":201,"column":0},"end":{"line":201,"column":38}},"203":{"start":{"line":204,"column":0},"end":{"line":204,"column":35}},"206":{"start":{"line":207,"column":0},"end":{"line":207,"column":23}},"207":{"start":{"line":208,"column":0},"end":{"line":208,"column":3}},"235":{"start":{"line":236,"column":0},"end":{"line":236,"column":61}},"236":{"start":{"line":237,"column":0},"end":{"line":237,"column":37}},"237":{"start":{"line":238,"column":0},"end":{"line":238,"column":1}},"261":{"start":{"line":262,"column":0},"end":{"line":262,"column":38}},"262":{"start":{"line":263,"column":0},"end":{"line":263,"column":15}},"263":{"start":{"line":264,"column":0},"end":{"line":264,"column":46}},"264":{"start":{"line":265,"column":0},"end":{"line":265,"column":41}},"265":{"start":{"line":266,"column":0},"end":{"line":266,"column":1}},"275":{"start":{"line":276,"column":0},"end":{"line":276,"column":53}},"276":{"start":{"line":277,"column":0},"end":{"line":277,"column":33}},"277":{"start":{"line":278,"column":0},"end":{"line":278,"column":1}},"285":{"start":{"line":286,"column":0},"end":{"line":286,"column":34}},"286":{"start":{"line":287,"column":0},"end":{"line":287,"column":15}},"287":{"start":{"line":288,"column":0},"end":{"line":288,"column":42}},"288":{"start":{"line":289,"column":0},"end":{"line":289,"column":37}},"289":{"start":{"line":290,"column":0},"end":{"line":290,"column":1}}},"s":{"12":1,"30":1,"37":1,"44":1,"56":1,"63":1,"76":1,"77":1,"78":1,"79":1,"92":1,"93":1,"94":1,"95":1,"96":1,"97":1,"98":1,"112":1,"113":1,"114":1,"115":1,"133":1,"134":1,"135":1,"136":1,"137":1,"138":1,"139":1,"140":1,"141":1,"142":1,"175":1,"176":1,"177":1,"180":1,"183":1,"184":1,"187":1,"188":1,"191":1,"192":1,"195":1,"196":1,"199":1,"200":1,"203":1,"206":1,"207":1,"235":1,"236":3,"237":3,"261":1,"262":2,"263":2,"264":2,"265":2,"275":1,"276":0,"277":0,"285":1,"286":0,"287":0,"288":0,"289":0},"branchMap":{"0":{"type":"branch","line":236,"loc":{"start":{"line":236,"column":7},"end":{"line":238,"column":1}},"locations":[{"start":{"line":236,"column":7},"end":{"line":238,"column":1}}]},"1":{"type":"branch","line":262,"loc":{"start":{"line":262,"column":7},"end":{"line":266,"column":1}},"locations":[{"start":{"line":262,"column":7},"end":{"line":266,"column":1}}]}},"b":{"0":[3],"1":[2]},"fnMap":{"0":{"name":"validateGameState","decl":{"start":{"line":236,"column":7},"end":{"line":238,"column":1}},"loc":{"start":{"line":236,"column":7},"end":{"line":238,"column":1}},"line":236},"1":{"name":"safeValidateGameState","decl":{"start":{"line":262,"column":7},"end":{"line":266,"column":1}},"loc":{"start":{"line":262,"column":7},"end":{"line":266,"column":1}},"line":262},"2":{"name":"validatePiece","decl":{"start":{"line":276,"column":7},"end":{"line":278,"column":1}},"loc":{"start":{"line":276,"column":7},"end":{"line":278,"column":1}},"line":276},"3":{"name":"safeValidatePiece","decl":{"start":{"line":286,"column":7},"end":{"line":290,"column":1}},"loc":{"start":{"line":286,"column":7},"end":{"line":290,"column":1}},"line":286}},"f":{"0":3,"1":2,"2":0,"3":0}}
,"/home/ryankhetlyr/Development/kings-cooking/src/types/aiAgents.ts": {"path":"/home/ryankhetlyr/Development/kings-cooking/src/types/aiAgents.ts","all":true,"statementMap":{},"s":{},"branchMap":{"0":{"type":"branch","line":1,"loc":{"start":{"line":1,"column":737},"end":{"line":28,"column":1}},"locations":[{"start":{"line":1,"column":737},"end":{"line":28,"column":1}}]}},"b":{"0":[1]},"fnMap":{"0":{"name":"(empty-report)","decl":{"start":{"line":1,"column":737},"end":{"line":28,"column":1}},"loc":{"start":{"line":1,"column":737},"end":{"line":28,"column":1}},"line":1}},"f":{"0":1}}
,"/home/ryankhetlyr/Development/kings-cooking/src/types/gameFlow.ts": {"path":"/home/ryankhetlyr/Development/kings-cooking/src/types/gameFlow.ts","all":true,"statementMap":{},"s":{},"branchMap":{"0":{"type":"branch","line":1,"loc":{"start":{"line":1,"column":11420},"end":{"line":418,"column":1}},"locations":[{"start":{"line":1,"column":11420},"end":{"line":418,"column":1}}]}},"b":{"0":[1]},"fnMap":{"0":{"name":"(empty-report)","decl":{"start":{"line":1,"column":11420},"end":{"line":418,"column":1}},"loc":{"start":{"line":1,"column":11420},"end":{"line":418,"column":1}},"line":1}},"f":{"0":1}}
}
