TN:
SF:eslint.config.js
FN:1,(empty-report)
FNF:1
FNH:0
FNDA:0,(empty-report)
DA:1,0
DA:2,0
DA:3,0
DA:4,0
DA:5,0
DA:7,0
DA:8,0
DA:9,0
DA:10,0
DA:11,0
DA:12,0
DA:13,0
DA:14,0
DA:15,0
DA:16,0
DA:17,0
DA:18,0
DA:19,0
DA:20,0
DA:21,0
DA:22,0
DA:23,0
DA:24,0
DA:25,0
DA:26,0
DA:27,0
DA:28,0
DA:29,0
DA:30,0
DA:31,0
DA:32,0
DA:33,0
DA:34,0
DA:35,0
DA:36,0
DA:37,0
DA:38,0
DA:39,0
DA:40,0
DA:41,0
DA:42,0
DA:43,0
DA:44,0
LF:43
LH:0
BRDA:1,0,0,0
BRF:1
BRH:0
end_of_record
TN:
SF:kings-cooking-docs/update-tests.js
FN:1,(empty-report)
FNF:1
FNH:0
FNDA:0,(empty-report)
DA:1,0
DA:2,0
DA:3,0
DA:5,0
DA:7,0
DA:8,0
DA:9,0
DA:10,0
DA:11,0
DA:12,0
DA:14,0
DA:15,0
DA:16,0
DA:18,0
DA:19,0
DA:20,0
DA:21,0
DA:22,0
DA:24,0
DA:25,0
DA:26,0
DA:27,0
DA:28,0
DA:30,0
DA:31,0
DA:32,0
DA:34,0
LF:27
LH:0
BRDA:1,0,0,0
BRF:1
BRH:0
end_of_record
TN:
SF:src/App.tsx
FN:11,App
FN:12,handleTestValidation
FN:30,handleClearStorage
FNF:3
FNH:3
FNDA:4,App
FNDA:1,handleTestValidation
FNDA:1,handleClearStorage
DA:2,1
DA:3,1
DA:11,4
DA:12,4
DA:14,1
DA:15,1
DA:17,1
DA:18,1
DA:21,1
DA:22,1
DA:24,1
DA:25,1
DA:27,1
DA:28,1
DA:30,4
DA:31,1
DA:32,1
DA:33,1
DA:35,4
DA:36,4
DA:37,4
DA:38,4
DA:39,4
DA:40,4
DA:41,4
DA:43,4
DA:44,4
DA:45,4
DA:46,4
DA:47,4
DA:48,4
DA:49,4
DA:50,4
DA:51,4
DA:52,4
DA:53,4
DA:54,4
DA:55,4
DA:56,4
DA:57,4
DA:59,4
DA:61,4
DA:62,4
DA:64,4
DA:65,4
DA:66,4
DA:67,4
DA:68,4
DA:69,4
DA:70,4
DA:71,4
DA:72,4
DA:74,4
DA:75,4
DA:77,4
DA:78,4
DA:79,4
DA:81,4
DA:82,4
DA:83,4
DA:84,4
DA:85,4
DA:86,4
DA:87,4
DA:88,4
DA:89,4
DA:90,4
DA:91,4
DA:92,4
DA:93,4
DA:94,4
DA:95,4
DA:96,4
DA:98,4
DA:100,1
LF:75
LH:75
BRDA:11,0,0,4
BRDA:12,1,0,1
BRDA:30,2,0,1
BRF:3
BRH:3
end_of_record
TN:
SF:src/main.tsx
FN:1,(empty-report)
FNF:1
FNH:0
FNDA:0,(empty-report)
DA:1,0
DA:2,0
DA:3,0
DA:4,0
DA:6,0
DA:7,0
DA:8,0
DA:9,0
DA:10,0
LF:9
LH:0
BRDA:1,0,0,0
BRF:1
BRH:0
end_of_record
TN:
SF:src/lib/storage/localStorage.ts
FN:69,getValidatedItem
FN:112,setValidatedItem
FN:133,removeItem
FN:141,clearGameStorage
FN:161,getMyName
FN:164,setMyName
FN:168,getMyPlayerId
FN:171,setMyPlayerId
FN:175,getPlayer1Name
FN:178,setPlayer1Name
FN:181,getPlayer2Name
FN:184,setPlayer2Name
FN:188,getGameMode
FN:191,setGameMode
FN:195,getGameState
FN:198,setGameState
FNF:16
FNH:11
FNDA:11,getValidatedItem
FNDA:10,setValidatedItem
FNDA:0,removeItem
FNDA:2,clearGameStorage
FNDA:3,getMyName
FNDA:3,setMyName
FNDA:1,getMyPlayerId
FNDA:1,setMyPlayerId
FNDA:1,getPlayer1Name
FNDA:1,setPlayer1Name
FNDA:0,getPlayer2Name
FNDA:0,setPlayer2Name
FNDA:2,getGameMode
FNDA:3,setGameMode
FNDA:0,getGameState
FNDA:0,setGameState
DA:14,1
DA:15,1
DA:25,1
DA:27,1
DA:30,1
DA:33,1
DA:36,1
DA:39,1
DA:42,1
DA:43,1
DA:69,1
DA:70,11
DA:71,11
DA:72,11
DA:73,11
DA:74,11
DA:75,11
DA:77,7
DA:78,7
DA:80,11
DA:81,5
DA:82,11
DA:83,1
DA:85,1
DA:86,1
DA:87,1
DA:88,11
DA:89,1
DA:90,1
DA:91,1
DA:92,1
DA:93,11
DA:112,1
DA:113,10
DA:114,10
DA:115,10
DA:116,10
DA:117,10
DA:119,10
DA:120,10
DA:121,10
DA:122,10
DA:123,2
DA:124,2
DA:125,2
DA:126,10
DA:133,1
DA:134,0
DA:135,0
DA:141,1
DA:142,2
DA:143,12
DA:144,2
DA:145,2
DA:151,1
DA:152,1
DA:153,1
DA:159,1
DA:161,1
DA:162,3
DA:164,1
DA:165,3
DA:168,1
DA:169,1
DA:171,1
DA:172,1
DA:175,1
DA:176,1
DA:178,1
DA:179,1
DA:181,1
DA:182,0
DA:184,1
DA:185,0
DA:188,1
DA:189,2
DA:191,1
DA:192,3
DA:195,1
DA:196,0
DA:198,1
DA:199,0
DA:202,1
DA:203,1
LF:84
LH:78
BRDA:69,0,0,11
BRDA:75,1,0,4
BRDA:75,2,0,7
BRDA:80,3,0,5
BRDA:82,4,0,1
BRDA:88,5,0,1
BRDA:112,6,0,10
BRDA:122,7,0,2
BRDA:141,8,0,2
BRDA:142,9,0,12
BRDA:161,10,0,3
BRDA:164,11,0,3
BRDA:168,12,0,1
BRDA:171,13,0,1
BRDA:175,14,0,1
BRDA:178,15,0,1
BRDA:188,16,0,2
BRDA:191,17,0,3
BRF:18
BRH:18
end_of_record
TN:
SF:src/lib/validation/schemas.ts
FN:235,validateGameState
FN:261,safeValidateGameState
FN:275,validatePiece
FN:285,safeValidatePiece
FNF:4
FNH:2
FNDA:3,validateGameState
FNDA:2,safeValidateGameState
FNDA:0,validatePiece
FNDA:0,safeValidatePiece
DA:13,1
DA:31,1
DA:38,1
DA:45,1
DA:56,1
DA:63,1
DA:76,1
DA:77,1
DA:78,1
DA:79,1
DA:92,1
DA:93,1
DA:94,1
DA:95,1
DA:96,1
DA:97,1
DA:98,1
DA:112,1
DA:113,1
DA:114,1
DA:115,1
DA:133,1
DA:134,1
DA:135,1
DA:136,1
DA:137,1
DA:138,1
DA:139,1
DA:140,1
DA:141,1
DA:142,1
DA:175,1
DA:176,1
DA:177,1
DA:180,1
DA:183,1
DA:184,1
DA:187,1
DA:188,1
DA:191,1
DA:192,1
DA:195,1
DA:196,1
DA:199,1
DA:200,1
DA:203,1
DA:206,1
DA:207,1
DA:235,1
DA:236,3
DA:237,3
DA:261,1
DA:262,2
DA:263,2
DA:264,2
DA:265,2
DA:275,1
DA:276,0
DA:277,0
DA:285,1
DA:286,0
DA:287,0
DA:288,0
DA:289,0
LF:64
LH:58
BRDA:235,0,0,3
BRDA:261,1,0,2
BRF:2
BRH:2
end_of_record
