TN:
SF:src/components/HistoryComparisonModal.tsx
FN:51,HistoryComparisonModal
FN:98,handleSendMyState
FN:134,handleAcceptTheirState
FN:173,handleReview
FN:214,onClick
FN:255,onClick
FN:326,HistoryComparison
FN:350,formatPosition
FN:360,renderMoveEntry
FNF:9
FNH:9
FNDA:33,HistoryComparisonModal
FNDA:3,handleSendMyState
FNDA:1,handleAcceptTheirState
FNDA:1,handleReview
FNDA:6,onClick
FNDA:3,onClick
FNDA:31,HistoryComparison
FNDA:46,formatPosition
FNDA:23,renderMoveEntry
DA:9,1
DA:10,1
DA:12,1
DA:51,1
DA:52,33
DA:53,33
DA:54,33
DA:55,33
DA:56,33
DA:57,33
DA:58,33
DA:59,33
DA:62,33
DA:64,33
DA:69,33
DA:70,24
DA:72,24
DA:74,10
DA:75,10
DA:77,10
DA:78,10
DA:79,10
DA:80,10
DA:81,9
DA:82,9
DA:83,9
DA:84,9
DA:85,10
DA:86,3
DA:87,3
DA:88,10
DA:91,21
DA:92,33
DA:98,33
DA:99,3
DA:100,3
DA:102,3
DA:104,3
DA:105,3
DA:108,3
DA:110,3
DA:111,3
DA:112,3
DA:113,3
DA:116,3
DA:117,0
DA:118,3
DA:119,3
DA:120,0
DA:121,0
DA:122,0
DA:123,0
DA:124,0
DA:125,3
DA:126,3
DA:127,3
DA:128,3
DA:134,33
DA:135,1
DA:136,0
DA:137,0
DA:138,0
DA:139,0
DA:140,0
DA:141,0
DA:143,1
DA:144,1
DA:146,1
DA:149,1
DA:150,1
DA:151,1
DA:152,1
DA:155,1
DA:156,0
DA:157,1
DA:158,1
DA:159,0
DA:160,0
DA:161,0
DA:162,0
DA:163,0
DA:164,1
DA:165,1
DA:166,1
DA:167,1
DA:173,33
DA:174,1
DA:175,1
DA:176,1
DA:177,1
DA:178,1
DA:183,33
DA:184,25
DA:185,23
DA:186,23
DA:187,23
DA:188,23
DA:189,23
DA:191,2
DA:192,33
DA:194,33
DA:196,31
DA:197,31
DA:198,31
DA:199,31
DA:200,31
DA:201,31
DA:202,31
DA:203,31
DA:204,31
DA:205,31
DA:207,31
DA:208,31
DA:209,31
DA:210,31
DA:211,31
DA:212,31
DA:213,31
DA:214,31
DA:216,31
DA:217,31
DA:218,31
DA:219,31
DA:220,31
DA:221,31
DA:222,31
DA:223,31
DA:224,31
DA:225,31
DA:227,31
DA:228,31
DA:230,31
DA:231,31
DA:233,31
DA:235,31
DA:236,31
DA:237,31
DA:238,31
DA:239,31
DA:241,31
DA:242,5
DA:243,5
DA:244,5
DA:245,5
DA:247,5
DA:248,5
DA:250,33
DA:252,33
DA:253,33
DA:254,33
DA:255,33
DA:256,33
DA:257,33
DA:258,33
DA:260,33
DA:261,3
DA:262,3
DA:264,3
DA:266,28
DA:268,33
DA:270,33
DA:271,33
DA:272,33
DA:273,33
DA:274,33
DA:275,33
DA:276,33
DA:278,33
DA:280,33
DA:281,33
DA:282,33
DA:283,33
DA:284,33
DA:285,33
DA:286,33
DA:288,33
DA:290,33
DA:291,33
DA:292,33
DA:293,33
DA:294,33
DA:295,33
DA:296,33
DA:298,33
DA:299,33
DA:300,33
DA:301,33
DA:302,33
DA:304,33
DA:326,1
DA:327,31
DA:328,31
DA:329,31
DA:330,31
DA:331,31
DA:336,31
DA:337,23
DA:338,5
DA:339,5
DA:340,5
DA:341,5
DA:342,5
DA:343,5
DA:344,5
DA:345,31
DA:350,31
DA:351,46
DA:352,46
DA:353,46
DA:354,46
DA:355,46
DA:360,31
DA:361,23
DA:362,23
DA:363,23
DA:364,23
DA:366,23
DA:367,23
DA:368,23
DA:369,23
DA:370,23
DA:372,23
DA:373,23
DA:374,23
DA:375,23
DA:376,23
DA:377,23
DA:380,31
DA:381,31
DA:382,31
DA:384,31
DA:385,31
DA:386,31
DA:387,31
DA:388,12
DA:389,12
DA:390,31
DA:391,31
DA:392,25
DA:394,31
DA:395,31
DA:398,31
DA:399,31
DA:400,31
DA:401,31
DA:402,31
DA:403,31
DA:406,31
DA:407,31
DA:408,31
DA:409,31
DA:410,11
DA:411,11
DA:412,31
DA:413,31
DA:414,26
DA:416,31
DA:417,31
DA:418,31
DA:420,31
DA:421,31
DA:422,31
DA:423,31
DA:424,31
DA:425,31
DA:426,31
DA:427,31
DA:428,31
DA:429,31
DA:430,31
DA:431,31
DA:433,31
LF:272
LH:254
BRDA:51,0,0,33
BRDA:194,1,0,2
BRDA:194,2,0,31
BRDA:241,3,0,5
BRDA:260,4,0,3
BRDA:264,5,0,28
BRDA:273,6,0,28
BRDA:69,7,0,24
BRDA:72,8,0,10
BRDA:80,9,0,9
BRDA:81,10,0,9
BRDA:84,11,0,7
BRDA:85,12,0,3
BRDA:88,13,0,21
BRDA:98,14,0,3
BRDA:119,15,0,0
BRDA:134,16,0,1
BRDA:135,17,0,0
BRDA:158,18,0,0
BRDA:173,19,0,1
BRDA:183,20,0,25
BRDA:184,21,0,23
BRDA:189,22,0,2
BRDA:186,23,0,23
BRDA:214,24,0,6
BRDA:255,25,0,3
BRDA:326,26,0,31
BRDA:391,27,0,25
BRDA:413,28,0,26
BRDA:336,29,0,23
BRDA:337,30,0,5
BRDA:338,31,0,5
BRDA:339,32,0,0
BRDA:350,33,0,46
BRDA:351,34,0,0
BRDA:360,35,0,23
BRDA:367,36,0,9
BRDA:367,37,0,5
BRDA:367,38,0,18
BRDA:368,39,0,9
BRDA:368,40,0,14
BRDA:387,41,0,12
BRDA:409,42,0,11
BRF:43
BRH:38
end_of_record
TN:
SF:src/components/HistoryViewer.tsx
FN:45,HistoryViewer
FN:71,handleKeyDown
FN:81,formatPosition
FN:91,formatMoveNotation
FN:107,onClick
FN:169,onClick
FN:196,onClose
FN:230,FullHistoryModal
FN:258,handleEscape
FN:292,onClick
FNF:10
FNH:10
FNDA:42,HistoryViewer
FNDA:2,handleKeyDown
FNDA:486,formatPosition
FNDA:243,formatMoveNotation
FNDA:3,onClick
FNDA:4,onClick
FNDA:6,onClose
FNDA:4,FullHistoryModal
FNDA:1,handleEscape
FNDA:1,onClick
DA:10,1
DA:11,1
DA:45,1
DA:46,42
DA:47,42
DA:48,42
DA:49,42
DA:50,42
DA:51,42
DA:52,42
DA:53,42
DA:58,42
DA:59,35
DA:60,20
DA:61,20
DA:62,20
DA:63,20
DA:64,20
DA:65,20
DA:66,42
DA:71,42
DA:72,2
DA:73,2
DA:74,2
DA:75,2
DA:76,2
DA:81,42
DA:82,486
DA:83,485
DA:84,485
DA:85,485
DA:86,486
DA:91,42
DA:92,243
DA:93,243
DA:96,42
DA:97,42
DA:99,42
DA:100,42
DA:102,42
DA:103,42
DA:104,42
DA:105,42
DA:106,42
DA:107,42
DA:108,42
DA:110,42
DA:111,42
DA:112,42
DA:113,42
DA:114,42
DA:115,42
DA:116,42
DA:119,42
DA:120,42
DA:121,42
DA:122,42
DA:123,42
DA:125,42
DA:126,2
DA:128,40
DA:130,40
DA:131,40
DA:132,183
DA:133,183
DA:135,183
DA:136,183
DA:137,183
DA:138,183
DA:139,183
DA:140,183
DA:141,183
DA:143,183
DA:144,183
DA:145,183
DA:146,183
DA:147,183
DA:148,183
DA:149,183
DA:150,183
DA:151,1
DA:152,1
DA:153,1
DA:154,1
DA:155,1
DA:157,1
DA:159,183
DA:161,40
DA:162,40
DA:165,40
DA:166,40
DA:167,15
DA:168,15
DA:169,15
DA:170,15
DA:171,15
DA:172,15
DA:174,15
DA:177,40
DA:178,3
DA:179,3
DA:180,3
DA:181,3
DA:182,3
DA:183,3
DA:185,3
DA:187,40
DA:188,40
DA:190,42
DA:193,42
DA:194,4
DA:195,4
DA:196,4
DA:197,4
DA:198,4
DA:199,4
DA:200,4
DA:202,42
DA:204,42
DA:230,1
DA:231,4
DA:232,4
DA:233,4
DA:234,4
DA:235,4
DA:236,4
DA:237,4
DA:242,4
DA:243,4
DA:245,4
DA:246,2
DA:247,2
DA:248,2
DA:249,2
DA:250,4
DA:251,4
DA:252,4
DA:257,4
DA:258,4
DA:259,1
DA:260,1
DA:261,1
DA:262,1
DA:264,4
DA:265,4
DA:266,4
DA:267,4
DA:269,0
DA:270,4
DA:272,4
DA:274,4
DA:275,4
DA:276,4
DA:277,4
DA:278,4
DA:279,4
DA:280,4
DA:281,4
DA:282,4
DA:283,4
DA:285,4
DA:286,4
DA:287,4
DA:288,4
DA:289,4
DA:290,4
DA:291,4
DA:292,4
DA:294,4
DA:295,4
DA:296,4
DA:297,4
DA:298,4
DA:299,4
DA:300,4
DA:301,4
DA:302,4
DA:304,4
DA:305,4
DA:307,4
DA:308,4
DA:309,4
DA:310,4
DA:311,4
DA:312,4
DA:313,60
DA:315,60
DA:316,60
DA:317,60
DA:318,60
DA:319,60
DA:320,60
DA:321,60
DA:323,60
DA:324,60
DA:325,60
DA:326,60
DA:327,60
DA:328,60
DA:329,60
DA:330,60
DA:331,0
DA:332,0
DA:333,0
DA:334,0
DA:335,0
DA:337,0
DA:339,60
DA:341,4
DA:342,4
DA:343,4
DA:345,4
DA:346,4
DA:348,4
DA:349,4
DA:350,4
DA:351,4
DA:352,4
DA:354,4
LF:219
LH:212
BRDA:45,0,0,42
BRDA:114,1,0,37
BRDA:114,2,0,5
BRDA:123,3,0,37
BRDA:123,4,0,5
BRDA:125,5,0,2
BRDA:126,6,0,40
BRDA:166,7,0,15
BRDA:177,8,0,3
BRDA:193,9,0,4
BRDA:58,10,0,35
BRDA:59,11,0,25
BRDA:59,12,0,20
BRDA:71,13,0,2
BRDA:72,14,0,1
BRDA:81,15,0,486
BRDA:82,16,0,1
BRDA:82,17,0,485
BRDA:91,18,0,243
BRDA:107,19,0,3
BRDA:131,20,0,183
BRDA:138,21,0,25
BRDA:138,22,0,158
BRDA:139,23,0,25
BRDA:139,24,0,158
BRDA:141,25,0,25
BRDA:141,26,0,158
BRDA:150,27,0,1
BRDA:169,28,0,4
BRDA:196,29,0,6
BRDA:230,30,0,4
BRDA:272,31,0,0
BRDA:242,32,0,4
BRDA:245,33,0,2
BRDA:246,34,0,0
BRDA:257,35,0,4
BRDA:267,36,0,0
BRDA:258,37,0,1
BRDA:266,38,0,4
BRDA:292,39,0,1
BRDA:312,40,0,60
BRDA:318,41,0,4
BRDA:318,42,0,56
BRDA:319,43,0,4
BRDA:319,44,0,56
BRDA:321,45,0,4
BRDA:321,46,0,56
BRDA:330,47,0,0
BRF:48
BRH:44
end_of_record
TN:
SF:src/components/game/ColorSelectionScreen.tsx
FN:27,ColorSelectionScreen
FN:32,handleColorSelect
FN:48,onClick
FN:59,onClick
FNF:4
FNH:4
FNDA:9,ColorSelectionScreen
FNDA:2,handleColorSelect
FNDA:1,onClick
FNDA:1,onClick
DA:8,1
DA:27,1
DA:28,9
DA:29,9
DA:30,9
DA:31,9
DA:32,9
DA:33,2
DA:34,0
DA:35,2
DA:36,2
DA:37,2
DA:38,2
DA:40,9
DA:41,9
DA:42,9
DA:43,9
DA:45,9
DA:46,9
DA:47,9
DA:48,9
DA:49,9
DA:50,9
DA:52,9
DA:53,9
DA:54,9
DA:55,9
DA:57,9
DA:58,9
DA:59,9
DA:60,9
DA:61,9
DA:63,9
DA:64,9
DA:65,9
DA:66,9
DA:67,9
DA:68,9
DA:70,9
LF:39
LH:38
BRDA:27,0,0,9
BRDA:32,1,0,2
BRDA:33,2,0,0
BRDA:48,3,0,1
BRDA:59,4,0,1
BRF:5
BRH:4
end_of_record
TN:
SF:src/components/game/CourtArea.tsx
FN:54,getPieceIcon
FN:87,CourtArea
FNF:2
FNH:2
FNDA:4,getPieceIcon
FNDA:104,CourtArea
DA:8,1
DA:9,1
DA:38,1
DA:39,1
DA:40,1
DA:41,1
DA:42,1
DA:43,1
DA:44,1
DA:45,1
DA:54,4
DA:55,4
DA:56,4
DA:57,4
DA:58,4
DA:87,1
DA:88,104
DA:89,104
DA:90,104
DA:91,104
DA:92,104
DA:93,104
DA:94,104
DA:95,104
DA:96,104
DA:97,104
DA:98,104
DA:101,104
DA:103,104
DA:104,104
DA:105,104
DA:106,104
DA:107,104
DA:109,104
DA:111,104
DA:112,104
DA:113,104
DA:114,104
DA:115,102
DA:117,2
DA:118,3
DA:119,3
DA:120,3
DA:121,3
DA:123,3
DA:124,3
DA:125,2
DA:127,104
DA:128,104
DA:131,104
DA:132,104
DA:133,104
DA:134,104
DA:135,103
DA:137,1
DA:138,1
DA:139,1
DA:140,1
DA:141,1
DA:143,1
DA:144,1
DA:145,1
DA:147,104
DA:148,104
DA:149,104
DA:152,104
DA:153,57
DA:154,57
DA:155,57
DA:156,57
DA:157,57
DA:158,57
DA:159,57
DA:160,0
DA:161,0
DA:162,0
DA:163,57
DA:164,57
DA:165,57
DA:167,104
DA:169,104
LF:81
LH:78
BRDA:54,0,0,4
BRDA:56,1,0,0
BRDA:57,2,0,3
BRDA:57,3,0,1
BRDA:87,4,0,104
BRDA:106,5,0,49
BRDA:106,6,0,55
BRDA:114,7,0,102
BRDA:115,8,0,2
BRDA:134,9,0,103
BRDA:135,10,0,1
BRDA:152,11,0,57
BRDA:159,12,0,0
BRDA:159,13,0,0
BRDA:159,14,0,0
BRDA:117,15,0,3
BRDA:137,16,0,1
BRF:17
BRH:13
end_of_record
TN:
SF:src/components/game/DarkModeToggle.tsx
FN:46,DarkModeToggle
FN:99,handleChange
FN:119,toggleTheme
FNF:3
FNH:2
FNDA:52,DarkModeToggle
FNDA:0,handleChange
FNDA:17,toggleTheme
DA:6,1
DA:7,1
DA:46,1
DA:47,52
DA:48,52
DA:49,52
DA:51,52
DA:53,34
DA:54,34
DA:55,34
DA:56,5
DA:57,5
DA:58,34
DA:60,0
DA:63,29
DA:64,34
DA:65,1
DA:66,1
DA:67,34
DA:69,0
DA:71,28
DA:72,52
DA:75,52
DA:76,51
DA:77,51
DA:80,51
DA:81,51
DA:82,51
DA:84,2
DA:87,51
DA:88,52
DA:91,52
DA:92,34
DA:93,34
DA:94,1
DA:95,1
DA:97,33
DA:99,33
DA:101,0
DA:102,0
DA:103,0
DA:104,0
DA:105,0
DA:106,0
DA:108,0
DA:109,0
DA:111,33
DA:112,33
DA:113,34
DA:115,0
DA:116,0
DA:117,52
DA:119,52
DA:120,17
DA:121,17
DA:123,52
DA:124,52
DA:125,52
DA:126,52
DA:127,52
DA:128,52
DA:129,52
DA:132,52
DA:133,31
DA:134,31
DA:135,31
DA:136,31
DA:137,31
DA:138,31
DA:139,31
DA:140,31
DA:141,31
DA:142,31
DA:144,31
DA:145,31
DA:146,31
DA:147,31
DA:148,31
DA:149,31
DA:150,31
DA:151,31
DA:152,31
DA:153,31
DA:156,21
DA:157,21
DA:158,21
DA:159,21
DA:160,21
DA:161,21
DA:162,21
DA:163,21
DA:164,21
DA:165,21
DA:167,21
DA:168,21
DA:170,52
DA:172,52
LF:97
LH:85
BRDA:46,0,0,52
BRDA:128,1,0,31
BRDA:128,2,0,21
BRDA:129,3,0,31
BRDA:129,4,0,21
BRDA:132,5,0,31
BRDA:153,6,0,21
BRDA:51,7,0,34
BRDA:55,8,0,5
BRDA:58,9,0,0
BRDA:60,10,0,29
BRDA:64,11,0,28
BRDA:64,12,0,1
BRDA:67,13,0,0
BRDA:69,14,0,28
BRDA:75,15,0,51
BRDA:82,16,0,2
BRDA:87,17,0,3
BRDA:91,18,0,34
BRDA:93,19,0,1
BRDA:95,20,0,33
BRDA:113,21,0,0
BRDA:112,22,0,33
BRDA:119,23,0,17
BRDA:120,24,0,17
BRDA:120,25,0,14
BRDA:120,26,0,3
BRF:27
BRH:24
end_of_record
TN:
SF:src/components/game/GameBoard.tsx
FN:55,GameBoard
FN:91,getPiece
FNF:2
FNH:2
FNDA:46,GameBoard
FNDA:32,getPiece
DA:6,1
DA:8,1
DA:9,1
DA:14,1
DA:15,1
DA:16,1
DA:55,1
DA:56,46
DA:57,46
DA:58,46
DA:59,46
DA:60,46
DA:61,46
DA:62,46
DA:63,46
DA:65,46
DA:68,46
DA:69,28
DA:70,28
DA:71,28
DA:72,28
DA:73,28
DA:74,46
DA:77,46
DA:78,45
DA:79,13
DA:80,46
DA:83,46
DA:84,45
DA:86,13
DA:87,45
DA:88,45
DA:91,13
DA:92,32
DA:93,32
DA:94,32
DA:95,32
DA:98,13
DA:99,45
DA:100,10
DA:101,45
DA:102,2
DA:103,45
DA:104,1
DA:105,45
DA:108,0
DA:109,0
DA:110,0
DA:111,0
DA:112,0
DA:113,0
DA:115,0
DA:116,0
DA:117,0
DA:118,0
DA:120,0
DA:121,0
DA:122,0
DA:123,0
DA:124,0
DA:125,0
DA:126,0
DA:127,0
DA:129,0
DA:131,0
DA:132,0
DA:133,0
DA:134,0
DA:135,0
DA:139,0
DA:140,0
DA:141,0
DA:143,0
DA:146,0
DA:147,0
DA:148,0
DA:149,0
DA:150,0
DA:151,0
DA:153,0
DA:154,0
DA:155,0
DA:157,0
DA:158,0
DA:159,0
DA:160,0
DA:161,0
DA:163,0
DA:164,0
DA:166,0
DA:168,0
DA:169,0
DA:170,0
DA:172,0
DA:173,0
DA:174,45
DA:175,0
DA:176,45
DA:177,46
DA:180,46
DA:181,45
DA:182,13
DA:183,45
DA:184,46
DA:187,46
DA:190,46
DA:191,19
DA:193,19
DA:196,19
DA:198,13
DA:200,12
DA:201,0
DA:202,0
DA:203,12
DA:204,12
DA:205,13
DA:206,13
DA:209,6
DA:210,6
DA:211,3
DA:212,19
DA:213,2
DA:215,2
DA:216,0
DA:217,0
DA:218,2
DA:219,2
DA:222,4
DA:223,6
DA:224,6
DA:225,4
DA:227,19
DA:229,2
DA:230,2
DA:231,2
DA:233,2
DA:235,1
DA:236,0
DA:237,0
DA:238,1
DA:239,1
DA:240,2
DA:241,46
DA:244,46
DA:245,414
DA:246,414
DA:247,221
DA:248,221
DA:249,414
DA:250,46
DA:253,46
DA:254,414
DA:256,9
DA:257,414
DA:258,8
DA:259,8
DA:260,3
DA:262,46
DA:265,46
DA:266,0
DA:267,0
DA:269,0
DA:270,0
DA:271,46
DA:274,46
DA:275,46
DA:276,46
DA:278,46
DA:279,46
DA:281,46
DA:282,46
DA:283,46
DA:284,46
DA:285,46
DA:286,46
DA:288,46
DA:289,46
DA:290,46
DA:291,46
DA:292,0
DA:293,0
DA:294,0
DA:295,46
DA:296,46
DA:299,46
DA:300,46
DA:301,46
DA:302,46
DA:304,46
DA:305,138
DA:306,138
DA:307,414
DA:308,414
DA:309,414
DA:310,117
DA:311,39
DA:314,414
DA:315,414
DA:316,9
DA:317,9
DA:318,3
DA:319,414
DA:321,414
DA:322,414
DA:323,9
DA:324,9
DA:325,9
DA:326,3
DA:327,414
DA:330,414
DA:332,414
DA:334,1
DA:335,1
DA:336,1
DA:338,414
DA:340,1
DA:341,1
DA:343,414
DA:344,414
DA:345,414
DA:346,414
DA:347,414
DA:348,414
DA:349,414
DA:350,414
DA:351,414
DA:352,414
DA:353,414
DA:354,414
DA:355,414
DA:356,0
DA:357,0
DA:358,414
DA:359,414
DA:360,414
DA:362,138
DA:363,138
DA:364,46
DA:365,46
DA:368,46
DA:369,46
DA:370,46
DA:371,46
DA:372,46
DA:373,46
DA:375,46
DA:376,46
DA:377,46
DA:378,46
DA:379,0
DA:380,0
DA:381,0
DA:382,46
DA:383,46
DA:386,46
DA:387,46
DA:388,13
DA:389,13
DA:390,13
DA:391,13
DA:392,13
DA:394,46
DA:395,46
DA:397,46
LF:264
LH:195
BRDA:55,0,0,46
BRDA:275,1,0,1
BRDA:286,2,0,0
BRDA:291,3,0,0
BRDA:291,4,0,0
BRDA:291,5,0,0
BRDA:291,6,0,0
BRDA:373,7,0,0
BRDA:373,8,0,0
BRDA:378,9,0,0
BRDA:378,10,0,0
BRDA:378,11,0,0
BRDA:378,12,0,0
BRDA:387,13,0,13
BRDA:389,14,0,0
BRDA:392,15,0,0
BRDA:68,16,0,28
BRDA:77,17,0,45
BRDA:78,18,0,32
BRDA:78,19,0,13
BRDA:83,20,0,45
BRDA:84,21,0,32
BRDA:84,22,0,13
BRDA:87,23,0,0
BRDA:87,24,0,13
BRDA:88,25,0,0
BRDA:88,26,0,13
BRDA:99,27,0,10
BRDA:101,28,0,2
BRDA:103,29,0,1
BRDA:105,30,0,0
BRDA:174,31,0,0
BRDA:91,32,0,32
BRDA:92,33,0,0
BRDA:94,34,0,11
BRDA:180,35,0,45
BRDA:181,36,0,32
BRDA:181,37,0,13
BRDA:183,38,0,13
BRDA:183,39,0,0
BRDA:190,40,0,19
BRDA:191,41,0,0
BRDA:196,42,0,13
BRDA:198,43,0,12
BRDA:200,44,0,0
BRDA:200,45,0,0
BRDA:206,46,0,6
BRDA:210,47,0,3
BRDA:212,48,0,2
BRDA:215,49,0,0
BRDA:215,50,0,0
BRDA:219,51,0,4
BRDA:227,52,0,2
BRDA:233,53,0,1
BRDA:233,54,0,1
BRDA:235,55,0,0
BRDA:235,56,0,0
BRDA:222,57,0,6
BRDA:223,58,0,0
BRDA:224,59,0,3
BRDA:244,60,0,414
BRDA:245,61,0,0
BRDA:246,62,0,221
BRDA:247,63,0,0
BRDA:248,64,0,76
BRDA:253,65,0,414
BRDA:254,66,0,405
BRDA:254,67,0,9
BRDA:257,68,0,3
BRDA:257,69,0,8
BRDA:259,70,0,3
BRDA:304,71,0,138
BRDA:306,72,0,414
BRDA:309,73,0,117
BRDA:310,74,0,39
BRDA:315,75,0,9
BRDA:316,76,0,9
BRDA:317,77,0,3
BRDA:322,78,0,9
BRDA:323,79,0,9
BRDA:324,80,0,9
BRDA:325,81,0,3
BRDA:332,82,0,1
BRDA:332,83,0,1
BRDA:332,84,0,1
BRDA:332,85,0,1
BRDA:335,86,0,0
BRDA:338,87,0,1
BRDA:355,88,0,1
BRDA:355,89,0,0
BRDA:355,90,0,0
BRF:91
BRH:59
end_of_record
TN:
SF:src/components/game/GameCell.tsx
FN:58,GameCell
FN:100,handleClick
FN:164,getPieceUnicode
FNF:3
FNH:3
FNDA:21,GameCell
FNDA:4,handleClick
FNDA:14,getPieceUnicode
DA:8,1
DA:9,1
DA:58,1
DA:59,21
DA:60,21
DA:61,21
DA:62,21
DA:63,21
DA:64,21
DA:65,21
DA:66,21
DA:67,21
DA:68,21
DA:69,21
DA:70,21
DA:71,21
DA:73,21
DA:74,0
DA:75,0
DA:76,21
DA:77,21
DA:80,21
DA:81,21
DA:82,21
DA:83,21
DA:84,21
DA:85,21
DA:86,21
DA:87,21
DA:88,21
DA:89,21
DA:92,21
DA:95,21
DA:96,14
DA:97,7
DA:100,21
DA:101,4
DA:102,3
DA:103,3
DA:104,4
DA:107,21
DA:109,21
DA:110,21
DA:111,21
DA:112,21
DA:113,21
DA:114,21
DA:115,21
DA:116,21
DA:119,21
DA:120,14
DA:121,14
DA:122,14
DA:123,14
DA:125,14
DA:126,14
DA:130,21
DA:133,21
DA:134,3
DA:135,3
DA:136,3
DA:137,3
DA:138,3
DA:140,21
DA:142,21
DA:148,1
DA:149,1
DA:150,1
DA:151,1
DA:152,1
DA:153,1
DA:154,1
DA:155,1
DA:164,14
DA:165,14
DA:166,14
DA:167,14
DA:168,14
LF:78
LH:76
BRDA:58,0,0,21
BRDA:73,1,0,0
BRDA:82,2,0,20
BRDA:82,3,0,1
BRDA:83,4,0,2
BRDA:84,5,0,1
BRDA:85,6,0,0
BRDA:86,7,0,0
BRDA:87,8,0,7
BRDA:88,9,0,1
BRDA:95,10,0,14
BRDA:96,11,0,7
BRDA:107,12,0,14
BRDA:107,13,0,7
BRDA:116,14,0,2
BRDA:116,15,0,19
BRDA:119,16,0,14
BRDA:119,17,0,14
BRDA:122,18,0,6
BRDA:122,19,0,8
BRDA:125,20,0,6
BRDA:125,21,0,0
BRDA:125,22,0,8
BRDA:125,23,0,0
BRDA:130,24,0,1
BRDA:133,25,0,7
BRDA:133,26,0,6
BRDA:133,27,0,3
BRDA:133,28,0,3
BRDA:100,29,0,4
BRDA:101,30,0,3
BRDA:164,31,0,14
BRDA:166,32,0,0
BRDA:167,33,0,12
BRDA:167,34,0,2
BRF:35
BRH:29
end_of_record
TN:
SF:src/components/game/HandoffScreen.tsx
FN:55,HandoffScreen
FN:83,handleEscape
FN:101,handleTabKey
FNF:3
FNH:3
FNDA:34,HandoffScreen
FNDA:2,handleEscape
FNDA:2,handleTabKey
DA:6,1
DA:7,1
DA:55,1
DA:56,34
DA:57,34
DA:58,34
DA:59,34
DA:60,34
DA:61,34
DA:62,34
DA:63,34
DA:64,34
DA:65,34
DA:68,34
DA:69,34
DA:70,2
DA:71,2
DA:72,2
DA:74,32
DA:75,4
DA:76,32
DA:78,32
DA:79,34
DA:82,34
DA:83,30
DA:84,2
DA:85,1
DA:86,1
DA:87,2
DA:89,30
DA:90,30
DA:91,34
DA:94,34
DA:95,30
DA:96,30
DA:97,30
DA:98,30
DA:101,30
DA:102,2
DA:103,1
DA:104,1
DA:105,1
DA:106,2
DA:108,30
DA:109,30
DA:110,34
DA:112,34
DA:113,34
DA:116,34
DA:117,1
DA:118,33
DA:120,34
DA:121,1
DA:122,33
DA:124,34
DA:125,34
DA:126,34
DA:127,34
DA:128,34
DA:129,34
DA:130,34
DA:132,34
DA:134,34
DA:135,34
DA:136,34
DA:139,34
DA:140,34
DA:141,34
DA:142,34
DA:143,34
DA:146,34
DA:147,34
DA:148,32
DA:149,32
DA:150,32
DA:151,32
DA:152,32
DA:153,32
DA:155,2
DA:157,34
DA:160,34
DA:161,34
DA:162,34
DA:163,34
DA:164,34
DA:165,34
DA:166,34
DA:168,34
DA:171,34
DA:172,34
DA:173,34
DA:174,34
DA:177,34
DA:178,34
DA:180,34
LF:95
LH:95
BRDA:55,0,0,34
BRDA:112,1,0,26
BRDA:112,2,0,8
BRDA:113,3,0,8
BRDA:113,4,0,26
BRDA:116,5,0,1
BRDA:117,6,0,33
BRDA:120,7,0,1
BRDA:121,8,0,33
BRDA:147,9,0,32
BRDA:151,10,0,3
BRDA:151,11,0,29
BRDA:153,12,0,2
BRDA:68,13,0,34
BRDA:69,14,0,2
BRDA:72,15,0,32
BRDA:74,16,0,4
BRDA:75,17,0,4
BRDA:78,18,0,32
BRDA:82,19,0,30
BRDA:83,20,0,2
BRDA:84,21,0,1
BRDA:90,22,0,30
BRDA:94,23,0,30
BRDA:101,24,0,2
BRDA:102,25,0,1
BRDA:109,26,0,30
BRF:27
BRH:27
end_of_record
TN:
SF:src/components/game/ModeSelector.tsx
FN:32,ModeSelector
FN:41,onClick
FN:57,onClick
FNF:3
FNH:3
FNDA:38,ModeSelector
FNDA:16,onClick
FNDA:3,onClick
DA:7,1
DA:32,1
DA:33,38
DA:34,38
DA:35,38
DA:37,38
DA:39,38
DA:40,38
DA:41,38
DA:42,38
DA:43,38
DA:44,38
DA:46,38
DA:47,38
DA:48,38
DA:49,38
DA:50,38
DA:51,38
DA:52,38
DA:53,38
DA:54,38
DA:56,38
DA:57,38
DA:58,38
DA:59,38
DA:60,38
DA:62,38
DA:63,38
DA:64,38
DA:65,38
DA:66,38
DA:67,38
DA:68,38
DA:69,38
DA:70,38
DA:71,38
DA:72,38
DA:74,38
LF:38
LH:38
BRDA:32,0,0,38
BRDA:41,1,0,16
BRDA:57,2,0,3
BRF:3
BRH:3
end_of_record
TN:
SF:src/components/game/MoveConfirmButton.tsx
FN:44,MoveConfirmButton
FNF:1
FNH:1
FNDA:28,MoveConfirmButton
DA:7,1
DA:44,1
DA:45,28
DA:46,28
DA:47,28
DA:48,28
DA:49,28
DA:50,28
DA:51,28
DA:53,28
DA:54,6
DA:55,6
DA:56,6
DA:57,6
DA:58,6
DA:59,6
DA:60,6
DA:61,6
DA:63,6
DA:64,6
DA:65,6
DA:66,6
DA:67,6
DA:68,6
DA:69,6
DA:70,6
DA:72,6
DA:73,6
DA:75,6
DA:79,22
DA:80,22
DA:81,25
DA:82,28
DA:83,28
DA:84,28
DA:85,28
DA:88,28
DA:89,7
DA:90,15
DA:91,4
DA:92,11
DA:94,28
DA:95,28
DA:96,28
DA:97,28
DA:98,28
DA:99,28
DA:100,28
DA:101,28
DA:102,28
DA:103,4
DA:104,18
DA:105,7
DA:106,11
DA:108,28
DA:110,28
DA:111,7
DA:113,7
DA:115,28
DA:116,28
DA:118,28
DA:119,5
DA:120,5
DA:121,5
DA:122,5
DA:124,5
DA:125,5
DA:127,28
DA:129,28
LF:69
LH:69
BRDA:44,0,0,28
BRDA:53,1,0,7
BRDA:53,2,0,6
BRDA:75,3,0,25
BRDA:75,4,0,22
BRDA:81,5,0,5
BRDA:82,6,0,7
BRDA:88,7,0,7
BRDA:89,8,0,15
BRDA:90,9,0,4
BRDA:91,10,0,11
BRDA:100,11,0,18
BRDA:102,12,0,4
BRDA:103,13,0,18
BRDA:104,14,0,7
BRDA:105,15,0,11
BRDA:110,16,0,7
BRDA:118,17,0,5
BRF:18
BRH:18
end_of_record
TN:
SF:src/components/game/NameForm.tsx
FN:45,NameForm
FN:82,validateName
FN:109,handleChange
FNF:3
FNH:3
FNDA:370,NameForm
FNDA:291,validateName
FNDA:291,handleChange
DA:6,1
DA:7,1
DA:8,1
DA:45,1
DA:46,370
DA:47,370
DA:48,370
DA:49,370
DA:50,370
DA:51,370
DA:52,370
DA:53,370
DA:54,370
DA:60,370
DA:61,66
DA:63,66
DA:64,45
DA:65,66
DA:66,6
DA:67,17
DA:68,15
DA:69,15
DA:71,66
DA:72,9
DA:73,9
DA:76,9
DA:77,9
DA:79,370
DA:82,370
DA:84,291
DA:85,4
DA:86,4
DA:89,291
DA:90,0
DA:91,0
DA:95,287
DA:96,291
DA:97,35
DA:98,35
DA:101,291
DA:102,10
DA:103,10
DA:105,242
DA:106,291
DA:109,370
DA:110,291
DA:111,291
DA:114,291
DA:115,4
DA:116,4
DA:117,4
DA:118,291
DA:119,287
DA:120,287
DA:123,291
DA:124,291
DA:125,291
DA:128,291
DA:129,254
DA:130,254
DA:133,291
DA:134,15
DA:136,12
DA:138,12
DA:139,7
DA:140,12
DA:141,1
DA:142,4
DA:143,4
DA:144,4
DA:146,12
DA:148,11
DA:149,12
DA:150,1
DA:151,1
DA:152,12
DA:153,291
DA:154,291
DA:157,370
DA:158,66
DA:159,66
DA:160,37
DA:161,37
DA:162,66
DA:163,370
DA:166,370
DA:167,297
DA:168,73
DA:169,11
DA:170,62
DA:172,370
DA:175,370
DA:176,370
DA:177,370
DA:178,370
DA:179,370
DA:180,370
DA:181,370
DA:183,370
DA:184,370
DA:185,370
DA:186,370
DA:187,370
DA:189,370
DA:190,370
DA:191,370
DA:192,370
DA:193,370
DA:194,370
DA:195,370
DA:196,370
DA:197,370
DA:198,370
DA:199,370
DA:200,370
DA:201,370
DA:204,370
DA:205,246
DA:207,246
DA:211,370
DA:212,46
DA:214,46
DA:216,370
DA:219,370
DA:220,46
DA:221,46
DA:222,46
DA:223,46
DA:224,46
DA:226,46
DA:227,46
DA:231,370
DA:232,79
DA:234,79
DA:236,370
DA:238,370
LF:136
LH:134
BRDA:45,0,0,370
BRDA:166,1,0,297
BRDA:167,2,0,73
BRDA:168,3,0,11
BRDA:169,4,0,62
BRDA:172,5,0,369
BRDA:177,6,0,291
BRDA:177,7,0,246
BRDA:178,8,0,291
BRDA:178,9,0,46
BRDA:198,10,0,291
BRDA:199,11,0,46
BRDA:199,12,0,324
BRDA:204,13,0,291
BRDA:204,14,0,246
BRDA:211,15,0,291
BRDA:211,16,0,46
BRDA:219,17,0,291
BRDA:219,18,0,46
BRDA:231,19,0,79
BRDA:60,20,0,66
BRDA:63,21,0,45
BRDA:65,22,0,21
BRDA:65,23,0,17
BRDA:65,24,0,6
BRDA:67,25,0,15
BRDA:71,26,0,9
BRDA:76,27,0,5
BRDA:82,28,0,291
BRDA:84,29,0,4
BRDA:86,30,0,287
BRDA:89,31,0,0
BRDA:91,32,0,287
BRDA:96,33,0,35
BRDA:98,34,0,252
BRDA:101,35,0,10
BRDA:103,36,0,242
BRDA:109,37,0,291
BRDA:114,38,0,4
BRDA:118,39,0,287
BRDA:125,40,0,246
BRDA:128,41,0,254
BRDA:133,42,0,15
BRDA:134,43,0,13
BRDA:134,44,0,12
BRDA:138,45,0,7
BRDA:140,46,0,5
BRDA:140,47,0,4
BRDA:140,48,0,1
BRDA:146,49,0,11
BRDA:148,50,0,4
BRDA:149,51,0,1
BRDA:157,52,0,66
BRDA:158,53,0,66
BRDA:159,54,0,37
BRF:55
BRH:54
end_of_record
TN:
SF:src/components/game/OffBoardButton.tsx
FN:48,OffBoardButton
FNF:1
FNH:1
FNDA:66,OffBoardButton
DA:8,1
DA:48,1
DA:49,66
DA:50,66
DA:51,66
DA:52,66
DA:53,66
DA:54,66
DA:55,66
DA:56,66
DA:58,66
DA:59,66
DA:60,66
DA:61,66
DA:62,66
DA:63,66
DA:66,66
DA:67,56
DA:68,10
DA:71,66
DA:72,0
DA:73,0
DA:74,0
DA:75,0
DA:76,0
DA:77,0
DA:78,0
DA:79,0
DA:81,0
DA:82,0
DA:83,0
DA:84,0
DA:85,0
DA:86,0
DA:88,0
DA:89,0
DA:90,0
DA:91,0
DA:92,0
DA:93,0
DA:94,0
DA:95,0
DA:96,0
DA:98,0
DA:99,0
DA:101,0
DA:104,66
DA:105,66
DA:106,66
DA:107,66
DA:108,66
DA:109,66
DA:110,66
DA:111,66
DA:113,66
DA:114,66
DA:115,66
DA:117,66
LF:58
LH:32
BRDA:48,0,0,66
BRDA:60,1,0,56
BRDA:60,2,0,10
BRDA:66,3,0,56
BRDA:67,4,0,10
BRDA:68,5,0,3
BRDA:68,6,0,7
BRDA:71,7,0,0
BRDA:71,8,0,0
BRDA:71,9,0,0
BRF:10
BRH:7
end_of_record
TN:
SF:src/components/game/PiecePickerModal.tsx
FN:48,PiecePickerModal
FN:70,handleKeyDown
FN:90,handleTabKey
FN:114,handleBackdropClick
FN:121,handlePieceClick
FN:158,onClick
FNF:6
FNH:6
FNDA:71,PiecePickerModal
FNDA:3,handleKeyDown
FNDA:3,handleTabKey
FNDA:14,handleBackdropClick
FNDA:11,handlePieceClick
FNDA:11,onClick
DA:6,1
DA:8,1
DA:9,1
DA:48,1
DA:49,71
DA:50,71
DA:51,71
DA:52,71
DA:53,71
DA:54,71
DA:55,71
DA:56,71
DA:57,71
DA:60,71
DA:61,65
DA:62,32
DA:63,32
DA:64,71
DA:67,71
DA:68,71
DA:70,33
DA:71,3
DA:72,2
DA:73,2
DA:74,3
DA:76,33
DA:77,33
DA:78,71
DA:81,71
DA:82,65
DA:84,33
DA:85,33
DA:86,33
DA:87,33
DA:88,33
DA:90,33
DA:91,3
DA:93,3
DA:95,0
DA:96,0
DA:97,0
DA:98,0
DA:99,3
DA:101,1
DA:102,1
DA:103,1
DA:104,1
DA:105,1
DA:106,3
DA:108,33
DA:109,33
DA:110,71
DA:112,71
DA:114,33
DA:116,14
DA:117,1
DA:118,1
DA:119,14
DA:121,33
DA:122,11
DA:123,11
DA:125,33
DA:126,33
DA:127,33
DA:128,33
DA:129,33
DA:130,33
DA:131,33
DA:132,33
DA:134,33
DA:135,33
DA:136,33
DA:137,7
DA:138,26
DA:139,71
DA:140,71
DA:141,71
DA:142,71
DA:143,71
DA:144,71
DA:146,71
DA:147,71
DA:148,71
DA:150,71
DA:151,71
DA:152,122
DA:153,122
DA:154,122
DA:155,122
DA:156,122
DA:157,122
DA:158,122
DA:159,122
DA:160,122
DA:162,122
DA:163,122
DA:164,122
DA:165,122
DA:166,122
DA:168,71
DA:169,71
DA:171,71
DA:172,1
DA:174,71
DA:175,71
DA:177,71
LF:106
LH:102
BRDA:48,0,0,71
BRDA:112,1,0,38
BRDA:112,2,0,33
BRDA:136,3,0,7
BRDA:137,4,0,26
BRDA:138,5,0,0
BRDA:143,6,0,7
BRDA:143,7,0,26
BRDA:144,8,0,7
BRDA:144,9,0,26
BRDA:146,10,0,7
BRDA:146,11,0,26
BRDA:171,12,0,1
BRDA:60,13,0,65
BRDA:61,14,0,33
BRDA:61,15,0,32
BRDA:67,16,0,71
BRDA:68,17,0,38
BRDA:68,18,0,33
BRDA:70,19,0,3
BRDA:71,20,0,2
BRDA:77,21,0,33
BRDA:81,22,0,65
BRDA:82,23,0,33
BRDA:82,24,0,32
BRDA:82,25,0,33
BRDA:90,26,0,3
BRDA:91,27,0,2
BRDA:91,28,0,1
BRDA:93,29,0,0
BRDA:99,30,0,1
BRDA:109,31,0,33
BRDA:114,32,0,14
BRDA:116,33,0,1
BRDA:121,34,0,11
BRDA:151,35,0,122
BRDA:156,36,0,32
BRDA:156,37,0,90
BRDA:158,38,0,11
BRF:39
BRH:37
end_of_record
TN:
SF:src/components/game/PieceSelectionScreen.tsx
FN:36,PieceSelectionScreen
FN:83,handleModeSelect
FN:90,handlePositionClick
FN:95,handlePieceSelect
FN:144,handleHandoffContinue
FN:150,handleNameEntryComplete
FN:159,handleStartGame
FN:166,getAvailableForPosition
FN:201,onClick
FN:212,onClick
FN:223,onClick
FN:274,onClick
FN:300,onClick
FN:367,onClick
FN:393,onClick
FN:458,onClose
FNF:16
FNH:10
FNDA:46,PieceSelectionScreen
FNDA:1,handleModeSelect
FNDA:9,handlePositionClick
FNDA:6,handlePieceSelect
FNDA:3,handleHandoffContinue
FNDA:1,handleNameEntryComplete
FNDA:1,handleStartGame
FNDA:46,getAvailableForPosition
FNDA:1,onClick
FNDA:0,onClick
FNDA:0,onClick
FNDA:0,onClick
FNDA:0,onClick
FNDA:9,onClick
FNDA:0,onClick
FNDA:0,onClose
DA:6,1
DA:9,1
DA:10,1
DA:11,1
DA:12,1
DA:13,1
DA:14,1
DA:36,1
DA:37,46
DA:38,46
DA:39,46
DA:40,46
DA:41,46
DA:44,46
DA:47,46
DA:50,46
DA:53,46
DA:54,28
DA:55,28
DA:56,15
DA:57,4
DA:58,4
DA:59,28
DA:60,2
DA:61,2
DA:62,46
DA:65,46
DA:66,25
DA:67,1
DA:68,1
DA:70,1
DA:71,1
DA:72,1
DA:73,1
DA:74,1
DA:75,1
DA:76,1
DA:77,1
DA:78,1
DA:79,1
DA:80,1
DA:81,46
DA:83,46
DA:84,1
DA:85,1
DA:86,1
DA:87,1
DA:88,1
DA:90,46
DA:91,9
DA:92,9
DA:93,9
DA:95,46
DA:96,6
DA:99,6
DA:100,6
DA:101,6
DA:102,0
DA:105,6
DA:106,6
DA:107,6
DA:108,6
DA:109,6
DA:112,6
DA:113,6
DA:114,6
DA:115,6
DA:116,6
DA:119,6
DA:120,1
DA:121,1
DA:122,1
DA:123,1
DA:124,1
DA:125,1
DA:128,6
DA:130,6
DA:131,4
DA:133,4
DA:134,4
DA:136,0
DA:137,0
DA:138,4
DA:140,6
DA:141,6
DA:142,6
DA:144,46
DA:145,3
DA:147,3
DA:148,3
DA:150,46
DA:152,1
DA:155,1
DA:156,1
DA:157,1
DA:159,46
DA:160,1
DA:161,1
DA:162,1
DA:163,1
DA:166,46
DA:167,46
DA:170,46
DA:171,46
DA:172,46
DA:174,46
DA:175,46
DA:178,46
DA:179,46
DA:180,43
DA:181,27
DA:182,5
DA:183,5
DA:185,5
DA:187,46
DA:188,46
DA:189,46
DA:190,46
DA:191,46
DA:192,46
DA:195,46
DA:196,3
DA:197,3
DA:198,3
DA:199,3
DA:200,3
DA:201,3
DA:202,3
DA:204,3
DA:205,3
DA:206,3
DA:208,3
DA:209,3
DA:210,3
DA:211,3
DA:212,3
DA:213,3
DA:215,3
DA:216,3
DA:217,3
DA:219,3
DA:220,3
DA:221,3
DA:222,3
DA:223,3
DA:224,3
DA:226,3
DA:227,3
DA:228,3
DA:230,3
DA:231,3
DA:232,3
DA:233,3
DA:237,46
DA:238,42
DA:239,42
DA:240,42
DA:242,42
DA:244,42
DA:245,42
DA:248,126
DA:249,126
DA:251,126
DA:253,126
DA:256,0
DA:257,0
DA:258,0
DA:259,0
DA:262,0
DA:263,0
DA:264,0
DA:266,0
DA:268,0
DA:270,0
DA:271,0
DA:272,0
DA:273,0
DA:274,0
DA:275,0
DA:276,0
DA:278,0
DA:279,0
DA:280,0
DA:281,0
DA:283,0
DA:285,0
DA:287,126
DA:290,126
DA:291,126
DA:292,9
DA:294,126
DA:296,9
DA:297,9
DA:298,9
DA:299,9
DA:300,9
DA:301,9
DA:302,9
DA:304,9
DA:305,6
DA:306,6
DA:307,6
DA:309,3
DA:311,9
DA:313,126
DA:315,117
DA:316,117
DA:317,117
DA:318,12
DA:319,12
DA:320,12
DA:322,117
DA:324,117
DA:325,126
DA:326,42
DA:327,42
DA:330,42
DA:331,42
DA:332,126
DA:333,42
DA:334,42
DA:337,42
DA:338,42
DA:341,126
DA:342,126
DA:344,126
DA:346,126
DA:349,126
DA:350,126
DA:351,9
DA:352,126
DA:355,126
DA:356,9
DA:357,9
DA:359,9
DA:361,9
DA:363,117
DA:364,117
DA:365,117
DA:366,117
DA:367,117
DA:368,117
DA:369,126
DA:371,126
DA:372,48
DA:373,48
DA:374,48
DA:376,69
DA:378,126
DA:380,126
DA:383,0
DA:384,0
DA:385,0
DA:387,0
DA:389,0
DA:390,0
DA:391,0
DA:392,0
DA:393,0
DA:394,0
DA:395,0
DA:397,0
DA:398,0
DA:399,0
DA:400,0
DA:402,0
DA:404,0
DA:406,0
DA:408,0
DA:409,0
DA:410,0
DA:411,0
DA:412,0
DA:413,0
DA:415,0
DA:417,0
DA:418,0
DA:419,42
DA:420,42
DA:421,42
DA:422,42
DA:426,46
DA:427,0
DA:428,0
DA:429,0
DA:430,0
DA:431,0
DA:432,0
DA:433,0
DA:434,0
DA:435,0
DA:436,0
DA:437,0
DA:441,46
DA:442,3
DA:443,3
DA:444,3
DA:445,3
DA:446,3
DA:447,3
DA:449,3
DA:450,3
DA:454,46
DA:455,46
DA:456,46
DA:457,46
DA:458,46
DA:459,0
DA:460,0
DA:461,0
DA:462,46
DA:463,46
DA:466,46
DA:467,4
DA:468,4
DA:469,4
DA:470,4
DA:471,4
DA:472,4
DA:473,4
DA:474,4
DA:478,46
DA:479,3
DA:480,3
DA:481,3
DA:482,3
DA:483,3
DA:484,3
DA:485,3
DA:486,3
DA:487,3
DA:488,3
DA:489,3
DA:490,3
DA:491,3
DA:493,3
DA:494,3
DA:495,3
DA:496,3
DA:497,3
DA:498,3
DA:500,46
DA:502,46
LF:343
LH:277
BRDA:36,0,0,46
BRDA:179,1,0,43
BRDA:180,2,0,27
BRDA:181,3,0,5
BRDA:182,4,0,5
BRDA:183,5,0,5
BRDA:185,6,0,4
BRDA:191,7,0,1
BRDA:195,8,0,3
BRDA:237,9,0,43
BRDA:237,10,0,42
BRDA:426,11,0,1
BRDA:426,12,0,0
BRDA:441,13,0,3
BRDA:462,14,0,37
BRDA:466,15,0,4
BRDA:466,16,0,4
BRDA:469,17,0,0
BRDA:478,18,0,3
BRDA:478,19,0,3
BRDA:53,20,0,28
BRDA:55,21,0,15
BRDA:56,22,0,12
BRDA:56,23,0,4
BRDA:57,24,0,4
BRDA:59,25,0,2
BRDA:56,26,0,33
BRDA:57,27,0,12
BRDA:65,28,0,25
BRDA:66,29,0,1
BRDA:66,30,0,1
BRDA:83,31,0,1
BRDA:90,32,0,9
BRDA:95,33,0,6
BRDA:96,34,0,0
BRDA:101,35,0,2
BRDA:101,36,0,0
BRDA:106,37,0,2
BRDA:106,38,0,4
BRDA:106,39,0,0
BRDA:107,40,0,0
BRDA:107,41,0,2
BRDA:108,42,0,4
BRDA:108,43,0,2
BRDA:114,44,0,0
BRDA:119,45,0,1
BRDA:119,46,0,1
BRDA:130,47,0,4
BRDA:130,48,0,4
BRDA:134,49,0,0
BRDA:128,50,0,16
BRDA:144,51,0,3
BRDA:150,52,0,1
BRDA:159,53,0,1
BRDA:166,54,0,46
BRDA:167,55,0,19
BRDA:171,56,0,138
BRDA:171,57,0,9
BRDA:171,58,0,129
BRDA:172,59,0,138
BRDA:182,60,0,15
BRDA:183,61,0,15
BRDA:201,62,0,1
BRDA:245,63,0,126
BRDA:249,64,0,0
BRDA:249,65,0,18
BRDA:251,66,0,84
BRDA:251,67,0,42
BRDA:253,68,0,0
BRDA:291,69,0,123
BRDA:291,70,0,9
BRDA:294,71,0,9
BRDA:302,72,0,6
BRDA:302,73,0,3
BRDA:304,74,0,6
BRDA:307,75,0,3
BRDA:313,76,0,117
BRDA:317,77,0,12
BRDA:331,78,0,126
BRDA:338,79,0,126
BRDA:342,80,0,81
BRDA:342,81,0,0
BRDA:344,82,0,84
BRDA:344,83,0,42
BRDA:350,84,0,123
BRDA:350,85,0,9
BRDA:352,86,0,9
BRDA:352,87,0,117
BRDA:355,88,0,9
BRDA:361,89,0,117
BRDA:369,90,0,48
BRDA:369,91,0,69
BRDA:371,92,0,48
BRDA:374,93,0,69
BRDA:380,94,0,0
BRDA:367,95,0,9
BRF:96
BRH:84
end_of_record
TN:
SF:src/components/game/PlaybackControls.tsx
FN:49,PlaybackControls
FNF:1
FNH:1
FNDA:11,PlaybackControls
DA:7,1
DA:49,1
DA:50,11
DA:51,11
DA:52,11
DA:53,11
DA:54,11
DA:55,11
DA:56,11
DA:57,11
DA:58,11
DA:59,11
DA:60,11
DA:62,11
DA:63,11
DA:66,11
DA:67,11
DA:68,11
DA:71,11
DA:72,11
DA:73,11
DA:74,11
DA:75,11
DA:76,11
DA:78,11
DA:81,11
DA:82,11
DA:83,11
DA:84,11
DA:85,11
DA:86,11
DA:88,11
DA:91,11
DA:92,11
DA:93,11
DA:94,11
DA:95,11
DA:96,11
DA:97,11
DA:99,11
DA:100,11
DA:101,11
DA:103,11
LF:43
LH:43
BRDA:49,0,0,11
BRF:1
BRH:1
end_of_record
TN:
SF:src/components/game/Player2NameEntryScreen.tsx
FN:39,Player2NameEntryScreen
FN:47,handleContinue
FN:78,onNameChange
FNF:3
FNH:3
FNDA:15,Player2NameEntryScreen
FNDA:2,handleContinue
FNDA:4,onNameChange
DA:6,1
DA:7,1
DA:8,1
DA:39,1
DA:40,15
DA:41,15
DA:42,15
DA:43,15
DA:44,15
DA:45,15
DA:47,15
DA:49,2
DA:50,2
DA:51,2
DA:53,1
DA:54,1
DA:56,1
DA:57,1
DA:58,1
DA:59,2
DA:60,2
DA:62,15
DA:63,15
DA:64,15
DA:65,15
DA:66,15
DA:67,15
DA:68,15
DA:70,15
DA:71,15
DA:72,15
DA:73,15
DA:74,15
DA:75,15
DA:76,15
DA:77,15
DA:78,15
DA:81,4
DA:82,4
DA:83,15
DA:84,15
DA:85,15
DA:86,15
DA:87,15
DA:89,15
DA:90,15
DA:91,15
DA:92,15
DA:94,15
LF:49
LH:49
BRDA:39,0,0,15
BRDA:47,1,0,2
BRDA:51,2,0,1
BRDA:78,3,0,4
BRF:4
BRH:4
end_of_record
TN:
SF:src/components/game/StoryPanel.tsx
FN:41,StoryPanel
FN:49,handleEscape
FN:68,handleTabKey
FNF:3
FNH:3
FNDA:28,StoryPanel
FNDA:2,handleEscape
FNDA:2,handleTabKey
DA:6,1
DA:7,1
DA:41,1
DA:42,28
DA:43,28
DA:46,28
DA:47,28
DA:49,26
DA:50,2
DA:51,1
DA:52,1
DA:53,2
DA:55,26
DA:56,26
DA:57,28
DA:60,28
DA:61,28
DA:63,28
DA:64,26
DA:65,26
DA:68,26
DA:69,2
DA:70,1
DA:71,1
DA:72,1
DA:73,2
DA:75,26
DA:76,26
DA:77,28
DA:80,28
DA:81,28
DA:82,26
DA:83,28
DA:84,2
DA:85,2
DA:87,28
DA:88,28
DA:89,28
DA:90,28
DA:93,28
DA:95,26
DA:96,26
DA:97,26
DA:98,26
DA:99,26
DA:100,26
DA:101,26
DA:103,26
DA:105,26
DA:106,26
DA:107,26
DA:108,26
DA:109,26
DA:110,26
DA:111,26
DA:113,26
DA:116,26
DA:118,26
DA:121,26
DA:122,26
DA:123,26
DA:124,26
DA:125,26
DA:126,26
DA:127,26
DA:128,26
DA:129,26
DA:130,26
DA:131,26
DA:132,26
DA:133,26
DA:134,26
DA:136,26
DA:137,26
DA:140,26
DA:141,26
DA:143,26
DA:144,26
DA:145,26
DA:146,26
DA:147,26
DA:148,26
DA:149,26
DA:150,26
DA:151,26
DA:152,26
DA:153,26
DA:156,26
DA:157,26
DA:159,26
LF:90
LH:90
BRDA:41,0,0,28
BRDA:93,1,0,2
BRDA:93,2,0,26
BRDA:46,3,0,28
BRDA:47,4,0,2
BRDA:47,5,0,26
BRDA:49,6,0,2
BRDA:50,7,0,1
BRDA:56,8,0,26
BRDA:60,9,0,28
BRDA:61,10,0,2
BRDA:61,11,0,26
BRDA:63,12,0,26
BRDA:68,13,0,2
BRDA:69,14,0,1
BRDA:69,15,0,1
BRDA:76,16,0,26
BRDA:80,17,0,28
BRDA:81,18,0,26
BRDA:83,19,0,2
BRDA:87,20,0,28
BRF:21
BRH:21
end_of_record
TN:
SF:src/components/game/URLSharer.tsx
FN:35,URLSharer
FN:47,handleCopy
FN:106,onClick
FN:111,onClick
FNF:4
FNH:4
FNDA:41,URLSharer
FNDA:12,handleCopy
FNDA:1,onClick
FNDA:12,onClick
DA:6,1
DA:7,1
DA:35,1
DA:36,41
DA:37,41
DA:38,41
DA:39,41
DA:41,41
DA:42,41
DA:47,41
DA:48,12
DA:50,12
DA:51,9
DA:52,8
DA:53,9
DA:56,9
DA:57,12
DA:59,3
DA:60,3
DA:61,3
DA:63,3
DA:64,3
DA:65,2
DA:66,2
DA:69,2
DA:70,3
DA:71,1
DA:72,1
DA:73,1
DA:76,3
DA:77,3
DA:78,0
DA:79,0
DA:80,0
DA:81,3
DA:82,12
DA:83,1
DA:84,1
DA:87,1
DA:88,1
DA:89,12
DA:91,41
DA:92,41
DA:93,41
DA:95,41
DA:97,41
DA:98,41
DA:99,41
DA:100,41
DA:101,41
DA:102,41
DA:103,41
DA:104,41
DA:105,41
DA:106,41
DA:107,41
DA:109,41
DA:110,41
DA:111,41
DA:112,41
DA:113,41
DA:115,41
DA:116,41
DA:117,41
DA:120,41
DA:121,12
DA:122,12
DA:123,12
DA:125,12
DA:126,12
DA:128,12
DA:129,10
DA:130,2
DA:131,12
DA:133,41
DA:135,41
LF:76
LH:73
BRDA:35,0,0,41
BRDA:115,1,0,10
BRDA:115,2,0,31
BRDA:120,3,0,12
BRDA:123,4,0,10
BRDA:123,5,0,2
BRDA:128,6,0,10
BRDA:129,7,0,2
BRDA:47,8,0,12
BRDA:50,9,0,9
BRDA:50,10,0,9
BRDA:51,11,0,8
BRDA:53,12,0,2
BRDA:57,13,0,3
BRDA:64,14,0,2
BRDA:66,15,0,0
BRDA:70,16,0,1
BRDA:77,17,0,0
BRDA:82,18,0,1
BRDA:106,19,0,1
BRDA:111,20,0,12
BRF:21
BRH:19
end_of_record
TN:
SF:src/components/game/VictoryScreen.tsx
FN:81,VictoryScreen
FN:116,handleUrlCopied
FN:129,getAutoScoredPieces
FN:148,getCelebrationMessage
FN:157,getSubtitle
FN:170,getPieceSymbol
FNF:6
FNH:5
FNDA:52,VictoryScreen
FNDA:1,handleUrlCopied
FNDA:104,getAutoScoredPieces
FNDA:52,getCelebrationMessage
FNDA:52,getSubtitle
FNDA:0,getPieceSymbol
DA:6,1
DA:8,1
DA:9,1
DA:12,1
DA:81,1
DA:82,52
DA:83,52
DA:84,52
DA:85,52
DA:86,52
DA:87,52
DA:88,52
DA:89,52
DA:90,52
DA:91,52
DA:92,52
DA:93,52
DA:94,52
DA:95,52
DA:96,52
DA:97,52
DA:100,52
DA:106,52
DA:107,50
DA:108,6
DA:109,6
DA:110,6
DA:111,52
DA:116,52
DA:117,1
DA:118,1
DA:119,1
DA:126,52
DA:129,52
DA:130,104
DA:131,104
DA:132,312
DA:133,312
DA:134,312
DA:135,936
DA:136,936
DA:137,0
DA:138,0
DA:139,936
DA:140,312
DA:141,104
DA:142,104
DA:144,52
DA:145,52
DA:148,52
DA:149,52
DA:150,4
DA:151,4
DA:152,52
DA:153,52
DA:154,52
DA:157,52
DA:158,52
DA:159,4
DA:160,4
DA:161,52
DA:162,46
DA:163,46
DA:164,52
DA:165,52
DA:166,52
DA:170,52
DA:171,0
DA:172,0
DA:173,0
DA:174,0
DA:175,0
DA:176,0
DA:177,0
DA:178,0
DA:179,0
DA:180,0
DA:181,0
DA:182,0
DA:184,52
DA:185,52
DA:186,52
DA:187,52
DA:188,52
DA:189,52
DA:190,52
DA:193,52
DA:194,48
DA:195,48
DA:196,2400
DA:197,48
DA:198,48
DA:201,52
DA:203,52
DA:204,52
DA:205,52
DA:208,52
DA:209,52
DA:210,52
DA:213,52
DA:214,5
DA:215,5
DA:216,5
DA:217,5
DA:218,5
DA:219,5
DA:220,5
DA:221,5
DA:223,5
DA:224,5
DA:228,52
DA:229,0
DA:230,0
DA:231,0
DA:232,0
DA:233,0
DA:234,0
DA:235,0
DA:236,0
DA:238,0
DA:239,0
DA:243,52
DA:244,8
DA:245,8
DA:246,8
DA:247,8
DA:248,8
DA:249,8
DA:253,52
DA:254,52
DA:255,52
DA:256,52
DA:257,52
DA:258,52
DA:259,52
DA:260,52
DA:263,52
DA:264,52
DA:265,52
DA:266,52
DA:267,52
DA:268,52
DA:269,52
DA:270,0
DA:271,0
DA:272,0
DA:273,0
DA:274,0
DA:275,0
DA:276,0
DA:278,52
DA:279,52
DA:280,0
DA:281,0
DA:282,0
DA:283,0
DA:284,0
DA:285,0
DA:286,0
DA:287,0
DA:288,0
DA:289,0
DA:290,0
DA:291,0
DA:293,52
DA:294,52
DA:295,52
DA:296,52
DA:297,52
DA:298,0
DA:299,0
DA:300,0
DA:301,0
DA:302,0
DA:303,0
DA:304,0
DA:306,52
DA:307,52
DA:310,52
DA:311,52
DA:312,52
DA:313,52
DA:314,52
DA:315,52
DA:316,52
DA:317,0
DA:318,0
DA:319,0
DA:320,0
DA:321,0
DA:322,0
DA:323,0
DA:325,52
DA:326,52
DA:327,0
DA:328,0
DA:329,0
DA:330,0
DA:331,0
DA:332,0
DA:333,0
DA:334,0
DA:335,0
DA:336,0
DA:337,0
DA:338,0
DA:340,52
DA:341,52
DA:342,52
DA:343,52
DA:344,52
DA:345,0
DA:346,0
DA:347,0
DA:348,0
DA:349,0
DA:350,0
DA:351,0
DA:353,52
DA:354,52
DA:355,52
DA:358,52
DA:359,52
DA:360,5
DA:361,5
DA:362,5
DA:363,5
DA:364,5
DA:365,5
DA:367,5
DA:369,52
DA:370,52
DA:371,52
DA:373,52
LF:234
LH:158
BRDA:81,0,0,52
BRDA:126,1,0,8
BRDA:126,2,0,5
BRDA:193,3,0,48
BRDA:213,4,0,5
BRDA:228,5,0,0
BRDA:243,6,0,8
BRDA:264,7,0,2
BRDA:267,8,0,0
BRDA:269,9,0,0
BRDA:279,10,0,0
BRDA:295,11,0,0
BRDA:297,12,0,0
BRDA:311,13,0,2
BRDA:314,14,0,0
BRDA:316,15,0,0
BRDA:326,16,0,0
BRDA:342,17,0,0
BRDA:344,18,0,0
BRDA:359,19,0,5
BRDA:106,20,0,50
BRDA:107,21,0,6
BRDA:116,22,0,1
BRDA:129,23,0,104
BRDA:131,24,0,312
BRDA:133,25,0,0
BRDA:134,26,0,936
BRDA:136,27,0,0
BRDA:136,28,0,0
BRDA:148,29,0,52
BRDA:149,30,0,4
BRDA:151,31,0,48
BRDA:152,32,0,45
BRDA:152,33,0,3
BRDA:157,34,0,52
BRDA:158,35,0,4
BRDA:160,36,0,48
BRDA:161,37,0,46
BRDA:161,38,0,46
BRDA:163,39,0,2
BRDA:164,40,0,0
BRDA:195,41,0,2400
BRF:42
BRH:27
end_of_record
TN:
SF:src/hooks/useUrlState.ts
FN:62,useUrlState
FN:145,handleHashChange
FNF:2
FNH:1
FNDA:20,useUrlState
FNDA:0,handleHashChange
DA:12,1
DA:13,1
DA:62,1
DA:70,20
DA:71,20
DA:72,20
DA:73,20
DA:74,20
DA:75,20
DA:76,20
DA:79,20
DA:80,20
DA:81,20
DA:84,20
DA:85,20
DA:88,20
DA:89,9
DA:90,20
DA:101,20
DA:102,9
DA:104,9
DA:106,9
DA:107,9
DA:108,9
DA:112,0
DA:113,0
DA:114,0
DA:115,0
DA:118,0
DA:120,0
DA:121,0
DA:122,0
DA:123,0
DA:124,0
DA:126,0
DA:127,0
DA:128,0
DA:129,0
DA:131,0
DA:133,20
DA:144,20
DA:145,9
DA:146,0
DA:148,0
DA:150,0
DA:151,0
DA:152,0
DA:153,0
DA:156,0
DA:157,0
DA:158,0
DA:161,0
DA:163,0
DA:164,0
DA:165,0
DA:166,0
DA:167,0
DA:168,0
DA:169,0
DA:170,0
DA:171,0
DA:172,0
DA:174,9
DA:177,9
DA:179,20
DA:189,20
DA:190,20
DA:192,0
DA:193,0
DA:194,0
DA:197,0
DA:199,0
DA:201,0
DA:202,0
DA:203,0
DA:204,0
DA:205,0
DA:206,0
DA:209,0
DA:210,0
DA:211,0
DA:214,0
DA:215,0
DA:218,0
DA:220,0
DA:221,0
DA:222,0
DA:223,20
DA:230,20
DA:231,9
DA:232,9
DA:233,0
DA:234,0
DA:235,9
DA:236,20
DA:243,20
DA:244,0
DA:245,20
DA:254,20
DA:256,0
DA:257,0
DA:258,0
DA:259,0
DA:261,0
DA:263,0
DA:264,0
DA:265,0
DA:266,0
DA:267,0
DA:268,0
DA:270,0
DA:271,0
DA:272,0
DA:274,0
DA:275,0
DA:276,0
DA:277,20
DA:284,20
DA:285,0
DA:286,0
DA:287,0
DA:288,0
DA:289,0
DA:290,0
DA:291,0
DA:292,20
DA:294,20
DA:296,20
DA:299,20
DA:302,20
DA:305,20
DA:308,20
DA:311,20
DA:314,20
DA:315,20
DA:316,20
LF:136
LH:54
BRDA:62,0,0,20
BRDA:88,1,0,9
BRDA:101,2,0,9
BRDA:108,3,0,0
BRDA:144,4,0,9
BRDA:177,5,0,9
BRDA:189,6,0,20
BRDA:230,7,0,9
BRDA:231,8,0,9
BRDA:232,9,0,0
BRF:10
BRH:8
end_of_record
TN:
SF:src/lib/aiAgents/buildPiecesWithMoves.ts
FN:28,buildPiecesWithMoves
FN:35,getPiece
FNF:2
FNH:2
FNDA:10,buildPiecesWithMoves
FNDA:112,getPiece
DA:12,1
DA:28,1
DA:29,10
DA:30,10
DA:31,10
DA:32,10
DA:33,10
DA:35,10
DA:36,112
DA:37,112
DA:38,112
DA:39,112
DA:41,10
DA:42,10
DA:43,0
DA:44,10
DA:48,10
DA:50,10
DA:51,30
DA:52,90
DA:53,90
DA:55,10
DA:58,10
DA:59,10
DA:62,90
DA:63,8
DA:64,8
DA:65,8
DA:66,8
DA:67,8
DA:68,8
DA:69,8
DA:70,8
DA:71,8
DA:72,7
DA:73,7
DA:74,8
DA:76,90
DA:77,7
DA:78,7
DA:79,90
DA:80,30
DA:82,10
DA:83,10
LF:44
LH:43
BRDA:28,0,0,10
BRDA:42,1,0,0
BRDA:48,2,0,0
BRDA:50,3,0,30
BRDA:51,4,0,90
BRDA:53,5,0,13
BRDA:53,6,0,80
BRDA:53,7,0,10
BRDA:62,8,0,8
BRDA:71,9,0,7
BRDA:74,10,0,10
BRDA:76,11,0,7
BRDA:35,12,0,112
BRDA:36,13,0,0
BRDA:38,14,0,98
BRDA:38,15,0,0
BRF:16
BRH:12
end_of_record
TN:
SF:src/lib/aiAgents/inferenceClient.ts
FN:24,selectMove
FNF:1
FNH:1
FNDA:4,selectMove
DA:24,4
DA:25,4
DA:26,4
DA:27,4
DA:28,4
DA:29,4
DA:30,4
DA:31,4
DA:32,1
DA:33,1
DA:35,3
DA:36,3
DA:37,3
DA:38,3
DA:39,3
DA:40,3
DA:42,3
DA:43,3
DA:44,3
DA:45,3
DA:46,3
DA:48,4
DA:49,1
DA:50,1
DA:52,2
DA:53,2
LF:26
LH:26
BRDA:24,0,0,4
BRDA:31,1,0,1
BRDA:33,2,0,3
BRDA:48,3,0,1
BRDA:50,4,0,2
BRF:5
BRH:5
end_of_record
TN:
SF:src/lib/chess/KingsChessEngine.ts
FN:56,<instance_members_initializer>
FN:65,KingsChessEngine
FN:89,createInitialState
FN:179,makeMove
FN:254,promotePawn
FN:320,executeOffBoardMove
FN:365,executeStandardMove
FN:476,advanceTurn
FN:493,getValidMoves
FN:546,hasAnyLegalMoves
FN:574,checkGameEnd
FN:604,getGameState
FN:614,getPieceAt
FN:624,toJSON
FN:634,fromJSON
FN:658,getChecksum
FN:665,generateChecksum
FNF:17
FNH:17
FNDA:175,<instance_members_initializer>
FNDA:175,KingsChessEngine
FNDA:104,createInitialState
FNDA:32,makeMove
FNDA:8,promotePawn
FNDA:4,executeOffBoardMove
FNDA:21,executeStandardMove
FNDA:25,advanceTurn
FNDA:36,getValidMoves
FNDA:5,hasAnyLegalMoves
FNDA:8,checkGameEnd
FNDA:88,getGameState
FNDA:321,getPieceAt
FNDA:3,toJSON
FNDA:6,fromJSON
FNDA:4,getChecksum
FNDA:129,generateChecksum
DA:10,1
DA:11,1
DA:26,1
DA:27,1
DA:28,1
DA:55,1
DA:56,1
DA:65,1
DA:66,175
DA:67,175
DA:68,175
DA:69,175
DA:70,175
DA:72,71
DA:73,175
DA:75,104
DA:76,104
DA:77,175
DA:89,1
DA:90,104
DA:91,104
DA:92,104
DA:93,104
DA:96,104
DA:97,104
DA:98,104
DA:99,104
DA:100,104
DA:101,104
DA:102,104
DA:104,104
DA:105,104
DA:106,104
DA:107,104
DA:108,104
DA:109,104
DA:110,104
DA:112,104
DA:113,104
DA:114,104
DA:115,104
DA:116,104
DA:117,104
DA:118,104
DA:120,104
DA:121,104
DA:122,104
DA:123,104
DA:124,104
DA:125,104
DA:126,104
DA:128,104
DA:129,104
DA:130,104
DA:131,104
DA:132,104
DA:133,104
DA:134,104
DA:136,104
DA:137,104
DA:138,104
DA:139,104
DA:140,104
DA:141,104
DA:142,104
DA:145,104
DA:146,104
DA:147,104
DA:148,104
DA:149,104
DA:151,104
DA:152,104
DA:153,104
DA:154,104
DA:155,104
DA:156,104
DA:157,104
DA:158,104
DA:159,104
DA:160,104
DA:161,104
DA:162,104
DA:163,104
DA:164,104
DA:165,104
DA:166,104
DA:167,104
DA:169,104
DA:170,104
DA:179,1
DA:180,32
DA:182,32
DA:183,1
DA:184,1
DA:185,1
DA:186,1
DA:187,1
DA:190,31
DA:191,9
DA:192,22
DA:195,32
DA:196,32
DA:197,32
DA:198,32
DA:199,32
DA:200,32
DA:201,32
DA:202,32
DA:204,32
DA:205,9
DA:206,9
DA:207,9
DA:208,9
DA:209,9
DA:212,32
DA:213,5
DA:214,5
DA:216,3
DA:217,3
DA:218,3
DA:219,3
DA:220,3
DA:221,3
DA:222,3
DA:223,3
DA:224,3
DA:225,5
DA:228,32
DA:229,4
DA:230,32
DA:231,15
DA:232,15
DA:233,32
DA:254,1
DA:255,8
DA:256,8
DA:257,8
DA:258,8
DA:259,8
DA:261,8
DA:262,1
DA:263,1
DA:264,1
DA:265,1
DA:266,1
DA:268,8
DA:269,0
DA:270,0
DA:271,0
DA:272,0
DA:273,0
DA:276,8
DA:277,8
DA:278,1
DA:279,1
DA:280,1
DA:281,1
DA:282,1
DA:285,6
DA:287,8
DA:288,0
DA:289,0
DA:293,6
DA:295,8
DA:296,0
DA:297,0
DA:298,0
DA:299,0
DA:300,0
DA:303,6
DA:309,6
DA:310,6
DA:311,6
DA:312,6
DA:313,6
DA:314,6
DA:315,8
DA:320,1
DA:321,4
DA:322,0
DA:323,0
DA:324,0
DA:325,0
DA:326,0
DA:329,4
DA:332,4
DA:333,4
DA:336,4
DA:337,4
DA:338,4
DA:339,0
DA:340,0
DA:343,4
DA:344,4
DA:345,4
DA:346,4
DA:347,4
DA:348,4
DA:349,4
DA:351,4
DA:354,4
DA:356,4
DA:357,4
DA:358,4
DA:359,4
DA:360,4
DA:365,1
DA:366,21
DA:367,21
DA:368,21
DA:369,21
DA:370,21
DA:371,0
DA:372,0
DA:373,0
DA:374,0
DA:375,0
DA:377,21
DA:378,21
DA:381,21
DA:383,3
DA:385,3
DA:386,0
DA:387,3
DA:388,3
DA:389,3
DA:390,3
DA:395,21
DA:397,8
DA:398,8
DA:399,2
DA:400,6
DA:402,8
DA:403,8
DA:404,2
DA:405,2
DA:406,8
DA:407,2
DA:408,2
DA:409,2
DA:412,2
DA:414,2
DA:415,2
DA:416,2
DA:417,2
DA:418,2
DA:421,2
DA:423,2
DA:425,2
DA:426,2
DA:429,2
DA:430,1
DA:431,1
DA:432,1
DA:433,1
DA:435,2
DA:436,2
DA:437,2
DA:438,2
DA:439,8
DA:442,21
DA:443,21
DA:444,21
DA:445,21
DA:448,21
DA:449,21
DA:450,21
DA:451,21
DA:452,21
DA:453,21
DA:454,21
DA:456,21
DA:459,21
DA:461,21
DA:462,21
DA:463,21
DA:464,21
DA:466,21
DA:467,5
DA:468,5
DA:470,21
DA:471,21
DA:476,1
DA:477,25
DA:478,25
DA:479,25
DA:480,25
DA:481,25
DA:482,25
DA:483,25
DA:484,25
DA:485,25
DA:493,1
DA:494,36
DA:495,36
DA:496,36
DA:499,24
DA:500,1
DA:501,23
DA:503,36
DA:504,36
DA:505,14
DA:506,14
DA:507,14
DA:508,14
DA:509,14
DA:510,36
DA:511,5
DA:512,5
DA:513,5
DA:514,5
DA:515,5
DA:516,36
DA:517,2
DA:518,2
DA:519,2
DA:520,2
DA:521,2
DA:522,36
DA:523,1
DA:524,1
DA:525,1
DA:526,1
DA:527,1
DA:528,36
DA:529,2
DA:530,2
DA:531,2
DA:532,2
DA:533,2
DA:534,2
DA:535,2
DA:536,36
DA:537,0
DA:538,36
DA:539,36
DA:546,1
DA:547,5
DA:550,5
DA:551,15
DA:552,39
DA:553,39
DA:556,39
DA:559,5
DA:560,39
DA:561,3
DA:562,3
DA:563,39
DA:564,12
DA:566,2
DA:567,5
DA:574,1
DA:576,8
DA:577,8
DA:578,5
DA:579,5
DA:582,8
DA:583,1
DA:584,1
DA:585,1
DA:586,1
DA:588,1
DA:589,1
DA:590,1
DA:591,1
DA:592,1
DA:593,1
DA:594,1
DA:596,2
DA:597,8
DA:604,1
DA:605,88
DA:606,88
DA:614,1
DA:615,321
DA:616,321
DA:617,321
DA:624,1
DA:625,3
DA:626,3
DA:634,1
DA:635,6
DA:636,6
DA:637,6
DA:638,6
DA:639,6
DA:640,6
DA:641,6
DA:658,1
DA:659,4
DA:660,4
DA:665,1
DA:666,129
DA:667,129
DA:668,129
DA:669,129
DA:670,129
DA:672,129
DA:673,129
DA:674,86184
DA:675,86184
DA:676,86184
DA:677,86184
DA:678,129
DA:679,129
DA:680,1
LF:406
LH:380
BRDA:56,0,0,175
BRDA:65,1,0,175
BRDA:70,2,0,71
BRDA:73,3,0,104
BRDA:89,4,0,104
BRDA:179,5,0,32
BRDA:182,6,0,1
BRDA:185,7,0,0
BRDA:185,8,0,0
BRDA:187,9,0,31
BRDA:190,10,0,9
BRDA:191,11,0,22
BRDA:204,12,0,9
BRDA:207,13,0,0
BRDA:209,14,0,22
BRDA:212,15,0,18
BRDA:212,16,0,18
BRDA:212,17,0,5
BRDA:213,18,0,3
BRDA:213,19,0,2
BRDA:214,20,0,3
BRDA:225,21,0,19
BRDA:228,22,0,4
BRDA:230,23,0,15
BRDA:254,24,0,8
BRDA:261,25,0,1
BRDA:266,26,0,7
BRDA:268,27,0,0
BRDA:273,28,0,7
BRDA:276,29,0,0
BRDA:277,30,0,1
BRDA:282,31,0,6
BRDA:287,32,0,0
BRDA:289,33,0,6
BRDA:295,34,0,0
BRDA:300,35,0,6
BRDA:320,36,0,4
BRDA:321,37,0,0
BRDA:338,38,0,0
BRDA:365,39,0,21
BRDA:370,40,0,0
BRDA:381,41,0,3
BRDA:385,42,0,0
BRDA:395,43,0,8
BRDA:395,44,0,8
BRDA:398,45,0,2
BRDA:399,46,0,6
BRDA:403,47,0,2
BRDA:404,48,0,2
BRDA:406,49,0,2
BRDA:429,50,0,1
BRDA:452,51,0,5
BRDA:452,52,0,16
BRDA:466,53,0,5
BRDA:476,54,0,25
BRDA:479,55,0,21
BRDA:479,56,0,4
BRDA:493,57,0,36
BRDA:495,58,0,1
BRDA:495,59,0,35
BRDA:496,60,0,11
BRDA:496,61,0,26
BRDA:496,62,0,24
BRDA:499,63,0,1
BRDA:500,64,0,23
BRDA:504,65,0,14
BRDA:510,66,0,5
BRDA:516,67,0,2
BRDA:522,68,0,1
BRDA:528,69,0,2
BRDA:536,70,0,0
BRDA:546,71,0,5
BRDA:550,72,0,15
BRDA:551,73,0,39
BRDA:556,74,0,22
BRDA:556,75,0,34
BRDA:556,76,0,5
BRDA:560,77,0,3
BRDA:563,78,0,12
BRDA:564,79,0,2
BRDA:574,80,0,8
BRDA:577,81,0,5
BRDA:579,82,0,3
BRDA:582,83,0,1
BRDA:594,84,0,2
BRDA:604,85,0,88
BRDA:614,86,0,321
BRDA:615,87,0,0
BRDA:616,88,0,120
BRDA:624,89,0,3
BRDA:634,90,0,6
BRDA:658,91,0,4
BRDA:665,92,0,129
BRDA:673,93,0,86184
BRF:94
BRH:81
end_of_record
TN:
SF:src/lib/chess/moveValidation.ts
FN:35,validateMove
FN:73,validateOffBoardMove
FN:238,validateStandardMove
FN:317,isStalemate
FN:343,getValidMovesForPiece
FNF:5
FNH:3
FNDA:39,validateMove
FNDA:16,validateOffBoardMove
FNDA:22,validateStandardMove
FNDA:0,isStalemate
FNDA:0,getValidMovesForPiece
DA:13,1
DA:35,1
DA:36,39
DA:37,39
DA:38,39
DA:39,39
DA:40,39
DA:41,39
DA:42,39
DA:44,39
DA:45,1
DA:46,1
DA:47,1
DA:48,1
DA:49,1
DA:52,39
DA:53,16
DA:54,16
DA:57,22
DA:58,22
DA:73,16
DA:74,16
DA:75,16
DA:76,16
DA:77,16
DA:78,16
DA:79,6
DA:80,6
DA:81,2
DA:82,2
DA:83,2
DA:84,2
DA:85,2
DA:86,4
DA:87,4
DA:88,4
DA:89,4
DA:90,4
DA:92,16
DA:93,3
DA:94,3
DA:95,1
DA:96,1
DA:97,1
DA:98,1
DA:99,1
DA:100,2
DA:101,2
DA:102,2
DA:103,2
DA:104,2
DA:106,16
DA:107,1
DA:108,1
DA:109,0
DA:110,0
DA:111,0
DA:112,0
DA:113,0
DA:114,1
DA:115,1
DA:116,1
DA:117,1
DA:118,1
DA:120,9
DA:121,5
DA:122,0
DA:123,0
DA:124,0
DA:125,0
DA:126,0
DA:130,5
DA:131,5
DA:133,5
DA:134,19
DA:135,19
DA:136,19
DA:138,19
DA:139,19
DA:140,7
DA:141,7
DA:142,7
DA:143,12
DA:144,12
DA:145,12
DA:147,19
DA:149,12
DA:150,12
DA:151,2
DA:152,2
DA:153,2
DA:154,12
DA:155,1
DA:156,1
DA:157,1
DA:158,12
DA:159,19
DA:162,5
DA:165,5
DA:166,5
DA:167,4
DA:169,5
DA:170,1
DA:171,5
DA:173,4
DA:175,4
DA:176,15
DA:177,15
DA:179,15
DA:180,10
DA:181,5
DA:182,5
DA:183,5
DA:185,15
DA:186,15
DA:188,15
DA:190,1
DA:191,1
DA:192,1
DA:193,1
DA:194,1
DA:195,15
DA:196,4
DA:198,5
DA:199,1
DA:200,1
DA:201,1
DA:202,1
DA:203,1
DA:204,4
DA:205,4
DA:206,4
DA:207,4
DA:208,4
DA:210,1
DA:214,1
DA:215,1
DA:216,1
DA:217,1
DA:218,1
DA:221,0
DA:222,0
DA:223,0
DA:224,0
DA:225,0
DA:238,22
DA:239,22
DA:240,22
DA:241,22
DA:242,22
DA:243,22
DA:244,22
DA:245,22
DA:247,22
DA:248,0
DA:249,0
DA:250,0
DA:251,0
DA:252,0
DA:255,22
DA:257,22
DA:258,22
DA:259,12
DA:260,12
DA:261,22
DA:262,4
DA:263,4
DA:264,22
DA:265,1
DA:266,1
DA:267,22
DA:268,0
DA:269,0
DA:270,22
DA:271,5
DA:272,5
DA:273,22
DA:274,0
DA:275,0
DA:276,0
DA:277,0
DA:278,22
DA:281,22
DA:282,31
DA:283,31
DA:284,22
DA:286,22
DA:287,4
DA:288,4
DA:289,4
DA:290,4
DA:291,4
DA:292,4
DA:293,4
DA:296,18
DA:297,18
DA:299,22
DA:300,3
DA:301,3
DA:302,3
DA:303,3
DA:305,18
DA:306,18
DA:317,1
DA:318,0
DA:319,0
DA:320,0
DA:321,0
DA:322,0
DA:323,0
DA:324,0
DA:326,0
DA:327,0
DA:328,0
DA:329,0
DA:330,0
DA:331,0
DA:332,0
DA:334,0
DA:335,0
DA:337,0
DA:338,0
DA:343,0
DA:344,0
DA:345,0
DA:346,0
DA:347,0
DA:348,0
DA:349,0
DA:350,0
DA:351,0
DA:352,0
DA:353,0
DA:354,0
DA:355,0
DA:356,0
DA:357,0
DA:358,0
DA:359,0
DA:360,0
DA:361,0
DA:362,0
DA:363,0
DA:364,0
LF:244
LH:178
BRDA:35,0,0,39
BRDA:44,1,0,1
BRDA:49,2,0,38
BRDA:52,3,0,16
BRDA:54,4,0,22
BRDA:73,5,0,16
BRDA:78,6,0,12
BRDA:78,7,0,6
BRDA:80,8,0,5
BRDA:80,9,0,2
BRDA:85,10,0,4
BRDA:90,11,0,10
BRDA:92,12,0,10
BRDA:92,13,0,3
BRDA:94,14,0,1
BRDA:99,15,0,2
BRDA:104,16,0,7
BRDA:106,17,0,9
BRDA:106,18,0,1
BRDA:108,19,0,0
BRDA:118,20,0,6
BRDA:120,21,0,5
BRDA:121,22,0,0
BRDA:133,23,0,19
BRDA:138,24,0,29
BRDA:138,25,0,26
BRDA:138,26,0,23
BRDA:138,27,0,19
BRDA:139,28,0,7
BRDA:142,29,0,12
BRDA:147,30,0,12
BRDA:150,31,0,9
BRDA:150,32,0,2
BRDA:153,33,0,10
BRDA:154,34,0,3
BRDA:154,35,0,1
BRDA:166,36,0,4
BRDA:166,37,0,4
BRDA:167,38,0,1
BRDA:169,39,0,1
BRDA:171,40,0,4
BRDA:175,41,0,15
BRDA:179,42,0,17
BRDA:179,43,0,12
BRDA:179,44,0,10
BRDA:180,45,0,5
BRDA:186,46,0,11
BRDA:186,47,0,4
BRDA:188,48,0,14
BRDA:188,49,0,1
BRDA:198,50,0,2
BRDA:198,51,0,1
BRDA:203,52,0,4
BRDA:208,53,0,8
BRDA:208,54,0,1
BRDA:218,55,0,0
BRDA:238,56,0,22
BRDA:247,57,0,0
BRDA:258,58,0,12
BRDA:261,59,0,4
BRDA:264,60,0,1
BRDA:267,61,0,0
BRDA:270,62,0,5
BRDA:273,63,0,0
BRDA:286,64,0,4
BRDA:287,65,0,0
BRDA:287,66,0,0
BRDA:293,67,0,18
BRDA:299,68,0,3
BRDA:303,69,0,18
BRDA:281,70,0,31
BRDA:282,71,0,0
BRDA:283,72,0,24
BRF:73
BRH:64
end_of_record
TN:
SF:src/lib/chess/pieceMovement.ts
FN:19,isInBounds
FN:34,getRookMoves
FN:79,getKnightMoves
FN:118,getBishopMoves
FN:164,getQueenMoves
FN:202,getPawnMoves
FN:284,hasRookPathToEdge
FN:328,canKnightJumpOffBoard
FN:371,canBishopMoveOffBoard
FNF:9
FNH:9
FNDA:603,isInBounds
FNDA:36,getRookMoves
FNDA:14,getKnightMoves
FNDA:13,getBishopMoves
FNDA:6,getQueenMoves
FNDA:24,getPawnMoves
FNDA:21,hasRookPathToEdge
FNDA:10,canKnightJumpOffBoard
FNDA:15,canBishopMoveOffBoard
DA:19,1
DA:20,603
DA:21,603
DA:34,1
DA:35,36
DA:36,36
DA:37,36
DA:38,36
DA:39,36
DA:41,35
DA:42,35
DA:44,36
DA:45,140
DA:46,140
DA:48,140
DA:49,110
DA:51,110
DA:52,52
DA:53,110
DA:54,30
DA:55,30
DA:56,45
DA:57,28
DA:58,28
DA:60,52
DA:61,52
DA:62,52
DA:63,140
DA:65,35
DA:66,35
DA:79,1
DA:80,14
DA:81,14
DA:82,14
DA:83,14
DA:84,14
DA:86,13
DA:87,13
DA:88,13
DA:89,13
DA:90,13
DA:92,14
DA:93,104
DA:94,104
DA:96,104
DA:98,22
DA:99,104
DA:100,21
DA:101,21
DA:102,104
DA:104,13
DA:105,13
DA:118,1
DA:119,13
DA:120,13
DA:121,13
DA:122,13
DA:123,13
DA:125,12
DA:126,12
DA:128,13
DA:129,48
DA:130,48
DA:132,48
DA:133,32
DA:135,32
DA:136,22
DA:137,31
DA:138,6
DA:139,6
DA:140,9
DA:141,4
DA:142,4
DA:144,22
DA:145,22
DA:146,22
DA:147,48
DA:149,12
DA:150,12
DA:164,1
DA:165,6
DA:166,6
DA:167,6
DA:168,6
DA:169,6
DA:172,5
DA:173,5
DA:175,5
DA:176,5
DA:202,1
DA:203,24
DA:204,24
DA:205,24
DA:206,24
DA:207,24
DA:208,24
DA:209,24
DA:211,23
DA:212,23
DA:215,24
DA:218,24
DA:219,24
DA:220,21
DA:221,21
DA:222,18
DA:225,18
DA:226,12
DA:227,12
DA:228,6
DA:229,6
DA:230,6
DA:231,6
DA:232,6
DA:233,12
DA:234,18
DA:235,21
DA:238,23
DA:239,24
DA:240,46
DA:241,46
DA:242,41
DA:243,41
DA:244,6
DA:245,6
DA:246,41
DA:247,46
DA:250,24
DA:252,6
DA:253,6
DA:254,6
DA:255,6
DA:258,6
DA:260,4
DA:261,4
DA:263,4
DA:264,4
DA:265,4
DA:266,4
DA:267,6
DA:268,6
DA:270,23
DA:271,23
DA:284,1
DA:285,21
DA:286,21
DA:287,21
DA:288,21
DA:289,21
DA:291,19
DA:293,21
DA:294,72
DA:295,72
DA:296,72
DA:298,72
DA:299,62
DA:300,25
DA:301,25
DA:302,25
DA:303,37
DA:304,37
DA:305,37
DA:307,72
DA:309,47
DA:310,47
DA:311,47
DA:312,47
DA:313,72
DA:315,13
DA:316,13
DA:328,1
DA:329,10
DA:330,10
DA:331,10
DA:332,10
DA:334,8
DA:335,8
DA:336,8
DA:337,8
DA:339,10
DA:340,33
DA:343,33
DA:344,33
DA:345,33
DA:347,3
DA:348,3
DA:371,1
DA:372,15
DA:373,15
DA:374,15
DA:375,15
DA:376,15
DA:381,13
DA:382,15
DA:383,10
DA:385,15
DA:388,6
DA:390,14
DA:391,23
DA:392,23
DA:395,23
DA:396,14
DA:398,12
DA:399,12
DA:400,12
DA:403,23
DA:404,23
DA:406,23
DA:410,5
DA:414,19
DA:415,23
DA:417,5
DA:418,5
LF:212
LH:212
BRDA:19,0,0,603
BRDA:20,1,0,543
BRDA:20,2,0,432
BRDA:20,3,0,346
BRDA:34,4,0,36
BRDA:39,5,0,1
BRDA:39,6,0,35
BRDA:44,7,0,140
BRDA:48,8,0,110
BRDA:51,9,0,52
BRDA:53,10,0,58
BRDA:53,11,0,45
BRDA:53,12,0,30
BRDA:56,13,0,28
BRDA:58,14,0,52
BRDA:63,15,0,35
BRDA:79,16,0,14
BRDA:84,17,0,1
BRDA:84,18,0,13
BRDA:92,19,0,104
BRDA:96,20,0,82
BRDA:96,21,0,92
BRDA:96,22,0,22
BRDA:99,23,0,13
BRDA:99,24,0,21
BRDA:102,25,0,13
BRDA:118,26,0,13
BRDA:123,27,0,1
BRDA:123,28,0,12
BRDA:128,29,0,48
BRDA:132,30,0,32
BRDA:135,31,0,31
BRDA:135,32,0,22
BRDA:137,33,0,10
BRDA:137,34,0,9
BRDA:137,35,0,6
BRDA:140,36,0,4
BRDA:142,37,0,22
BRDA:147,38,0,12
BRDA:164,39,0,6
BRDA:169,40,0,1
BRDA:169,41,0,5
BRDA:202,42,0,24
BRDA:209,43,0,1
BRDA:209,44,0,23
BRDA:215,45,0,17
BRDA:215,46,0,6
BRDA:219,47,0,21
BRDA:221,48,0,18
BRDA:225,49,0,12
BRDA:227,50,0,6
BRDA:235,51,0,23
BRDA:239,52,0,46
BRDA:241,53,0,41
BRDA:243,54,0,7
BRDA:243,55,0,6
BRDA:247,56,0,23
BRDA:250,57,0,6
BRDA:250,58,0,6
BRDA:258,59,0,5
BRDA:258,60,0,4
BRDA:258,61,0,4
BRDA:268,62,0,23
BRDA:284,63,0,21
BRDA:289,64,0,20
BRDA:289,65,0,2
BRDA:289,66,0,19
BRDA:293,67,0,72
BRDA:298,68,0,62
BRDA:299,69,0,59
BRDA:299,70,0,25
BRDA:302,71,0,37
BRDA:307,72,0,47
BRDA:310,73,0,32
BRDA:310,74,0,2
BRDA:310,75,0,45
BRDA:311,76,0,15
BRDA:311,77,0,4
BRDA:313,78,0,13
BRDA:328,79,0,10
BRDA:332,80,0,9
BRDA:332,81,0,2
BRDA:332,82,0,8
BRDA:339,83,0,33
BRDA:343,84,0,30
BRDA:343,85,0,2
BRDA:343,86,0,31
BRDA:344,87,0,3
BRDA:344,88,0,3
BRDA:345,89,0,3
BRDA:371,90,0,15
BRDA:376,91,0,14
BRDA:376,92,0,2
BRDA:376,93,0,13
BRDA:382,94,0,8
BRDA:382,95,0,10
BRDA:383,96,0,5
BRDA:385,97,0,7
BRDA:385,98,0,14
BRDA:385,99,0,6
BRDA:390,100,0,23
BRDA:395,101,0,14
BRDA:396,102,0,13
BRDA:396,103,0,2
BRDA:396,104,0,12
BRDA:404,105,0,19
BRDA:404,106,0,4
BRDA:406,107,0,18
BRDA:406,108,0,19
BRDA:406,109,0,5
BRDA:414,110,0,1
BRDA:415,111,0,5
BRF:112
BRH:112
end_of_record
TN:
SF:src/lib/chess/victoryConditions.ts
FN:28,checkGameEnd
FN:109,countPiecesOnBoard
FN:133,areAllPiecesOffBoard
FN:150,getCurrentScore
FNF:4
FNH:4
FNDA:15,checkGameEnd
FNDA:30,countPiecesOnBoard
FNDA:4,areAllPiecesOffBoard
FNDA:3,getCurrentScore
DA:28,1
DA:30,15
DA:31,15
DA:34,15
DA:36,11
DA:37,11
DA:39,11
DA:40,3
DA:41,3
DA:42,3
DA:43,3
DA:44,3
DA:45,3
DA:46,3
DA:48,11
DA:49,5
DA:50,5
DA:51,5
DA:52,5
DA:53,5
DA:54,5
DA:55,5
DA:57,3
DA:58,3
DA:59,3
DA:60,3
DA:61,3
DA:62,3
DA:63,3
DA:66,4
DA:68,4
DA:69,4
DA:70,4
DA:73,0
DA:74,0
DA:76,0
DA:77,0
DA:78,0
DA:79,0
DA:80,0
DA:81,0
DA:82,0
DA:83,0
DA:85,0
DA:86,0
DA:87,0
DA:88,0
DA:89,0
DA:90,0
DA:91,0
DA:92,0
DA:94,0
DA:95,0
DA:96,0
DA:97,0
DA:98,0
DA:99,0
DA:100,0
DA:109,30
DA:110,30
DA:111,30
DA:112,30
DA:113,30
DA:115,30
DA:116,90
DA:117,270
DA:118,270
DA:119,24
DA:120,24
DA:121,270
DA:122,90
DA:124,30
DA:125,30
DA:133,4
DA:134,4
DA:135,4
DA:136,4
DA:137,4
DA:138,4
DA:139,4
DA:140,0
DA:141,0
DA:142,0
DA:150,1
DA:153,3
DA:154,3
DA:155,3
DA:156,3
DA:157,3
DA:158,3
LF:90
LH:62
BRDA:28,0,0,15
BRDA:34,1,0,5
BRDA:34,2,0,11
BRDA:39,3,0,3
BRDA:44,4,0,2
BRDA:44,5,0,1
BRDA:46,6,0,8
BRDA:48,7,0,5
BRDA:53,8,0,3
BRDA:53,9,0,2
BRDA:55,10,0,3
BRDA:63,11,0,4
BRDA:70,12,0,0
BRDA:109,13,0,30
BRDA:115,14,0,90
BRDA:116,15,0,270
BRDA:118,16,0,48
BRDA:118,17,0,24
BRDA:133,18,0,4
BRDA:139,19,0,0
BRDA:150,20,0,3
BRF:21
BRH:19
end_of_record
TN:
SF:src/lib/gameFlow/reducer.ts
FN:18,createInitialGameState
FN:41,handleUrlLoad
FN:188,gameFlowReducer
FNF:3
FNH:3
FNDA:1,createInitialGameState
FNDA:4,handleUrlLoad
FNDA:112,gameFlowReducer
DA:9,1
DA:10,1
DA:11,1
DA:18,1
DA:19,1
DA:20,1
DA:21,1
DA:22,1
DA:23,1
DA:24,1
DA:25,1
DA:26,1
DA:27,1
DA:28,1
DA:29,1
DA:41,4
DA:42,4
DA:43,4
DA:44,4
DA:46,4
DA:47,4
DA:48,4
DA:49,4
DA:50,4
DA:51,4
DA:54,4
DA:55,4
DA:58,4
DA:61,4
DA:62,4
DA:63,4
DA:64,4
DA:65,4
DA:66,4
DA:67,4
DA:68,4
DA:69,4
DA:70,4
DA:71,4
DA:76,4
DA:79,0
DA:81,0
DA:83,0
DA:85,0
DA:86,0
DA:87,0
DA:88,0
DA:90,0
DA:91,0
DA:93,0
DA:94,0
DA:95,0
DA:96,0
DA:97,0
DA:100,4
DA:101,4
DA:102,4
DA:103,4
DA:104,4
DA:105,4
DA:107,4
DA:109,0
DA:112,0
DA:113,0
DA:114,0
DA:115,0
DA:116,0
DA:117,0
DA:118,0
DA:119,0
DA:120,0
DA:122,4
DA:124,3
DA:126,0
DA:127,0
DA:128,0
DA:129,0
DA:130,0
DA:131,0
DA:132,0
DA:133,0
DA:134,0
DA:135,0
DA:136,0
DA:137,0
DA:138,0
DA:139,3
DA:141,3
DA:142,3
DA:143,3
DA:144,3
DA:145,3
DA:146,3
DA:147,3
DA:148,3
DA:149,3
DA:150,3
DA:151,3
DA:152,3
DA:153,3
DA:154,3
DA:155,3
DA:156,4
DA:158,1
DA:159,1
DA:160,1
DA:161,1
DA:162,1
DA:163,1
DA:164,1
DA:165,1
DA:166,1
DA:167,1
DA:168,1
DA:169,1
DA:170,1
DA:171,1
DA:172,1
DA:173,1
DA:174,1
DA:175,1
DA:176,4
DA:188,1
DA:189,112
DA:190,112
DA:191,112
DA:192,112
DA:193,112
DA:194,9
DA:195,6
DA:196,6
DA:197,6
DA:198,6
DA:199,6
DA:201,112
DA:202,6
DA:203,3
DA:205,112
DA:206,4
DA:207,1
DA:208,1
DA:209,1
DA:210,1
DA:211,1
DA:213,112
DA:214,4
DA:217,2
DA:219,2
DA:220,2
DA:221,2
DA:222,2
DA:223,2
DA:224,2
DA:225,2
DA:226,2
DA:227,2
DA:228,2
DA:230,112
DA:231,8
DA:232,1
DA:233,1
DA:234,1
DA:235,1
DA:236,1
DA:237,1
DA:238,1
DA:239,1
DA:240,1
DA:241,1
DA:242,1
DA:243,1
DA:245,112
DA:247,2
DA:249,112
DA:250,5
DA:251,3
DA:253,112
DA:254,4
DA:255,4
DA:256,1
DA:257,1
DA:258,1
DA:259,1
DA:261,112
DA:262,7
DA:263,5
DA:264,5
DA:265,4
DA:266,3
DA:267,2
DA:268,7
DA:269,4
DA:270,4
DA:273,1
DA:274,1
DA:275,1
DA:276,1
DA:277,1
DA:280,1
DA:281,1
DA:282,7
DA:283,7
DA:284,7
DA:285,7
DA:286,7
DA:287,7
DA:290,7
DA:291,7
DA:292,7
DA:293,7
DA:294,7
DA:295,7
DA:296,7
DA:297,7
DA:298,7
DA:299,7
DA:300,7
DA:301,7
DA:302,7
DA:303,7
DA:304,7
DA:305,7
DA:306,7
DA:309,7
DA:310,7
DA:313,7
DA:314,0
DA:315,0
DA:316,0
DA:317,0
DA:318,0
DA:319,0
DA:320,0
DA:321,0
DA:322,0
DA:323,0
DA:326,1
DA:327,7
DA:329,0
DA:330,0
DA:331,0
DA:332,0
DA:333,0
DA:334,0
DA:335,0
DA:336,0
DA:337,0
DA:340,1
DA:341,1
DA:342,1
DA:343,1
DA:344,1
DA:345,1
DA:346,1
DA:347,1
DA:348,1
DA:349,1
DA:350,1
DA:352,112
DA:353,6
DA:354,3
DA:355,3
DA:356,3
DA:357,3
DA:358,3
DA:360,112
DA:361,5
DA:362,3
DA:363,3
DA:364,3
DA:365,3
DA:366,3
DA:367,3
DA:369,112
DA:370,4
DA:371,2
DA:372,2
DA:373,2
DA:374,2
DA:376,112
DA:377,10
DA:380,6
DA:381,10
DA:383,4
DA:385,4
DA:386,4
DA:387,4
DA:388,4
DA:389,4
DA:390,4
DA:391,4
DA:392,4
DA:393,4
DA:396,10
DA:397,1
DA:398,1
DA:399,1
DA:400,1
DA:401,1
DA:402,1
DA:403,1
DA:404,1
DA:407,1
DA:408,1
DA:409,1
DA:410,1
DA:411,1
DA:414,10
DA:415,10
DA:416,10
DA:417,10
DA:419,10
DA:420,10
DA:421,10
DA:422,10
DA:423,10
DA:424,10
DA:425,10
DA:427,112
DA:431,7
DA:433,1
DA:434,1
DA:435,7
DA:437,2
DA:441,2
DA:442,2
DA:443,2
DA:444,2
DA:446,2
DA:447,2
DA:448,0
DA:449,2
DA:450,2
DA:451,2
DA:453,0
DA:454,0
DA:456,2
DA:457,2
DA:458,2
DA:459,0
DA:460,2
DA:461,2
DA:462,2
DA:463,0
DA:464,2
DA:465,2
DA:466,2
DA:467,0
DA:468,0
DA:469,7
DA:472,2
DA:473,2
DA:475,2
DA:476,2
DA:477,2
DA:478,2
DA:479,0
DA:480,2
DA:481,2
DA:482,2
DA:483,0
DA:484,2
DA:485,2
DA:486,2
DA:487,2
DA:489,112
DA:491,6
DA:492,2
DA:494,112
DA:495,6
DA:498,6
DA:500,0
DA:501,0
DA:502,0
DA:503,0
DA:504,0
DA:506,0
DA:507,0
DA:508,0
DA:509,0
DA:510,0
DA:511,0
DA:512,0
DA:513,0
DA:515,0
DA:516,0
DA:517,0
DA:518,0
DA:519,0
DA:520,0
DA:521,0
DA:522,0
DA:523,0
DA:524,0
DA:525,0
DA:526,0
DA:527,0
DA:528,0
DA:529,0
DA:530,0
DA:531,0
DA:533,0
DA:534,0
DA:536,0
DA:537,0
DA:538,0
DA:539,0
DA:540,0
DA:541,0
DA:542,0
DA:543,0
DA:544,0
DA:545,0
DA:546,0
DA:550,6
DA:551,0
DA:552,0
DA:553,0
DA:555,4
DA:556,4
DA:557,4
DA:558,4
DA:559,4
DA:560,4
DA:561,4
DA:562,4
DA:563,4
DA:564,4
DA:565,4
DA:567,112
DA:568,7
DA:571,5
DA:573,5
DA:574,5
DA:575,5
DA:576,5
DA:577,5
DA:578,5
DA:579,7
DA:580,7
DA:582,112
DA:584,3
DA:585,3
DA:587,112
DA:589,4
DA:591,112
DA:593,2
DA:594,2
DA:596,2
DA:598,2
DA:599,2
DA:600,2
DA:601,2
DA:602,2
DA:603,2
DA:604,2
DA:605,2
DA:607,2
DA:608,2
DA:609,2
DA:610,2
DA:611,2
DA:612,2
DA:613,2
DA:614,2
DA:615,2
DA:616,2
DA:617,2
DA:618,2
DA:619,2
DA:620,2
DA:621,2
DA:622,2
DA:623,2
DA:625,2
DA:626,2
DA:628,2
DA:629,2
DA:630,2
DA:631,2
DA:632,2
DA:633,2
DA:634,2
DA:635,2
DA:636,2
DA:637,2
DA:638,2
DA:640,112
DA:641,3
DA:644,2
DA:645,3
DA:646,1
DA:647,1
DA:648,1
DA:649,1
DA:650,1
DA:651,1
DA:652,1
DA:653,1
DA:654,1
DA:655,1
DA:658,1
DA:659,1
DA:660,1
DA:661,1
DA:662,1
DA:663,1
DA:664,1
DA:665,1
DA:667,112
DA:669,0
DA:670,0
DA:671,0
DA:672,112
DA:673,112
LF:515
LH:401
BRDA:18,0,0,1
BRDA:41,1,0,4
BRDA:76,2,0,2
BRDA:76,3,0,0
BRDA:107,4,0,0
BRDA:107,5,0,0
BRDA:122,6,0,3
BRDA:124,7,0,0
BRDA:156,8,0,1
BRDA:188,9,0,112
BRDA:193,10,0,9
BRDA:194,11,0,3
BRDA:194,12,0,6
BRDA:201,13,0,6
BRDA:202,14,0,3
BRDA:205,15,0,4
BRDA:206,16,0,2
BRDA:206,17,0,3
BRDA:206,18,0,1
BRDA:213,19,0,4
BRDA:214,20,0,2
BRDA:230,21,0,8
BRDA:231,22,0,4
BRDA:231,23,0,7
BRDA:231,24,0,1
BRDA:245,25,0,2
BRDA:249,26,0,5
BRDA:250,27,0,2
BRDA:250,28,0,3
BRDA:253,29,0,4
BRDA:254,30,0,2
BRDA:255,31,0,1
BRDA:261,32,0,7
BRDA:262,33,0,2
BRDA:262,34,0,5
BRDA:264,35,0,4
BRDA:265,36,0,3
BRDA:266,37,0,2
BRDA:268,38,0,4
BRDA:270,39,0,1
BRDA:282,40,0,0
BRDA:286,41,0,1
BRDA:286,42,0,0
BRDA:286,43,0,0
BRDA:313,44,0,0
BRDA:323,45,0,1
BRDA:327,46,0,0
BRDA:337,47,0,1
BRDA:352,48,0,6
BRDA:353,49,0,3
BRDA:360,50,0,5
BRDA:361,51,0,2
BRDA:361,52,0,3
BRDA:369,53,0,4
BRDA:370,54,0,2
BRDA:376,55,0,10
BRDA:377,56,0,7
BRDA:377,57,0,4
BRDA:377,58,0,6
BRDA:381,59,0,4
BRDA:388,60,0,1
BRDA:391,61,0,1
BRDA:393,62,0,2
BRDA:396,63,0,1
BRDA:419,64,0,1
BRDA:419,65,0,0
BRDA:419,66,0,1
BRDA:419,67,0,0
BRDA:427,68,0,7
BRDA:431,69,0,1
BRDA:434,70,0,6
BRDA:435,71,0,2
BRDA:447,72,0,0
BRDA:451,73,0,0
BRDA:458,74,0,0
BRDA:462,75,0,0
BRDA:466,76,0,0
BRDA:468,77,0,4
BRDA:469,78,0,2
BRDA:478,79,0,0
BRDA:482,80,0,0
BRDA:489,81,0,6
BRDA:491,82,0,4
BRDA:491,83,0,4
BRDA:491,84,0,2
BRDA:494,85,0,6
BRDA:495,86,0,2
BRDA:495,87,0,4
BRDA:498,88,0,0
BRDA:498,89,0,0
BRDA:498,90,0,0
BRDA:546,91,0,4
BRDA:550,92,0,0
BRDA:553,93,0,4
BRDA:567,94,0,7
BRDA:568,95,0,2
BRDA:568,96,0,5
BRDA:579,97,0,1
BRDA:582,98,0,3
BRDA:587,99,0,4
BRDA:591,100,0,2
BRDA:600,101,0,1
BRDA:600,102,0,1
BRDA:604,103,0,1
BRDA:604,104,0,1
BRDA:640,105,0,3
BRDA:641,106,0,1
BRDA:641,107,0,2
BRDA:645,108,0,1
BRDA:650,109,0,0
BRDA:653,110,0,0
BRDA:667,111,0,0
BRF:112
BRH:87
end_of_record
TN:
SF:src/lib/history/storage.ts
FN:35,getGameHistory
FN:53,setGameHistory
FN:83,appendToHistory
FN:113,clearHistory
FN:132,markHistoryAsSynced
FN:177,getRecentHistory
FN:198,getHistoryByMoveNumber
FNF:7
FNH:7
FNDA:41,getGameHistory
FNDA:27,setGameHistory
FNDA:12,appendToHistory
FNDA:2,clearHistory
FNDA:5,markHistoryAsSynced
FNDA:4,getRecentHistory
FNDA:4,getHistoryByMoveNumber
DA:9,1
DA:10,1
DA:20,1
DA:35,1
DA:36,41
DA:37,41
DA:53,1
DA:54,27
DA:55,27
DA:83,1
DA:84,12
DA:86,12
DA:89,12
DA:92,12
DA:95,12
DA:96,12
DA:97,1
DA:98,1
DA:99,1
DA:100,12
DA:113,1
DA:114,2
DA:115,2
DA:132,1
DA:133,5
DA:134,5
DA:135,5
DA:136,1
DA:137,1
DA:138,1
DA:141,4
DA:143,5
DA:144,1
DA:145,1
DA:146,1
DA:149,3
DA:150,3
DA:151,3
DA:152,3
DA:153,3
DA:156,3
DA:157,5
DA:158,0
DA:159,0
DA:160,0
DA:161,5
DA:177,1
DA:178,4
DA:179,4
DA:181,3
DA:182,3
DA:198,1
DA:199,4
DA:200,4
DA:202,4
DA:203,4
LF:56
LH:53
BRDA:35,0,0,41
BRDA:53,1,0,27
BRDA:83,2,0,12
BRDA:89,3,0,6
BRDA:96,4,0,1
BRDA:113,5,0,2
BRDA:132,6,0,5
BRDA:135,7,0,1
BRDA:138,8,0,4
BRDA:143,9,0,1
BRDA:146,10,0,3
BRDA:157,11,0,0
BRDA:141,12,0,5
BRDA:177,13,0,4
BRDA:179,14,0,1
BRDA:179,15,0,3
BRDA:198,16,0,4
BRDA:200,17,0,1
BRDA:200,18,0,3
BRDA:202,19,0,1
BRDA:202,20,0,4
BRF:21
BRH:20
end_of_record
TN:
SF:src/lib/pieceSelection/logic.ts
FN:17,getAvailablePieces
FN:44,generateRandomPieces
FN:51,seededRandom
FN:76,createBoardWithPieces
FNF:4
FNH:4
FNDA:84,getAvailablePieces
FNDA:11,generateRandomPieces
FNDA:33,seededRandom
FNDA:9,createBoardWithPieces
DA:6,1
DA:17,1
DA:18,84
DA:19,84
DA:20,84
DA:21,84
DA:22,84
DA:23,84
DA:24,84
DA:27,84
DA:28,97
DA:29,84
DA:32,84
DA:33,84
DA:34,84
DA:35,84
DA:44,1
DA:46,11
DA:47,11
DA:48,117
DA:49,117
DA:51,11
DA:52,33
DA:53,33
DA:54,33
DA:56,11
DA:58,11
DA:59,33
DA:60,33
DA:61,33
DA:62,33
DA:64,11
DA:65,11
DA:76,1
DA:77,9
DA:78,9
DA:79,9
DA:80,9
DA:82,9
DA:83,9
DA:84,9
DA:85,9
DA:86,9
DA:90,9
DA:91,9
DA:92,9
DA:95,9
DA:96,27
DA:97,27
DA:98,27
DA:99,27
DA:100,27
DA:101,27
DA:102,27
DA:103,9
DA:106,9
DA:107,27
DA:108,27
DA:109,27
DA:110,27
DA:111,27
DA:112,27
DA:113,27
DA:114,9
DA:116,9
DA:117,9
LF:66
LH:66
BRDA:17,0,0,84
BRDA:27,1,0,97
BRDA:33,2,0,420
BRDA:34,3,0,411
BRDA:44,4,0,11
BRDA:47,5,0,117
BRDA:58,6,0,33
BRDA:51,7,0,33
BRDA:76,8,0,9
BRDA:90,9,0,7
BRDA:90,10,0,2
BRDA:91,11,0,7
BRDA:91,12,0,2
BRDA:92,13,0,7
BRDA:92,14,0,2
BRDA:95,15,0,27
BRDA:106,16,0,27
BRF:17
BRH:17
end_of_record
TN:
SF:src/lib/storage/localStorage.ts
FN:105,getValidatedItem
FN:148,setValidatedItem
FN:169,removeItem
FN:179,clearGameStorage
FN:210,checkAndMigrateStorage
FN:261,getMyName
FN:264,setMyName
FN:268,getMyPlayerId
FN:271,setMyPlayerId
FN:275,getPlayer1Name
FN:278,setPlayer1Name
FN:281,getPlayer2Name
FN:284,setPlayer2Name
FN:288,getGameMode
FN:291,setGameMode
FN:294,clearGameMode
FN:298,getPieceSelectionMode
FN:301,setPieceSelectionMode
FN:304,getPlayer1Pieces
FN:307,setPlayer1Pieces
FN:310,getPlayer2Pieces
FN:313,setPlayer2Pieces
FN:316,getPlayer1Color
FN:319,setPlayer1Color
FN:323,getPlayer1SeenStory
FN:326,setPlayer1SeenStory
FN:329,getPlayer2SeenStory
FN:332,setPlayer2SeenStory
FNF:28
FNH:20
FNDA:63,getValidatedItem
FNDA:45,setValidatedItem
FNDA:1,removeItem
FNDA:2,clearGameStorage
FNDA:9,checkAndMigrateStorage
FNDA:2,getMyName
FNDA:2,setMyName
FNDA:1,getMyPlayerId
FNDA:1,setMyPlayerId
FNDA:3,getPlayer1Name
FNDA:1,setPlayer1Name
FNDA:1,getPlayer2Name
FNDA:1,setPlayer2Name
FNDA:4,getGameMode
FNDA:6,setGameMode
FNDA:1,clearGameMode
FNDA:0,getPieceSelectionMode
FNDA:0,setPieceSelectionMode
FNDA:0,getPlayer1Pieces
FNDA:0,setPlayer1Pieces
FNDA:0,getPlayer2Pieces
FNDA:0,setPlayer2Pieces
FNDA:0,getPlayer1Color
FNDA:0,setPlayer1Color
FNDA:4,getPlayer1SeenStory
FNDA:3,setPlayer1SeenStory
FNDA:3,getPlayer2SeenStory
FNDA:2,setPlayer2SeenStory
DA:14,1
DA:15,1
DA:29,1
DA:30,1
DA:40,1
DA:42,1
DA:45,1
DA:48,1
DA:51,1
DA:54,1
DA:57,1
DA:60,1
DA:63,1
DA:66,1
DA:69,1
DA:72,1
DA:75,1
DA:78,1
DA:79,1
DA:105,1
DA:106,63
DA:107,63
DA:108,63
DA:109,63
DA:110,63
DA:111,63
DA:113,42
DA:114,42
DA:116,61
DA:117,38
DA:118,61
DA:119,2
DA:121,2
DA:122,2
DA:123,2
DA:124,63
DA:125,2
DA:126,2
DA:127,2
DA:128,2
DA:129,63
DA:148,1
DA:149,45
DA:150,45
DA:151,45
DA:152,45
DA:153,45
DA:155,45
DA:156,45
DA:157,45
DA:158,45
DA:159,2
DA:160,2
DA:161,2
DA:162,45
DA:169,1
DA:170,1
DA:171,1
DA:179,1
DA:181,2
DA:182,2
DA:183,2
DA:184,2
DA:185,2
DA:187,2
DA:188,26
DA:189,20
DA:190,20
DA:191,2
DA:192,2
DA:210,1
DA:211,9
DA:212,9
DA:215,9
DA:216,6
DA:220,6
DA:221,6
DA:222,6
DA:232,6
DA:234,6
DA:235,6
DA:237,3
DA:238,9
DA:239,0
DA:240,0
DA:241,0
DA:242,9
DA:248,1
DA:249,1
DA:250,1
DA:251,1
DA:252,1
DA:253,1
DA:259,1
DA:261,1
DA:262,2
DA:264,1
DA:265,2
DA:268,1
DA:269,1
DA:271,1
DA:272,1
DA:275,1
DA:276,3
DA:278,1
DA:279,1
DA:281,1
DA:282,1
DA:284,1
DA:285,1
DA:288,1
DA:289,4
DA:291,1
DA:292,6
DA:294,1
DA:295,1
DA:298,1
DA:299,0
DA:301,1
DA:302,0
DA:304,1
DA:305,0
DA:307,1
DA:308,0
DA:310,1
DA:311,0
DA:313,1
DA:314,0
DA:316,1
DA:317,0
DA:319,1
DA:320,0
DA:323,1
DA:324,4
DA:326,1
DA:327,3
DA:329,1
DA:330,3
DA:332,1
DA:333,2
DA:336,1
DA:337,1
LF:142
LH:131
BRDA:105,0,0,63
BRDA:111,1,0,21
BRDA:111,2,0,61
BRDA:111,3,0,42
BRDA:116,4,0,38
BRDA:118,5,0,2
BRDA:124,6,0,2
BRDA:148,7,0,45
BRDA:158,8,0,2
BRDA:169,9,0,1
BRDA:179,10,0,2
BRDA:187,11,0,26
BRDA:188,12,0,20
BRDA:210,13,0,9
BRDA:215,14,0,3
BRDA:215,15,0,6
BRDA:235,16,0,3
BRDA:238,17,0,0
BRDA:261,18,0,2
BRDA:264,19,0,2
BRDA:268,20,0,1
BRDA:271,21,0,1
BRDA:275,22,0,3
BRDA:278,23,0,1
BRDA:281,24,0,1
BRDA:284,25,0,1
BRDA:288,26,0,4
BRDA:291,27,0,6
BRDA:294,28,0,1
BRDA:323,29,0,4
BRDA:326,30,0,3
BRDA:329,31,0,3
BRDA:332,32,0,2
BRF:33
BRH:32
end_of_record
TN:
SF:src/lib/townage/midGameSave.ts
FN:18,getMidGameKey
FN:22,saveMidGame
FN:30,loadMidGame
FN:40,clearMidGame
FNF:4
FNH:4
FNDA:11,getMidGameKey
FNDA:4,saveMidGame
FNDA:6,loadMidGame
FNDA:1,clearMidGame
DA:18,11
DA:19,11
DA:20,11
DA:22,1
DA:23,4
DA:24,4
DA:25,4
DA:27,0
DA:28,4
DA:30,1
DA:31,6
DA:32,6
DA:33,6
DA:34,4
DA:35,6
DA:36,1
DA:37,1
DA:38,6
DA:40,1
DA:41,1
DA:42,1
LF:21
LH:20
BRDA:18,0,0,11
BRDA:22,1,0,4
BRDA:25,2,0,0
BRDA:30,3,0,6
BRDA:33,4,0,2
BRDA:33,5,0,4
BRDA:35,6,0,1
BRDA:40,7,0,1
BRF:8
BRH:7
end_of_record
TN:
SF:src/lib/townage/parseLotHash.ts
FN:15,parseLotHash
FNF:1
FNH:1
FNDA:19,parseLotHash
DA:6,1
DA:15,1
DA:16,19
DA:18,6
DA:19,6
DA:20,6
DA:21,10
DA:23,5
DA:25,5
DA:26,5
DA:27,4
DA:28,4
DA:29,4
DA:30,4
DA:31,3
DA:32,3
DA:33,19
DA:34,2
DA:35,2
DA:37,3
DA:38,10
DA:39,0
DA:40,0
DA:41,19
LF:24
LH:22
BRDA:15,0,0,19
BRDA:16,1,0,13
BRDA:16,2,0,10
BRDA:16,3,0,6
BRDA:21,4,0,1
BRDA:21,5,0,5
BRDA:26,6,0,4
BRDA:27,7,0,4
BRDA:28,8,0,4
BRDA:29,9,0,4
BRDA:30,10,0,3
BRDA:31,11,0,3
BRDA:33,12,0,10
BRDA:33,13,0,2
BRDA:35,14,0,3
BRDA:38,15,0,0
BRF:16
BRH:15
end_of_record
TN:
SF:src/lib/urlEncoding/compression.ts
FN:27,compressPayload
FN:57,decompressPayload
FN:105,getCompressionStats
FNF:3
FNH:3
FNDA:43,compressPayload
FNDA:36,decompressPayload
FNDA:5,getCompressionStats
DA:9,1
DA:13,1
DA:14,1
DA:27,1
DA:28,43
DA:29,43
DA:30,43
DA:33,43
DA:34,0
DA:35,0
DA:37,43
DA:38,43
DA:39,0
DA:40,0
DA:41,0
DA:42,43
DA:57,1
DA:58,36
DA:60,36
DA:61,36
DA:62,3
DA:63,3
DA:64,3
DA:67,33
DA:68,36
DA:69,2
DA:70,2
DA:71,2
DA:74,31
DA:75,31
DA:76,31
DA:77,36
DA:78,3
DA:79,3
DA:80,3
DA:83,28
DA:85,35
DA:86,26
DA:87,36
DA:89,2
DA:90,2
DA:91,2
DA:92,2
DA:93,36
DA:94,0
DA:95,0
DA:96,0
DA:97,36
DA:105,1
DA:109,5
DA:110,5
DA:111,5
DA:113,5
DA:114,5
DA:115,5
DA:116,5
DA:117,5
DA:118,5
LF:58
LH:50
BRDA:27,0,0,43
BRDA:33,1,0,0
BRDA:38,2,0,0
BRDA:57,3,0,36
BRDA:61,4,0,3
BRDA:64,5,0,33
BRDA:68,6,0,2
BRDA:71,7,0,31
BRDA:77,8,0,3
BRDA:80,9,0,35
BRDA:80,10,0,28
BRDA:85,11,0,26
BRDA:87,12,0,2
BRDA:93,13,0,0
BRDA:105,14,0,5
BRF:15
BRH:12
end_of_record
TN:
SF:src/lib/urlEncoding/divergenceDetection.ts
FN:1,(empty-report)
FNF:1
FNH:1
FNDA:1,(empty-report)
DA:41,0
DA:42,0
DA:43,0
DA:44,0
DA:46,0
DA:47,0
DA:48,0
DA:55,0
DA:56,0
DA:57,0
DA:58,0
DA:66,0
DA:67,0
DA:70,0
DA:71,0
DA:72,0
DA:73,0
DA:74,0
DA:82,0
DA:83,0
DA:87,0
DA:88,0
DA:105,0
DA:109,0
DA:110,0
DA:112,0
DA:113,0
DA:124,0
DA:126,0
DA:127,0
DA:128,0
DA:129,0
DA:130,0
DA:131,0
DA:134,0
DA:135,0
DA:136,0
DA:137,0
DA:138,0
DA:139,0
DA:140,0
DA:141,0
DA:143,0
DA:144,0
DA:145,0
DA:146,0
DA:147,0
DA:148,0
DA:151,0
DA:152,0
DA:153,0
DA:154,0
DA:155,0
DA:156,0
DA:158,0
DA:159,0
DA:167,0
DA:168,0
DA:169,0
DA:180,0
DA:189,0
DA:198,0
DA:204,0
DA:206,0
DA:207,0
LF:65
LH:0
BRDA:1,0,0,1
BRF:1
BRH:1
end_of_record
TN:
SF:src/lib/urlEncoding/playerNames.ts
FN:38,extractAndSaveOpponentName
FN:83,getOpponentName
FN:102,clearOpponentName
FNF:3
FNH:3
FNDA:6,extractAndSaveOpponentName
FNDA:6,getOpponentName
FNDA:3,clearOpponentName
DA:14,1
DA:38,1
DA:39,6
DA:40,6
DA:41,6
DA:42,6
DA:43,6
DA:45,5
DA:46,5
DA:48,5
DA:50,5
DA:52,1
DA:53,5
DA:55,4
DA:56,4
DA:60,5
DA:61,5
DA:62,5
DA:63,5
DA:64,5
DA:65,6
DA:66,0
DA:67,0
DA:68,6
DA:83,1
DA:84,6
DA:85,6
DA:86,6
DA:87,0
DA:88,0
DA:89,0
DA:90,6
DA:102,1
DA:103,3
DA:104,3
LF:35
LH:30
BRDA:38,0,0,6
BRDA:43,1,0,5
BRDA:50,2,0,1
BRDA:53,3,0,4
BRDA:65,4,0,0
BRDA:83,5,0,6
BRDA:86,6,0,0
BRDA:102,7,0,3
BRF:8
BRH:6
end_of_record
TN:
SF:src/lib/urlEncoding/urlBuilder.ts
FN:26,buildFullStateUrl
FN:57,buildCompleteUrl
FNF:2
FNH:2
FNDA:14,buildFullStateUrl
FNDA:4,buildCompleteUrl
DA:8,1
DA:26,1
DA:27,14
DA:28,14
DA:29,14
DA:30,14
DA:31,14
DA:32,14
DA:33,14
DA:34,14
DA:36,14
DA:37,14
DA:38,0
DA:39,0
DA:40,0
DA:42,14
DA:43,14
DA:57,1
DA:59,4
DA:62,4
DA:64,4
DA:65,4
LF:22
LH:19
BRDA:26,0,0,14
BRDA:33,1,0,5
BRDA:37,2,0,0
BRDA:57,3,0,4
BRDA:62,4,0,3
BRDA:62,5,0,1
BRF:6
BRH:5
end_of_record
TN:
SF:src/lib/urlEncoding/urlParser.ts
FN:28,computeChecksum
FN:81,parseUrlHash
FN:128,applyPayloadToEngine
FN:144,applyFullStatePayload
FN:200,extractOpponentName
FNF:5
FNH:5
FNDA:5,computeChecksum
FNDA:9,parseUrlHash
FNDA:5,applyPayloadToEngine
FNDA:5,applyFullStatePayload
FNDA:1,extractOpponentName
DA:12,1
DA:14,1
DA:28,5
DA:29,5
DA:30,5
DA:31,5
DA:32,5
DA:33,5
DA:34,5
DA:35,5
DA:36,2923
DA:37,2923
DA:38,2923
DA:39,2923
DA:40,5
DA:41,5
DA:81,1
DA:83,9
DA:85,9
DA:86,1
DA:87,1
DA:88,1
DA:89,1
DA:90,1
DA:93,8
DA:95,9
DA:96,1
DA:97,1
DA:98,1
DA:99,1
DA:100,1
DA:102,7
DA:103,7
DA:104,7
DA:105,7
DA:106,7
DA:128,1
DA:129,5
DA:130,5
DA:132,5
DA:133,5
DA:144,5
DA:145,5
DA:147,5
DA:150,5
DA:151,5
DA:152,5
DA:153,5
DA:154,5
DA:157,5
DA:158,1
DA:159,1
DA:160,1
DA:161,1
DA:162,1
DA:165,4
DA:168,5
DA:169,1
DA:170,1
DA:172,5
DA:173,1
DA:174,1
DA:175,1
DA:176,1
DA:177,1
DA:178,1
DA:180,3
DA:181,3
DA:182,3
DA:183,3
DA:184,5
DA:185,0
DA:186,0
DA:187,0
DA:188,0
DA:189,0
DA:190,5
DA:200,1
DA:202,1
DA:203,1
LF:80
LH:75
BRDA:28,0,0,5
BRDA:35,1,0,2923
BRDA:81,2,0,9
BRDA:83,3,0,7
BRDA:83,4,0,2
BRDA:85,5,0,1
BRDA:90,6,0,8
BRDA:95,7,0,1
BRDA:100,8,0,7
BRDA:128,9,0,5
BRDA:144,10,0,5
BRDA:157,11,0,1
BRDA:162,12,0,4
BRDA:168,13,0,1
BRDA:170,14,0,4
BRDA:172,15,0,1
BRDA:178,16,0,3
BRDA:184,17,0,0
BRDA:200,18,0,1
BRF:19
BRH:18
end_of_record
TN:
SF:src/lib/validation/schemas.ts
FN:236,validateGameState
FN:262,safeValidateGameState
FN:276,validatePiece
FN:286,safeValidatePiece
FNF:4
FNH:2
FNDA:3,validateGameState
FNDA:2,safeValidateGameState
FNDA:0,validatePiece
FNDA:0,safeValidatePiece
DA:13,1
DA:31,1
DA:38,1
DA:45,1
DA:57,1
DA:64,1
DA:77,1
DA:78,1
DA:79,1
DA:80,1
DA:93,1
DA:94,1
DA:95,1
DA:96,1
DA:97,1
DA:98,1
DA:99,1
DA:113,1
DA:114,1
DA:115,1
DA:116,1
DA:134,1
DA:135,1
DA:136,1
DA:137,1
DA:138,1
DA:139,1
DA:140,1
DA:141,1
DA:142,1
DA:143,1
DA:176,1
DA:177,1
DA:178,1
DA:181,1
DA:184,1
DA:185,1
DA:188,1
DA:189,1
DA:192,1
DA:193,1
DA:196,1
DA:197,1
DA:200,1
DA:201,1
DA:204,1
DA:207,1
DA:208,1
DA:236,1
DA:237,3
DA:238,3
DA:262,1
DA:263,2
DA:264,2
DA:265,2
DA:266,2
DA:276,1
DA:277,0
DA:278,0
DA:286,1
DA:287,0
DA:288,0
DA:289,0
DA:290,0
LF:64
LH:58
BRDA:236,0,0,3
BRDA:262,1,0,2
BRF:2
BRH:2
end_of_record
TN:
SF:src/types/aiAgents.ts
FN:1,(empty-report)
FNF:1
FNH:1
FNDA:1,(empty-report)
LF:0
LH:0
BRDA:1,0,0,1
BRF:1
BRH:1
end_of_record
TN:
SF:src/types/gameFlow.ts
FN:1,(empty-report)
FNF:1
FNH:1
FNDA:1,(empty-report)
LF:0
LH:0
BRDA:1,0,0,1
BRF:1
BRH:1
end_of_record
